{"contracts/5/balancer/MexaExchangeProxy.sol":{"l":{"50":0,"51":0,"55":0,"56":0,"57":0,"58":0,"65":0,"69":0,"70":0,"71":0,"86":0,"87":0,"88":0,"89":0,"90":0,"92":0,"93":0,"94":0,"96":0,"103":0,"105":0,"106":0,"107":0,"108":0,"122":0,"123":0,"124":0,"125":0,"126":0,"127":0,"128":0,"129":0,"131":0,"138":0,"140":0,"141":0,"142":0,"143":0,"156":0,"157":0,"158":0,"159":0,"160":0,"161":0,"162":0,"164":0,"171":0,"173":0,"174":0,"175":0,"176":0,"177":0,"178":0,"179":0,"181":0,"195":0,"196":0,"197":0,"198":0,"199":0,"200":0,"201":0,"203":0,"211":0,"213":0,"214":0,"215":0,"216":0,"217":0,"218":0,"219":0,"231":0,"232":0,"233":0,"234":0,"235":0,"236":0,"237":0,"239":0,"247":0,"249":0,"250":0,"251":0,"252":0,"253":0,"254":0,"256":0,"269":0,"270":0,"271":0,"272":0,"273":0,"274":0,"275":0,"277":0,"285":0,"287":0,"288":0,"289":0,"290":0,"291":0,"292":0,"293":0},"path":"/Users/sachintomar/github/mexa/contracts/5/balancer/MexaExchangeProxy.sol","s":{"1":0,"2":0,"3":0,"4":0,"5":0,"6":0,"7":0,"8":0,"9":0,"10":0,"11":0,"12":0,"13":0,"14":0,"15":0,"16":0,"17":0,"18":0,"19":0,"20":0,"21":0,"22":0,"23":0,"24":0,"25":0,"26":0,"27":0,"28":0,"29":0,"30":0,"31":0,"32":0,"33":0,"34":0,"35":0,"36":0,"37":0,"38":0,"39":0,"40":0,"41":0,"42":0,"43":0,"44":0,"45":0,"46":0,"47":0,"48":0,"49":0,"50":0,"51":0,"52":0,"53":0,"54":0,"55":0,"56":0,"57":0,"58":0,"59":0,"60":0,"61":0,"62":0,"63":0,"64":0,"65":0,"66":0,"67":0,"68":0,"69":0,"70":0,"71":0,"72":0,"73":0,"74":0,"75":0,"76":0,"77":0,"78":0,"79":0,"80":0,"81":0,"82":0,"83":0,"84":0,"85":0,"86":0,"87":0,"88":0,"89":0,"90":0,"91":0,"92":0,"93":0,"94":0,"95":0,"96":0,"97":0,"98":0,"99":0,"100":0,"101":0},"b":{"1":[0,0],"2":[0,0],"3":[0,0],"4":[0,0],"5":[0,0],"6":[0,0],"7":[0,0],"8":[0,0],"9":[0,0],"10":[0,0],"11":[0,0],"12":[0,0],"13":[0,0],"14":[0,0],"15":[0,0],"16":[0,0],"17":[0,0],"18":[0,0],"19":[0,0],"20":[0,0],"21":[0,0],"22":[0,0],"23":[0,0],"24":[0,0],"25":[0,0],"26":[0,0],"27":[0,0],"28":[0,0],"29":[0,0],"30":[0,0],"31":[0,0]},"f":{"1":0,"2":0,"3":0,"4":0,"5":0,"6":0,"7":0,"8":0,"9":0,"10":0,"11":0},"fnMap":{"1":{"name":"_logs_","line":49,"loc":{"start":{"line":49,"column":4},"end":{"line":52,"column":4}}},"2":{"name":"_lock_","line":54,"loc":{"start":{"line":54,"column":4},"end":{"line":59,"column":4}}},"3":{"name":"constructor","line":64,"loc":{"start":{"line":64,"column":4},"end":{"line":66,"column":4}}},"4":{"name":"add","line":68,"loc":{"start":{"line":68,"column":4},"end":{"line":72,"column":4}}},"5":{"name":"batchSwapExactIn","line":83,"loc":{"start":{"line":74,"column":4},"end":{"line":109,"column":4}}},"6":{"name":"batchSwapExactOut","line":119,"loc":{"start":{"line":111,"column":4},"end":{"line":144,"column":4}}},"7":{"name":"batchEthInSwapExactIn","line":153,"loc":{"start":{"line":146,"column":4},"end":{"line":182,"column":4}}},"8":{"name":"batchEthOutSwapExactIn","line":192,"loc":{"start":{"line":184,"column":4},"end":{"line":220,"column":4}}},"9":{"name":"batchEthInSwapExactOut","line":228,"loc":{"start":{"line":222,"column":4},"end":{"line":257,"column":4}}},"10":{"name":"batchEthOutSwapExactOut","line":266,"loc":{"start":{"line":259,"column":4},"end":{"line":294,"column":4}}},"11":{"name":"","line":296,"loc":{"start":{"line":296,"column":4},"end":{"line":296,"column":33}}}},"statementMap":{"1":{"start":{"line":50,"column":8},"end":{"line":50,"column":53}},"2":{"start":{"line":55,"column":8},"end":{"line":55,"column":38}},"3":{"start":{"line":56,"column":8},"end":{"line":56,"column":20}},"4":{"start":{"line":58,"column":8},"end":{"line":58,"column":21}},"5":{"start":{"line":65,"column":8},"end":{"line":65,"column":35}},"6":{"start":{"line":69,"column":8},"end":{"line":69,"column":22}},"7":{"start":{"line":70,"column":8},"end":{"line":70,"column":42}},"8":{"start":{"line":71,"column":8},"end":{"line":71,"column":16}},"9":{"start":{"line":86,"column":8},"end":{"line":86,"column":51}},"10":{"start":{"line":87,"column":8},"end":{"line":87,"column":52}},"11":{"start":{"line":88,"column":8},"end":{"line":88,"column":97}},"12":{"start":{"line":89,"column":8},"end":{"line":89,"column":2807}},"13":{"start":{"line":90,"column":12},"end":{"line":90,"column":39}},"14":{"start":{"line":92,"column":12},"end":{"line":92,"column":57}},"15":{"start":{"line":93,"column":12},"end":{"line":93,"column":2978}},"16":{"start":{"line":94,"column":16},"end":{"line":94,"column":46}},"17":{"start":{"line":96,"column":12},"end":{"line":96,"column":3140}},"18":{"start":{"line":103,"column":12},"end":{"line":103,"column":63}},"19":{"start":{"line":105,"column":8},"end":{"line":105,"column":68}},"20":{"start":{"line":106,"column":8},"end":{"line":106,"column":92}},"21":{"start":{"line":107,"column":8},"end":{"line":107,"column":92}},"22":{"start":{"line":108,"column":8},"end":{"line":108,"column":29}},"23":{"start":{"line":122,"column":8},"end":{"line":122,"column":51}},"24":{"start":{"line":123,"column":8},"end":{"line":123,"column":52}},"25":{"start":{"line":124,"column":8},"end":{"line":124,"column":100}},"26":{"start":{"line":125,"column":8},"end":{"line":125,"column":4300}},"27":{"start":{"line":126,"column":12},"end":{"line":126,"column":39}},"28":{"start":{"line":127,"column":12},"end":{"line":127,"column":57}},"29":{"start":{"line":128,"column":12},"end":{"line":128,"column":4458}},"30":{"start":{"line":129,"column":16},"end":{"line":129,"column":46}},"31":{"start":{"line":131,"column":12},"end":{"line":131,"column":4623}},"32":{"start":{"line":138,"column":12},"end":{"line":138,"column":60}},"33":{"start":{"line":140,"column":8},"end":{"line":140,"column":65}},"34":{"start":{"line":141,"column":8},"end":{"line":141,"column":92}},"35":{"start":{"line":142,"column":8},"end":{"line":142,"column":92}},"36":{"start":{"line":143,"column":8},"end":{"line":143,"column":28}},"37":{"start":{"line":156,"column":8},"end":{"line":156,"column":52}},"38":{"start":{"line":157,"column":8},"end":{"line":157,"column":36}},"39":{"start":{"line":158,"column":8},"end":{"line":158,"column":5650}},"40":{"start":{"line":159,"column":12},"end":{"line":159,"column":39}},"41":{"start":{"line":160,"column":12},"end":{"line":160,"column":57}},"42":{"start":{"line":161,"column":12},"end":{"line":161,"column":5808}},"43":{"start":{"line":162,"column":16},"end":{"line":162,"column":48}},"44":{"start":{"line":164,"column":12},"end":{"line":164,"column":5970}},"45":{"start":{"line":171,"column":12},"end":{"line":171,"column":63}},"46":{"start":{"line":173,"column":8},"end":{"line":173,"column":68}},"47":{"start":{"line":174,"column":8},"end":{"line":174,"column":92}},"48":{"start":{"line":175,"column":8},"end":{"line":175,"column":56}},"49":{"start":{"line":176,"column":8},"end":{"line":176,"column":6615}},"50":{"start":{"line":177,"column":12},"end":{"line":177,"column":37}},"51":{"start":{"line":178,"column":12},"end":{"line":178,"column":66}},"52":{"start":{"line":179,"column":12},"end":{"line":179,"column":42}},"53":{"start":{"line":181,"column":8},"end":{"line":181,"column":29}},"54":{"start":{"line":195,"column":8},"end":{"line":195,"column":51}},"55":{"start":{"line":196,"column":8},"end":{"line":196,"column":97}},"56":{"start":{"line":197,"column":8},"end":{"line":197,"column":7245}},"57":{"start":{"line":198,"column":12},"end":{"line":198,"column":39}},"58":{"start":{"line":199,"column":12},"end":{"line":199,"column":57}},"59":{"start":{"line":200,"column":12},"end":{"line":200,"column":7403}},"60":{"start":{"line":201,"column":16},"end":{"line":201,"column":46}},"61":{"start":{"line":203,"column":12},"end":{"line":203,"column":7565}},"62":{"start":{"line":211,"column":12},"end":{"line":211,"column":63}},"63":{"start":{"line":213,"column":8},"end":{"line":213,"column":68}},"64":{"start":{"line":214,"column":8},"end":{"line":214,"column":56}},"65":{"start":{"line":215,"column":8},"end":{"line":215,"column":33}},"66":{"start":{"line":216,"column":8},"end":{"line":216,"column":62}},"67":{"start":{"line":217,"column":8},"end":{"line":217,"column":38}},"68":{"start":{"line":218,"column":8},"end":{"line":218,"column":92}},"69":{"start":{"line":219,"column":8},"end":{"line":219,"column":29}},"70":{"start":{"line":231,"column":8},"end":{"line":231,"column":52}},"71":{"start":{"line":232,"column":8},"end":{"line":232,"column":36}},"72":{"start":{"line":233,"column":8},"end":{"line":233,"column":8677}},"73":{"start":{"line":234,"column":12},"end":{"line":234,"column":39}},"74":{"start":{"line":235,"column":12},"end":{"line":235,"column":57}},"75":{"start":{"line":236,"column":12},"end":{"line":236,"column":8835}},"76":{"start":{"line":237,"column":16},"end":{"line":237,"column":48}},"77":{"start":{"line":239,"column":12},"end":{"line":239,"column":8997}},"78":{"start":{"line":247,"column":12},"end":{"line":247,"column":60}},"79":{"start":{"line":249,"column":8},"end":{"line":249,"column":92}},"80":{"start":{"line":250,"column":8},"end":{"line":250,"column":56}},"81":{"start":{"line":251,"column":8},"end":{"line":251,"column":9569}},"82":{"start":{"line":252,"column":12},"end":{"line":252,"column":37}},"83":{"start":{"line":253,"column":12},"end":{"line":253,"column":66}},"84":{"start":{"line":254,"column":12},"end":{"line":254,"column":42}},"85":{"start":{"line":256,"column":8},"end":{"line":256,"column":28}},"86":{"start":{"line":269,"column":8},"end":{"line":269,"column":51}},"87":{"start":{"line":270,"column":8},"end":{"line":270,"column":100}},"88":{"start":{"line":271,"column":8},"end":{"line":271,"column":10172}},"89":{"start":{"line":272,"column":12},"end":{"line":272,"column":39}},"90":{"start":{"line":273,"column":12},"end":{"line":273,"column":57}},"91":{"start":{"line":274,"column":12},"end":{"line":274,"column":10330}},"92":{"start":{"line":275,"column":16},"end":{"line":275,"column":46}},"93":{"start":{"line":277,"column":12},"end":{"line":277,"column":10495}},"94":{"start":{"line":285,"column":12},"end":{"line":285,"column":60}},"95":{"start":{"line":287,"column":8},"end":{"line":287,"column":65}},"96":{"start":{"line":288,"column":8},"end":{"line":288,"column":92}},"97":{"start":{"line":289,"column":8},"end":{"line":289,"column":56}},"98":{"start":{"line":290,"column":8},"end":{"line":290,"column":33}},"99":{"start":{"line":291,"column":8},"end":{"line":291,"column":62}},"100":{"start":{"line":292,"column":8},"end":{"line":292,"column":38}},"101":{"start":{"line":293,"column":8},"end":{"line":293,"column":28}}},"branchMap":{"1":{"line":55,"type":"if","locations":[{"start":{"line":55,"column":8},"end":{"line":55,"column":8}},{"start":{"line":55,"column":8},"end":{"line":55,"column":8}}]},"2":{"line":70,"type":"if","locations":[{"start":{"line":70,"column":8},"end":{"line":70,"column":8}},{"start":{"line":70,"column":8},"end":{"line":70,"column":8}}]},"3":{"line":88,"type":"if","locations":[{"start":{"line":88,"column":8},"end":{"line":88,"column":8}},{"start":{"line":88,"column":8},"end":{"line":88,"column":8}}]},"4":{"line":93,"type":"if","locations":[{"start":{"line":93,"column":12},"end":{"line":93,"column":12}},{"start":{"line":93,"column":12},"end":{"line":93,"column":12}}]},"5":{"line":105,"type":"if","locations":[{"start":{"line":105,"column":8},"end":{"line":105,"column":8}},{"start":{"line":105,"column":8},"end":{"line":105,"column":8}}]},"6":{"line":106,"type":"if","locations":[{"start":{"line":106,"column":8},"end":{"line":106,"column":8}},{"start":{"line":106,"column":8},"end":{"line":106,"column":8}}]},"7":{"line":107,"type":"if","locations":[{"start":{"line":107,"column":8},"end":{"line":107,"column":8}},{"start":{"line":107,"column":8},"end":{"line":107,"column":8}}]},"8":{"line":124,"type":"if","locations":[{"start":{"line":124,"column":8},"end":{"line":124,"column":8}},{"start":{"line":124,"column":8},"end":{"line":124,"column":8}}]},"9":{"line":128,"type":"if","locations":[{"start":{"line":128,"column":12},"end":{"line":128,"column":12}},{"start":{"line":128,"column":12},"end":{"line":128,"column":12}}]},"10":{"line":140,"type":"if","locations":[{"start":{"line":140,"column":8},"end":{"line":140,"column":8}},{"start":{"line":140,"column":8},"end":{"line":140,"column":8}}]},"11":{"line":141,"type":"if","locations":[{"start":{"line":141,"column":8},"end":{"line":141,"column":8}},{"start":{"line":141,"column":8},"end":{"line":141,"column":8}}]},"12":{"line":142,"type":"if","locations":[{"start":{"line":142,"column":8},"end":{"line":142,"column":8}},{"start":{"line":142,"column":8},"end":{"line":142,"column":8}}]},"13":{"line":161,"type":"if","locations":[{"start":{"line":161,"column":12},"end":{"line":161,"column":12}},{"start":{"line":161,"column":12},"end":{"line":161,"column":12}}]},"14":{"line":173,"type":"if","locations":[{"start":{"line":173,"column":8},"end":{"line":173,"column":8}},{"start":{"line":173,"column":8},"end":{"line":173,"column":8}}]},"15":{"line":174,"type":"if","locations":[{"start":{"line":174,"column":8},"end":{"line":174,"column":8}},{"start":{"line":174,"column":8},"end":{"line":174,"column":8}}]},"16":{"line":176,"type":"if","locations":[{"start":{"line":176,"column":8},"end":{"line":176,"column":8}},{"start":{"line":176,"column":8},"end":{"line":176,"column":8}}]},"17":{"line":179,"type":"if","locations":[{"start":{"line":179,"column":12},"end":{"line":179,"column":12}},{"start":{"line":179,"column":12},"end":{"line":179,"column":12}}]},"18":{"line":196,"type":"if","locations":[{"start":{"line":196,"column":8},"end":{"line":196,"column":8}},{"start":{"line":196,"column":8},"end":{"line":196,"column":8}}]},"19":{"line":200,"type":"if","locations":[{"start":{"line":200,"column":12},"end":{"line":200,"column":12}},{"start":{"line":200,"column":12},"end":{"line":200,"column":12}}]},"20":{"line":213,"type":"if","locations":[{"start":{"line":213,"column":8},"end":{"line":213,"column":8}},{"start":{"line":213,"column":8},"end":{"line":213,"column":8}}]},"21":{"line":217,"type":"if","locations":[{"start":{"line":217,"column":8},"end":{"line":217,"column":8}},{"start":{"line":217,"column":8},"end":{"line":217,"column":8}}]},"22":{"line":218,"type":"if","locations":[{"start":{"line":218,"column":8},"end":{"line":218,"column":8}},{"start":{"line":218,"column":8},"end":{"line":218,"column":8}}]},"23":{"line":236,"type":"if","locations":[{"start":{"line":236,"column":12},"end":{"line":236,"column":12}},{"start":{"line":236,"column":12},"end":{"line":236,"column":12}}]},"24":{"line":249,"type":"if","locations":[{"start":{"line":249,"column":8},"end":{"line":249,"column":8}},{"start":{"line":249,"column":8},"end":{"line":249,"column":8}}]},"25":{"line":251,"type":"if","locations":[{"start":{"line":251,"column":8},"end":{"line":251,"column":8}},{"start":{"line":251,"column":8},"end":{"line":251,"column":8}}]},"26":{"line":254,"type":"if","locations":[{"start":{"line":254,"column":12},"end":{"line":254,"column":12}},{"start":{"line":254,"column":12},"end":{"line":254,"column":12}}]},"27":{"line":270,"type":"if","locations":[{"start":{"line":270,"column":8},"end":{"line":270,"column":8}},{"start":{"line":270,"column":8},"end":{"line":270,"column":8}}]},"28":{"line":274,"type":"if","locations":[{"start":{"line":274,"column":12},"end":{"line":274,"column":12}},{"start":{"line":274,"column":12},"end":{"line":274,"column":12}}]},"29":{"line":287,"type":"if","locations":[{"start":{"line":287,"column":8},"end":{"line":287,"column":8}},{"start":{"line":287,"column":8},"end":{"line":287,"column":8}}]},"30":{"line":288,"type":"if","locations":[{"start":{"line":288,"column":8},"end":{"line":288,"column":8}},{"start":{"line":288,"column":8},"end":{"line":288,"column":8}}]},"31":{"line":292,"type":"if","locations":[{"start":{"line":292,"column":8},"end":{"line":292,"column":8}},{"start":{"line":292,"column":8},"end":{"line":292,"column":8}}]}}},"contracts/5/BasicMetaTransaction.sol":{"l":{"14":0,"33":0,"34":0,"37":0,"39":0,"40":0,"41":0,"46":0,"52":0,"53":0,"54":0,"55":0,"59":0,"60":0,"61":0,"62":0,"67":0},"path":"/Users/sachintomar/github/mexa/contracts/5/BasicMetaTransaction.sol","s":{"1":0,"2":0,"3":0,"4":0,"5":0,"6":0,"7":0,"8":0,"9":0,"10":0,"11":0,"12":0,"13":0,"14":0,"15":0},"b":{"1":[0,0],"2":[0,0],"3":[0,0],"4":[0,0]},"f":{"1":0,"2":0,"3":0,"4":0,"5":0},"fnMap":{"1":{"name":"getChainID","line":13,"loc":{"start":{"line":13,"column":4},"end":{"line":17,"column":4}}},"2":{"name":"executeMetaTransaction","line":30,"loc":{"start":{"line":30,"column":4},"end":{"line":42,"column":4}}},"3":{"name":"prefixed","line":45,"loc":{"start":{"line":45,"column":4},"end":{"line":47,"column":4}}},"4":{"name":"verify","line":49,"loc":{"start":{"line":49,"column":4},"end":{"line":56,"column":4}}},"5":{"name":"msgSender","line":58,"loc":{"start":{"line":58,"column":4},"end":{"line":69,"column":4}}}},"statementMap":{"1":{"start":{"line":33,"column":8},"end":{"line":33,"column":144}},"2":{"start":{"line":34,"column":8},"end":{"line":34,"column":55}},"3":{"start":{"line":37,"column":8},"end":{"line":37,"column":118}},"4":{"start":{"line":39,"column":8},"end":{"line":39,"column":55}},"5":{"start":{"line":40,"column":8},"end":{"line":40,"column":80}},"6":{"start":{"line":41,"column":8},"end":{"line":41,"column":25}},"7":{"start":{"line":46,"column":8},"end":{"line":46,"column":84}},"8":{"start":{"line":52,"column":8},"end":{"line":52,"column":101}},"9":{"start":{"line":53,"column":8},"end":{"line":53,"column":58}},"10":{"start":{"line":54,"column":8},"end":{"line":54,"column":57}},"11":{"start":{"line":55,"column":2},"end":{"line":55,"column":26}},"12":{"start":{"line":59,"column":8},"end":{"line":59,"column":2560}},"13":{"start":{"line":60,"column":12},"end":{"line":60,"column":41}},"14":{"start":{"line":61,"column":12},"end":{"line":61,"column":43}},"15":{"start":{"line":67,"column":12},"end":{"line":67,"column":29}}},"branchMap":{"1":{"line":33,"type":"if","locations":[{"start":{"line":33,"column":8},"end":{"line":33,"column":8}},{"start":{"line":33,"column":8},"end":{"line":33,"column":8}}]},"2":{"line":39,"type":"if","locations":[{"start":{"line":39,"column":8},"end":{"line":39,"column":8}},{"start":{"line":39,"column":8},"end":{"line":39,"column":8}}]},"3":{"line":54,"type":"if","locations":[{"start":{"line":54,"column":8},"end":{"line":54,"column":8}},{"start":{"line":54,"column":8},"end":{"line":54,"column":8}}]},"4":{"line":59,"type":"if","locations":[{"start":{"line":59,"column":8},"end":{"line":59,"column":8}},{"start":{"line":59,"column":8},"end":{"line":59,"column":8}}]}}},"contracts/5/dsproxy/dsProxy.sol":{"l":{"37":0,"38":0,"45":0,"46":0,"53":0,"54":0,"58":0,"59":0,"63":0,"64":0,"66":0,"68":0,"70":0,"86":0,"87":0,"88":0,"90":0,"96":0,"98":0,"116":0,"128":0,"129":0,"131":0,"134":0,"144":0,"147":0,"171":0,"172":0,"173":0,"186":0,"192":0,"198":0,"199":0,"200":0,"201":0,"219":0,"220":0,"224":0,"232":0,"233":0},"path":"/Users/sachintomar/github/mexa/contracts/5/dsproxy/dsProxy.sol","s":{"1":0,"2":0,"3":0,"4":0,"5":0,"6":0,"7":0,"8":0,"9":0,"10":0,"11":0,"12":0,"13":0,"14":0,"15":0,"16":0,"17":0,"18":0,"19":0,"20":0,"21":0,"22":0,"23":0,"24":0,"25":0,"26":0,"27":0,"28":0,"29":0,"30":0,"31":0,"32":0,"33":0,"34":0,"35":0,"36":0,"37":0},"b":{"1":[0,0],"2":[0,0],"3":[0,0],"4":[0,0],"5":[0,0],"6":[0,0],"7":[0,0]},"f":{"1":0,"2":0,"3":0,"4":0,"5":0,"6":0,"7":0,"8":0,"9":0,"10":0,"11":0,"12":0,"13":0,"14":0,"15":0,"16":0},"fnMap":{"1":{"name":"constructor","line":36,"loc":{"start":{"line":36,"column":4},"end":{"line":39,"column":4}}},"2":{"name":"setOwner","line":43,"loc":{"start":{"line":41,"column":4},"end":{"line":47,"column":4}}},"3":{"name":"setAuthority","line":51,"loc":{"start":{"line":49,"column":4},"end":{"line":55,"column":4}}},"4":{"name":"auth","line":57,"loc":{"start":{"line":57,"column":4},"end":{"line":60,"column":4}}},"5":{"name":"isAuthorized","line":62,"loc":{"start":{"line":62,"column":4},"end":{"line":72,"column":4}}},"6":{"name":"note","line":85,"loc":{"start":{"line":85,"column":4},"end":{"line":99,"column":4}}},"7":{"name":"constructor","line":115,"loc":{"start":{"line":115,"column":4},"end":{"line":117,"column":4}}},"8":{"name":"","line":119,"loc":{"start":{"line":119,"column":4},"end":{"line":120,"column":4}}},"9":{"name":"execute","line":123,"loc":{"start":{"line":123,"column":4},"end":{"line":135,"column":4}}},"10":{"name":"execute","line":140,"loc":{"start":{"line":137,"column":4},"end":{"line":162,"column":4}}},"11":{"name":"setCache","line":168,"loc":{"start":{"line":165,"column":4},"end":{"line":174,"column":4}}},"12":{"name":"constructor","line":185,"loc":{"start":{"line":185,"column":4},"end":{"line":187,"column":4}}},"13":{"name":"build","line":191,"loc":{"start":{"line":191,"column":4},"end":{"line":193,"column":4}}},"14":{"name":"build","line":197,"loc":{"start":{"line":197,"column":4},"end":{"line":202,"column":4}}},"15":{"name":"read","line":218,"loc":{"start":{"line":218,"column":4},"end":{"line":221,"column":4}}},"16":{"name":"write","line":223,"loc":{"start":{"line":223,"column":4},"end":{"line":234,"column":4}}}},"statementMap":{"1":{"start":{"line":37,"column":8},"end":{"line":37,"column":25}},"2":{"start":{"line":38,"column":8},"end":{"line":38,"column":36}},"3":{"start":{"line":45,"column":8},"end":{"line":45,"column":21}},"4":{"start":{"line":46,"column":8},"end":{"line":46,"column":31}},"5":{"start":{"line":53,"column":8},"end":{"line":53,"column":29}},"6":{"start":{"line":54,"column":8},"end":{"line":54,"column":48}},"7":{"start":{"line":58,"column":8},"end":{"line":58,"column":73}},"8":{"start":{"line":63,"column":8},"end":{"line":63,"column":1766}},"9":{"start":{"line":64,"column":12},"end":{"line":64,"column":23}},"10":{"start":{"line":65,"column":15},"end":{"line":65,"column":1834}},"11":{"start":{"line":66,"column":12},"end":{"line":66,"column":23}},"12":{"start":{"line":67,"column":15},"end":{"line":67,"column":1894}},"13":{"start":{"line":68,"column":12},"end":{"line":68,"column":24}},"14":{"start":{"line":70,"column":12},"end":{"line":70,"column":61}},"15":{"start":{"line":86,"column":8},"end":{"line":86,"column":19}},"16":{"start":{"line":87,"column":8},"end":{"line":87,"column":19}},"17":{"start":{"line":88,"column":8},"end":{"line":88,"column":19}},"18":{"start":{"line":98,"column":8},"end":{"line":98,"column":66}},"19":{"start":{"line":116,"column":8},"end":{"line":116,"column":27}},"20":{"start":{"line":128,"column":8},"end":{"line":128,"column":33}},"21":{"start":{"line":129,"column":8},"end":{"line":129,"column":3330}},"22":{"start":{"line":131,"column":12},"end":{"line":131,"column":38}},"23":{"start":{"line":134,"column":8},"end":{"line":134,"column":40}},"24":{"start":{"line":144,"column":8},"end":{"line":144,"column":73}},"25":{"start":{"line":171,"column":8},"end":{"line":171,"column":75}},"26":{"start":{"line":172,"column":8},"end":{"line":172,"column":39}},"27":{"start":{"line":173,"column":8},"end":{"line":173,"column":19}},"28":{"start":{"line":186,"column":8},"end":{"line":186,"column":33}},"29":{"start":{"line":192,"column":8},"end":{"line":192,"column":32}},"30":{"start":{"line":198,"column":8},"end":{"line":198,"column":51}},"31":{"start":{"line":199,"column":8},"end":{"line":199,"column":71}},"32":{"start":{"line":200,"column":8},"end":{"line":200,"column":37}},"33":{"start":{"line":201,"column":8},"end":{"line":201,"column":28}},"34":{"start":{"line":219,"column":8},"end":{"line":219,"column":39}},"35":{"start":{"line":220,"column":8},"end":{"line":220,"column":26}},"36":{"start":{"line":232,"column":8},"end":{"line":232,"column":39}},"37":{"start":{"line":233,"column":8},"end":{"line":233,"column":27}}},"branchMap":{"1":{"line":58,"type":"if","locations":[{"start":{"line":58,"column":8},"end":{"line":58,"column":8}},{"start":{"line":58,"column":8},"end":{"line":58,"column":8}}]},"2":{"line":63,"type":"if","locations":[{"start":{"line":63,"column":8},"end":{"line":63,"column":8}},{"start":{"line":63,"column":8},"end":{"line":63,"column":8}}]},"3":{"line":65,"type":"if","locations":[{"start":{"line":65,"column":15},"end":{"line":65,"column":15}},{"start":{"line":65,"column":15},"end":{"line":65,"column":15}}]},"4":{"line":67,"type":"if","locations":[{"start":{"line":67,"column":15},"end":{"line":67,"column":15}},{"start":{"line":67,"column":15},"end":{"line":67,"column":15}}]},"5":{"line":129,"type":"if","locations":[{"start":{"line":129,"column":8},"end":{"line":129,"column":8}},{"start":{"line":129,"column":8},"end":{"line":129,"column":8}}]},"6":{"line":144,"type":"if","locations":[{"start":{"line":144,"column":8},"end":{"line":144,"column":8}},{"start":{"line":144,"column":8},"end":{"line":144,"column":8}}]},"7":{"line":171,"type":"if","locations":[{"start":{"line":171,"column":8},"end":{"line":171,"column":8}},{"start":{"line":171,"column":8},"end":{"line":171,"column":8}}]}}},"contracts/5/dsproxy/MexaDSProxyFactory.sol":{"l":{"25":0,"39":0,"40":0,"45":0,"47":0,"55":0,"56":0,"57":0,"58":0,"60":0,"62":0,"66":0,"70":0,"71":0,"72":0,"73":0,"74":0},"path":"/Users/sachintomar/github/mexa/contracts/5/dsproxy/MexaDSProxyFactory.sol","s":{"1":0,"2":0,"3":0,"4":0,"5":0,"6":0,"7":0,"8":0,"9":0,"10":0,"11":0,"12":0,"13":0,"14":0,"15":0},"b":{"1":[0,0],"2":[0,0],"3":[0,0],"4":[0,0]},"f":{"1":0,"2":0,"3":0,"4":0},"fnMap":{"1":{"name":"metaBuild","line":23,"loc":{"start":{"line":23,"column":4},"end":{"line":49,"column":4}}},"2":{"name":"metaBuildWithBasicSign","line":52,"loc":{"start":{"line":52,"column":4},"end":{"line":63,"column":4}}},"3":{"name":"prefixed","line":65,"loc":{"start":{"line":65,"column":4},"end":{"line":67,"column":4}}},"4":{"name":"_authorityBuild","line":69,"loc":{"start":{"line":69,"column":4},"end":{"line":75,"column":4}}}},"statementMap":{"1":{"start":{"line":25,"column":8},"end":{"line":25,"column":811}},"2":{"start":{"line":39,"column":8},"end":{"line":39,"column":57}},"3":{"start":{"line":40,"column":8},"end":{"line":40,"column":1278}},"4":{"start":{"line":47,"column":8},"end":{"line":47,"column":48}},"5":{"start":{"line":55,"column":8},"end":{"line":55,"column":116}},"6":{"start":{"line":56,"column":8},"end":{"line":56,"column":79}},"7":{"start":{"line":57,"column":8},"end":{"line":57,"column":57}},"8":{"start":{"line":58,"column":8},"end":{"line":58,"column":53}},"9":{"start":{"line":62,"column":8},"end":{"line":62,"column":48}},"10":{"start":{"line":66,"column":8},"end":{"line":66,"column":84}},"11":{"start":{"line":70,"column":8},"end":{"line":70,"column":51}},"12":{"start":{"line":71,"column":8},"end":{"line":71,"column":72}},"13":{"start":{"line":72,"column":8},"end":{"line":72,"column":58}},"14":{"start":{"line":73,"column":8},"end":{"line":73,"column":38}},"15":{"start":{"line":74,"column":8},"end":{"line":74,"column":28}}},"branchMap":{"1":{"line":39,"type":"if","locations":[{"start":{"line":39,"column":8},"end":{"line":39,"column":8}},{"start":{"line":39,"column":8},"end":{"line":39,"column":8}}]},"2":{"line":40,"type":"if","locations":[{"start":{"line":40,"column":8},"end":{"line":40,"column":8}},{"start":{"line":40,"column":8},"end":{"line":40,"column":8}}]},"3":{"line":57,"type":"if","locations":[{"start":{"line":57,"column":8},"end":{"line":57,"column":8}},{"start":{"line":57,"column":8},"end":{"line":57,"column":8}}]},"4":{"line":58,"type":"if","locations":[{"start":{"line":58,"column":8},"end":{"line":58,"column":8}},{"start":{"line":58,"column":8},"end":{"line":58,"column":8}}]}}},"contracts/5/EternalStorage.sol":{"l":{},"path":"/Users/sachintomar/github/mexa/contracts/5/EternalStorage.sol","s":{},"b":{},"f":{},"fnMap":{},"statementMap":{},"branchMap":{}},"contracts/5/IdentityProxy.sol":{"l":{"10":0,"14":0,"18":0,"19":0,"20":0,"27":0,"31":0,"35":0,"39":0,"43":0,"47":0,"48":0,"49":0,"53":0,"57":0,"58":0,"60":0,"64":0,"65":0,"66":0},"path":"/Users/sachintomar/github/mexa/contracts/5/IdentityProxy.sol","s":{"1":0,"2":0,"3":0,"4":0,"5":0,"6":0,"7":0,"8":0,"9":0,"10":0,"11":0,"12":0,"13":0,"14":0,"15":0,"16":0,"17":0,"18":0},"b":{"1":[0,0],"2":[0,0],"3":[0,0],"4":[0,0],"5":[0,0],"6":[0,0]},"f":{"1":0,"2":0,"3":0,"4":0,"5":0,"6":0,"7":0,"8":0},"fnMap":{"1":{"name":"onlyOwnerOrManager","line":9,"loc":{"start":{"line":9,"column":4},"end":{"line":15,"column":4}}},"2":{"name":"constructor","line":17,"loc":{"start":{"line":17,"column":4},"end":{"line":21,"column":4}}},"3":{"name":"updateImplementation","line":25,"loc":{"start":{"line":23,"column":4},"end":{"line":32,"column":4}}},"4":{"name":"getCreator","line":34,"loc":{"start":{"line":34,"column":4},"end":{"line":36,"column":4}}},"5":{"name":"getManager","line":38,"loc":{"start":{"line":38,"column":4},"end":{"line":40,"column":4}}},"6":{"name":"changeManager","line":42,"loc":{"start":{"line":42,"column":4},"end":{"line":50,"column":4}}},"7":{"name":"getNonce","line":52,"loc":{"start":{"line":52,"column":4},"end":{"line":54,"column":4}}},"8":{"name":"","line":56,"loc":{"start":{"line":56,"column":4},"end":{"line":82,"column":4}}}},"statementMap":{"1":{"start":{"line":10,"column":8},"end":{"line":10,"column":259}},"2":{"start":{"line":18,"column":8},"end":{"line":18,"column":27}},"3":{"start":{"line":19,"column":8},"end":{"line":19,"column":27}},"4":{"start":{"line":20,"column":8},"end":{"line":20,"column":39}},"5":{"start":{"line":27,"column":8},"end":{"line":27,"column":705}},"6":{"start":{"line":31,"column":8},"end":{"line":31,"column":42}},"7":{"start":{"line":35,"column":8},"end":{"line":35,"column":22}},"8":{"start":{"line":39,"column":8},"end":{"line":39,"column":22}},"9":{"start":{"line":43,"column":8},"end":{"line":43,"column":1128}},"10":{"start":{"line":47,"column":8},"end":{"line":47,"column":36}},"11":{"start":{"line":48,"column":8},"end":{"line":48,"column":27}},"12":{"start":{"line":49,"column":8},"end":{"line":49,"column":51}},"13":{"start":{"line":53,"column":8},"end":{"line":53,"column":34}},"14":{"start":{"line":57,"column":8},"end":{"line":57,"column":1520}},"15":{"start":{"line":58,"column":12},"end":{"line":58,"column":48}},"16":{"start":{"line":60,"column":12},"end":{"line":60,"column":1631}},"17":{"start":{"line":64,"column":12},"end":{"line":64,"column":41}},"18":{"start":{"line":65,"column":12},"end":{"line":65,"column":38}}},"branchMap":{"1":{"line":10,"type":"if","locations":[{"start":{"line":10,"column":8},"end":{"line":10,"column":8}},{"start":{"line":10,"column":8},"end":{"line":10,"column":8}}]},"2":{"line":27,"type":"if","locations":[{"start":{"line":27,"column":8},"end":{"line":27,"column":8}},{"start":{"line":27,"column":8},"end":{"line":27,"column":8}}]},"3":{"line":43,"type":"if","locations":[{"start":{"line":43,"column":8},"end":{"line":43,"column":8}},{"start":{"line":43,"column":8},"end":{"line":43,"column":8}}]},"4":{"line":57,"type":"if","locations":[{"start":{"line":57,"column":8},"end":{"line":57,"column":8}},{"start":{"line":57,"column":8},"end":{"line":57,"column":8}}]},"5":{"line":60,"type":"if","locations":[{"start":{"line":60,"column":12},"end":{"line":60,"column":12}},{"start":{"line":60,"column":12},"end":{"line":60,"column":12}}]},"6":{"line":65,"type":"if","locations":[{"start":{"line":65,"column":12},"end":{"line":65,"column":12}},{"start":{"line":65,"column":12},"end":{"line":65,"column":12}}]}}},"contracts/5/ImplementationLogic.sol":{"l":{"11":0,"15":0,"25":0,"29":0,"30":0,"40":0,"44":0,"65":0,"69":0,"70":0,"71":0},"path":"/Users/sachintomar/github/mexa/contracts/5/ImplementationLogic.sol","s":{"1":0,"2":0,"3":0,"4":0,"5":0,"6":0,"7":0,"8":0,"9":0},"b":{"1":[0,0],"2":[0,0],"3":[0,0],"4":[0,0]},"f":{"1":0,"2":0,"3":0,"4":0},"fnMap":{"1":{"name":"onlyOwnerOrManager","line":10,"loc":{"start":{"line":10,"column":4},"end":{"line":16,"column":4}}},"2":{"name":"forward","line":24,"loc":{"start":{"line":18,"column":4},"end":{"line":31,"column":4}}},"3":{"name":"executeCall","line":34,"loc":{"start":{"line":34,"column":4},"end":{"line":59,"column":4}}},"4":{"name":"withdraw","line":63,"loc":{"start":{"line":61,"column":4},"end":{"line":72,"column":4}}}},"statementMap":{"1":{"start":{"line":11,"column":8},"end":{"line":11,"column":273}},"2":{"start":{"line":25,"column":8},"end":{"line":25,"column":620}},"3":{"start":{"line":29,"column":8},"end":{"line":29,"column":55}},"4":{"start":{"line":30,"column":8},"end":{"line":30,"column":49}},"5":{"start":{"line":40,"column":8},"end":{"line":40,"column":1122}},"6":{"start":{"line":65,"column":8},"end":{"line":65,"column":1734}},"7":{"start":{"line":69,"column":8},"end":{"line":69,"column":32}},"8":{"start":{"line":70,"column":8},"end":{"line":70,"column":55}},"9":{"start":{"line":71,"column":8},"end":{"line":71,"column":39}}},"branchMap":{"1":{"line":11,"type":"if","locations":[{"start":{"line":11,"column":8},"end":{"line":11,"column":8}},{"start":{"line":11,"column":8},"end":{"line":11,"column":8}}]},"2":{"line":25,"type":"if","locations":[{"start":{"line":25,"column":8},"end":{"line":25,"column":8}},{"start":{"line":25,"column":8},"end":{"line":25,"column":8}}]},"3":{"line":40,"type":"if","locations":[{"start":{"line":40,"column":8},"end":{"line":40,"column":8}},{"start":{"line":40,"column":8},"end":{"line":40,"column":8}}]},"4":{"line":65,"type":"if","locations":[{"start":{"line":65,"column":8},"end":{"line":65,"column":8}},{"start":{"line":65,"column":8},"end":{"line":65,"column":8}}]}}},"contracts/5/libs/EIP712Base.sol":{"l":{"20":0,"32":0,"38":0,"53":0},"path":"/Users/sachintomar/github/mexa/contracts/5/libs/EIP712Base.sol","s":{"1":0,"2":0,"3":0},"b":{},"f":{"1":0,"2":0,"3":0,"4":0},"fnMap":{"1":{"name":"constructor","line":19,"loc":{"start":{"line":19,"column":4},"end":{"line":29,"column":4}}},"2":{"name":"getChainID","line":31,"loc":{"start":{"line":31,"column":4},"end":{"line":35,"column":4}}},"3":{"name":"getDomainSeperator","line":37,"loc":{"start":{"line":37,"column":4},"end":{"line":39,"column":4}}},"4":{"name":"toTypedMessageHash","line":48,"loc":{"start":{"line":48,"column":4},"end":{"line":57,"column":4}}}},"statementMap":{"1":{"start":{"line":20,"column":8},"end":{"line":20,"column":506}},"2":{"start":{"line":38,"column":8},"end":{"line":38,"column":30}},"3":{"start":{"line":53,"column":8},"end":{"line":53,"column":1490}}},"branchMap":{}},"contracts/5/libs/EIP712MetaTx.sol":{"l":{"48":0,"57":0,"72":0},"path":"/Users/sachintomar/github/mexa/contracts/5/libs/EIP712MetaTx.sol","s":{"1":0,"2":0,"3":0},"b":{},"f":{"1":0,"2":0,"3":0,"4":0},"fnMap":{"1":{"name":"constructor","line":44,"loc":{"start":{"line":42,"column":4},"end":{"line":45,"column":5}}},"2":{"name":"hash","line":47,"loc":{"start":{"line":47,"column":4},"end":{"line":50,"column":4}}},"3":{"name":"hash","line":52,"loc":{"start":{"line":52,"column":4},"end":{"line":65,"column":4}}},"4":{"name":"hashMetaTransaction","line":67,"loc":{"start":{"line":67,"column":4},"end":{"line":89,"column":4}}}},"statementMap":{"1":{"start":{"line":48,"column":8},"end":{"line":48,"column":1458}},"2":{"start":{"line":57,"column":8},"end":{"line":57,"column":1613}},"3":{"start":{"line":72,"column":8},"end":{"line":72,"column":1975}}},"branchMap":{}},"contracts/5/libs/Ownable.sol":{"l":{"21":0,"28":0,"32":0,"39":0,"46":0,"56":0,"57":0,"65":0,"73":0,"74":0,"75":0},"path":"/Users/sachintomar/github/mexa/contracts/5/libs/Ownable.sol","s":{"1":0,"2":0,"3":0,"4":0,"5":0,"6":0,"7":0,"8":0,"9":0,"10":0},"b":{"1":[0,0],"2":[0,0]},"f":{"1":0,"2":0,"3":0,"4":0,"5":0,"6":0,"7":0},"fnMap":{"1":{"name":"constructor","line":20,"loc":{"start":{"line":20,"column":4},"end":{"line":22,"column":4}}},"2":{"name":"onlyOwner","line":27,"loc":{"start":{"line":27,"column":4},"end":{"line":33,"column":4}}},"3":{"name":"owner","line":38,"loc":{"start":{"line":38,"column":4},"end":{"line":40,"column":4}}},"4":{"name":"isOwner","line":45,"loc":{"start":{"line":45,"column":4},"end":{"line":47,"column":4}}},"5":{"name":"renounceOwnership","line":55,"loc":{"start":{"line":55,"column":4},"end":{"line":58,"column":4}}},"6":{"name":"transferOwnership","line":64,"loc":{"start":{"line":64,"column":4},"end":{"line":66,"column":4}}},"7":{"name":"_transferOwnership","line":72,"loc":{"start":{"line":72,"column":4},"end":{"line":76,"column":4}}}},"statementMap":{"1":{"start":{"line":21,"column":8},"end":{"line":21,"column":21}},"2":{"start":{"line":28,"column":8},"end":{"line":28,"column":697}},"3":{"start":{"line":39,"column":8},"end":{"line":39,"column":21}},"4":{"start":{"line":46,"column":8},"end":{"line":46,"column":35}},"5":{"start":{"line":56,"column":8},"end":{"line":56,"column":53}},"6":{"start":{"line":57,"column":8},"end":{"line":57,"column":26}},"7":{"start":{"line":65,"column":8},"end":{"line":65,"column":35}},"8":{"start":{"line":73,"column":8},"end":{"line":73,"column":38}},"9":{"start":{"line":74,"column":8},"end":{"line":74,"column":51}},"10":{"start":{"line":75,"column":8},"end":{"line":75,"column":24}}},"branchMap":{"1":{"line":28,"type":"if","locations":[{"start":{"line":28,"column":8},"end":{"line":28,"column":8}},{"start":{"line":28,"column":8},"end":{"line":28,"column":8}}]},"2":{"line":73,"type":"if","locations":[{"start":{"line":73,"column":8},"end":{"line":73,"column":8}},{"start":{"line":73,"column":8},"end":{"line":73,"column":8}}]}}},"contracts/5/libs/SafeMath.sol":{"l":{"27":0,"28":0,"30":0,"43":0,"62":0,"63":0,"65":0,"81":0,"82":0,"85":0,"86":0,"88":0,"103":0,"125":0,"126":0,"129":0,"144":0,"165":0,"166":0},"path":"/Users/sachintomar/github/mexa/contracts/5/libs/SafeMath.sol","s":{"1":0,"2":0,"3":0,"4":0,"5":0,"6":0,"7":0,"8":0,"9":0,"10":0,"11":0,"12":0,"13":0,"14":0,"15":0,"16":0,"17":0,"18":0,"19":0},"b":{"1":[0,0],"2":[0,0],"3":[0,0],"4":[0,0],"5":[0,0],"6":[0,0]},"f":{"1":0,"2":0,"3":0,"4":0,"5":0,"6":0,"7":0,"8":0},"fnMap":{"1":{"name":"add","line":26,"loc":{"start":{"line":26,"column":4},"end":{"line":31,"column":4}}},"2":{"name":"sub","line":42,"loc":{"start":{"line":42,"column":4},"end":{"line":44,"column":4}}},"3":{"name":"sub","line":57,"loc":{"start":{"line":57,"column":4},"end":{"line":66,"column":4}}},"4":{"name":"mul","line":77,"loc":{"start":{"line":77,"column":4},"end":{"line":89,"column":4}}},"5":{"name":"div","line":102,"loc":{"start":{"line":102,"column":4},"end":{"line":104,"column":4}}},"6":{"name":"div","line":119,"loc":{"start":{"line":119,"column":4},"end":{"line":130,"column":4}}},"7":{"name":"mod","line":143,"loc":{"start":{"line":143,"column":4},"end":{"line":145,"column":4}}},"8":{"name":"mod","line":160,"loc":{"start":{"line":160,"column":4},"end":{"line":167,"column":4}}}},"statementMap":{"1":{"start":{"line":27,"column":8},"end":{"line":27,"column":25}},"2":{"start":{"line":28,"column":8},"end":{"line":28,"column":53}},"3":{"start":{"line":30,"column":8},"end":{"line":30,"column":16}},"4":{"start":{"line":43,"column":8},"end":{"line":43,"column":58}},"5":{"start":{"line":62,"column":8},"end":{"line":62,"column":36}},"6":{"start":{"line":63,"column":8},"end":{"line":63,"column":25}},"7":{"start":{"line":65,"column":8},"end":{"line":65,"column":16}},"8":{"start":{"line":81,"column":8},"end":{"line":81,"column":2492}},"9":{"start":{"line":82,"column":12},"end":{"line":82,"column":20}},"10":{"start":{"line":85,"column":8},"end":{"line":85,"column":25}},"11":{"start":{"line":86,"column":8},"end":{"line":86,"column":63}},"12":{"start":{"line":88,"column":8},"end":{"line":88,"column":16}},"13":{"start":{"line":103,"column":8},"end":{"line":103,"column":54}},"14":{"start":{"line":125,"column":8},"end":{"line":125,"column":35}},"15":{"start":{"line":126,"column":8},"end":{"line":126,"column":25}},"16":{"start":{"line":129,"column":8},"end":{"line":129,"column":16}},"17":{"start":{"line":144,"column":8},"end":{"line":144,"column":52}},"18":{"start":{"line":165,"column":8},"end":{"line":165,"column":36}},"19":{"start":{"line":166,"column":8},"end":{"line":166,"column":20}}},"branchMap":{"1":{"line":28,"type":"if","locations":[{"start":{"line":28,"column":8},"end":{"line":28,"column":8}},{"start":{"line":28,"column":8},"end":{"line":28,"column":8}}]},"2":{"line":62,"type":"if","locations":[{"start":{"line":62,"column":8},"end":{"line":62,"column":8}},{"start":{"line":62,"column":8},"end":{"line":62,"column":8}}]},"3":{"line":81,"type":"if","locations":[{"start":{"line":81,"column":8},"end":{"line":81,"column":8}},{"start":{"line":81,"column":8},"end":{"line":81,"column":8}}]},"4":{"line":86,"type":"if","locations":[{"start":{"line":86,"column":8},"end":{"line":86,"column":8}},{"start":{"line":86,"column":8},"end":{"line":86,"column":8}}]},"5":{"line":125,"type":"if","locations":[{"start":{"line":125,"column":8},"end":{"line":125,"column":8}},{"start":{"line":125,"column":8},"end":{"line":125,"column":8}}]},"6":{"line":165,"type":"if","locations":[{"start":{"line":165,"column":8},"end":{"line":165,"column":8}},{"start":{"line":165,"column":8},"end":{"line":165,"column":8}}]}}},"contracts/5/ProxyManager.sol":{"l":{"20":0,"24":0,"35":0,"43":0,"47":0,"50":0,"51":0,"55":0,"62":0,"66":0,"67":0,"71":0,"72":0,"76":0,"77":0,"78":0,"80":0,"88":0,"92":0,"96":0,"100":0,"101":0,"102":0,"106":0,"107":0,"108":0,"112":0,"116":0,"117":0},"path":"/Users/sachintomar/github/mexa/contracts/5/ProxyManager.sol","s":{"1":0,"2":0,"3":0,"4":0,"5":0,"6":0,"7":0,"8":0,"9":0,"10":0,"11":0,"12":0,"13":0,"14":0,"15":0,"16":0,"17":0,"18":0,"19":0,"20":0,"21":0,"22":0,"23":0,"24":0,"25":0,"26":0},"b":{"1":[0,0],"2":[0,0],"3":[0,0],"4":[0,0],"5":[0,0],"6":[0,0],"7":[0,0],"8":[0,0]},"f":{"1":0,"2":0,"3":0,"4":0,"5":0,"6":0,"7":0,"8":0,"9":0,"10":0,"11":0},"fnMap":{"1":{"name":"onlyRelayHub","line":19,"loc":{"start":{"line":19,"column":4},"end":{"line":25,"column":4}}},"2":{"name":"constructor","line":34,"loc":{"start":{"line":34,"column":4},"end":{"line":36,"column":4}}},"3":{"name":"updateImplementation","line":41,"loc":{"start":{"line":39,"column":4},"end":{"line":48,"column":4}}},"4":{"name":"upgradeRelayHub","line":49,"loc":{"start":{"line":49,"column":4},"end":{"line":52,"column":4}}},"5":{"name":"getUsers","line":54,"loc":{"start":{"line":54,"column":4},"end":{"line":56,"column":4}}},"6":{"name":"addProxy","line":60,"loc":{"start":{"line":58,"column":4},"end":{"line":68,"column":4}}},"7":{"name":"_addProxy","line":70,"loc":{"start":{"line":70,"column":4},"end":{"line":73,"column":4}}},"8":{"name":"getProxyAddress","line":75,"loc":{"start":{"line":75,"column":4},"end":{"line":81,"column":4}}},"9":{"name":"getProxyStatus","line":83,"loc":{"start":{"line":83,"column":4},"end":{"line":89,"column":4}}},"10":{"name":"createIdentityProxy","line":91,"loc":{"start":{"line":91,"column":4},"end":{"line":103,"column":4}}},"11":{"name":"","line":105,"loc":{"start":{"line":105,"column":4},"end":{"line":134,"column":4}}}},"statementMap":{"1":{"start":{"line":20,"column":8},"end":{"line":20,"column":459}},"2":{"start":{"line":35,"column":8},"end":{"line":35,"column":39}},"3":{"start":{"line":43,"column":8},"end":{"line":43,"column":1063}},"4":{"start":{"line":47,"column":8},"end":{"line":47,"column":42}},"5":{"start":{"line":50,"column":8},"end":{"line":50,"column":77}},"6":{"start":{"line":51,"column":8},"end":{"line":51,"column":29}},"7":{"start":{"line":55,"column":8},"end":{"line":55,"column":20}},"8":{"start":{"line":62,"column":8},"end":{"line":62,"column":1626}},"9":{"start":{"line":66,"column":8},"end":{"line":66,"column":75}},"10":{"start":{"line":67,"column":8},"end":{"line":67,"column":42}},"11":{"start":{"line":71,"column":8},"end":{"line":71,"column":51}},"12":{"start":{"line":72,"column":8},"end":{"line":72,"column":47}},"13":{"start":{"line":76,"column":8},"end":{"line":76,"column":56}},"14":{"start":{"line":77,"column":8},"end":{"line":77,"column":2198}},"15":{"start":{"line":78,"column":12},"end":{"line":78,"column":31}},"16":{"start":{"line":80,"column":8},"end":{"line":80,"column":25}},"17":{"start":{"line":88,"column":8},"end":{"line":88,"column":52}},"18":{"start":{"line":92,"column":8},"end":{"line":92,"column":2591}},"19":{"start":{"line":96,"column":8},"end":{"line":96,"column":2708}},"20":{"start":{"line":100,"column":8},"end":{"line":100,"column":52}},"21":{"start":{"line":101,"column":8},"end":{"line":101,"column":29}},"22":{"start":{"line":102,"column":8},"end":{"line":102,"column":76}},"23":{"start":{"line":106,"column":8},"end":{"line":106,"column":33}},"24":{"start":{"line":107,"column":8},"end":{"line":107,"column":19}},"25":{"start":{"line":108,"column":8},"end":{"line":108,"column":3080}},"26":{"start":{"line":116,"column":8},"end":{"line":116,"column":48}}},"branchMap":{"1":{"line":20,"type":"if","locations":[{"start":{"line":20,"column":8},"end":{"line":20,"column":8}},{"start":{"line":20,"column":8},"end":{"line":20,"column":8}}]},"2":{"line":43,"type":"if","locations":[{"start":{"line":43,"column":8},"end":{"line":43,"column":8}},{"start":{"line":43,"column":8},"end":{"line":43,"column":8}}]},"3":{"line":50,"type":"if","locations":[{"start":{"line":50,"column":8},"end":{"line":50,"column":8}},{"start":{"line":50,"column":8},"end":{"line":50,"column":8}}]},"4":{"line":62,"type":"if","locations":[{"start":{"line":62,"column":8},"end":{"line":62,"column":8}},{"start":{"line":62,"column":8},"end":{"line":62,"column":8}}]},"5":{"line":66,"type":"if","locations":[{"start":{"line":66,"column":8},"end":{"line":66,"column":8}},{"start":{"line":66,"column":8},"end":{"line":66,"column":8}}]},"6":{"line":77,"type":"if","locations":[{"start":{"line":77,"column":8},"end":{"line":77,"column":8}},{"start":{"line":77,"column":8},"end":{"line":77,"column":8}}]},"7":{"line":92,"type":"if","locations":[{"start":{"line":92,"column":8},"end":{"line":92,"column":8}},{"start":{"line":92,"column":8},"end":{"line":92,"column":8}}]},"8":{"line":108,"type":"if","locations":[{"start":{"line":108,"column":8},"end":{"line":108,"column":8}},{"start":{"line":108,"column":8},"end":{"line":108,"column":8}}]}}},"contracts/5/RelayerManager.sol":{"l":{"12":0,"16":0,"24":0,"28":0,"33":0,"34":0,"38":0,"39":0,"40":0,"46":0,"47":0,"48":0,"49":0},"path":"/Users/sachintomar/github/mexa/contracts/5/RelayerManager.sol","s":{"1":0,"2":0,"3":0,"4":0,"5":0,"6":0,"7":0,"8":0,"9":0,"10":0,"11":0,"12":0},"b":{"1":[0,0],"2":[0,0],"3":[0,0]},"f":{"1":0,"2":0,"3":0,"4":0,"5":0},"fnMap":{"1":{"name":"onlyRelayer","line":11,"loc":{"start":{"line":11,"column":4},"end":{"line":17,"column":4}}},"2":{"name":"getRelayerStatus","line":19,"loc":{"start":{"line":19,"column":4},"end":{"line":25,"column":4}}},"3":{"name":"getAllRelayers","line":27,"loc":{"start":{"line":27,"column":4},"end":{"line":29,"column":4}}},"4":{"name":"addRelayers","line":32,"loc":{"start":{"line":32,"column":4},"end":{"line":42,"column":4}}},"5":{"name":"addRelayer","line":45,"loc":{"start":{"line":45,"column":4},"end":{"line":50,"column":4}}}},"statementMap":{"1":{"start":{"line":12,"column":8},"end":{"line":12,"column":311}},"2":{"start":{"line":24,"column":8},"end":{"line":24,"column":38}},"3":{"start":{"line":28,"column":8},"end":{"line":28,"column":23}},"4":{"start":{"line":33,"column":8},"end":{"line":33,"column":821}},"5":{"start":{"line":34,"column":12},"end":{"line":34,"column":889}},"6":{"start":{"line":38,"column":12},"end":{"line":38,"column":41}},"7":{"start":{"line":39,"column":12},"end":{"line":39,"column":48}},"8":{"start":{"line":40,"column":12},"end":{"line":40,"column":58}},"9":{"start":{"line":46,"column":8},"end":{"line":46,"column":76}},"10":{"start":{"line":47,"column":8},"end":{"line":47,"column":36}},"11":{"start":{"line":48,"column":8},"end":{"line":48,"column":43}},"12":{"start":{"line":49,"column":8},"end":{"line":49,"column":53}}},"branchMap":{"1":{"line":12,"type":"if","locations":[{"start":{"line":12,"column":8},"end":{"line":12,"column":8}},{"start":{"line":12,"column":8},"end":{"line":12,"column":8}}]},"2":{"line":34,"type":"if","locations":[{"start":{"line":34,"column":12},"end":{"line":34,"column":12}},{"start":{"line":34,"column":12},"end":{"line":34,"column":12}}]},"3":{"line":46,"type":"if","locations":[{"start":{"line":46,"column":8},"end":{"line":46,"column":8}},{"start":{"line":46,"column":8},"end":{"line":46,"column":8}}]}}},"contracts/5/RelayHub.sol":{"l":{"33":0,"37":0,"41":0,"45":0,"51":0,"55":0,"56":0,"60":0,"64":0,"68":0,"72":0,"80":0,"87":0,"91":0,"95":0,"126":0,"127":0,"129":0,"134":0,"135":0,"136":0,"144":0,"147":0,"148":0,"180":0,"181":0,"183":0,"184":0,"188":0,"189":0,"195":0,"198":0,"231":0,"234":0,"235":0,"238":0,"240":0,"254":0,"264":0},"path":"/Users/sachintomar/github/mexa/contracts/5/RelayHub.sol","s":{"1":0,"2":0,"3":0,"4":0,"5":0,"6":0,"7":0,"8":0,"9":0,"10":0,"11":0,"12":0,"13":0,"14":0,"15":0,"16":0,"17":0,"18":0,"19":0,"20":0,"21":0,"22":0,"23":0,"24":0,"25":0,"26":0,"27":0,"28":0,"29":0,"30":0,"31":0,"32":0,"33":0,"34":0,"35":0,"36":0,"37":0},"b":{"1":[0,0],"2":[0,0],"3":[0,0],"4":[0,0],"5":[0,0],"6":[0,0],"7":[0,0],"8":[0,0],"9":[0,0],"10":[0,0],"11":[0,0]},"f":{"1":0,"2":0,"3":0,"4":0,"5":0,"6":0,"7":0,"8":0,"9":0,"10":0,"11":0,"12":0,"13":0},"fnMap":{"1":{"name":"onlyRelayer","line":32,"loc":{"start":{"line":32,"column":4},"end":{"line":38,"column":4}}},"2":{"name":"onlyProxyOwner","line":40,"loc":{"start":{"line":40,"column":4},"end":{"line":46,"column":4}}},"3":{"name":"constructor","line":48,"loc":{"start":{"line":48,"column":4},"end":{"line":57,"column":4}}},"4":{"name":"addRelayerManager","line":59,"loc":{"start":{"line":59,"column":4},"end":{"line":65,"column":4}}},"5":{"name":"addProxyManager","line":67,"loc":{"start":{"line":67,"column":4},"end":{"line":73,"column":4}}},"6":{"name":"getRelayerManager","line":75,"loc":{"start":{"line":75,"column":4},"end":{"line":81,"column":4}}},"7":{"name":"getProxyManager","line":82,"loc":{"start":{"line":82,"column":4},"end":{"line":88,"column":4}}},"8":{"name":"createIdentityProxy","line":90,"loc":{"start":{"line":90,"column":4},"end":{"line":92,"column":4}}},"9":{"name":"getProxyAddress","line":94,"loc":{"start":{"line":94,"column":4},"end":{"line":96,"column":4}}},"10":{"name":"forward","line":125,"loc":{"start":{"line":118,"column":4},"end":{"line":149,"column":4}}},"11":{"name":"withdraw","line":179,"loc":{"start":{"line":172,"column":4},"end":{"line":199,"column":4}}},"12":{"name":"verifyMetaTxSignature","line":223,"loc":{"start":{"line":223,"column":4},"end":{"line":255,"column":4}}},"13":{"name":"verify","line":257,"loc":{"start":{"line":257,"column":4},"end":{"line":272,"column":4}}}},"statementMap":{"1":{"start":{"line":33,"column":8},"end":{"line":33,"column":846}},"2":{"start":{"line":41,"column":8},"end":{"line":41,"column":1074}},"3":{"start":{"line":51,"column":8},"end":{"line":51,"column":1331}},"4":{"start":{"line":55,"column":8},"end":{"line":55,"column":61}},"5":{"start":{"line":56,"column":8},"end":{"line":56,"column":55}},"6":{"start":{"line":60,"column":8},"end":{"line":60,"column":1661}},"7":{"start":{"line":64,"column":8},"end":{"line":64,"column":61}},"8":{"start":{"line":68,"column":8},"end":{"line":68,"column":1929}},"9":{"start":{"line":72,"column":8},"end":{"line":72,"column":55}},"10":{"start":{"line":80,"column":8},"end":{"line":80,"column":54}},"11":{"start":{"line":87,"column":8},"end":{"line":87,"column":50}},"12":{"start":{"line":91,"column":8},"end":{"line":91,"column":51}},"13":{"start":{"line":95,"column":8},"end":{"line":95,"column":55}},"14":{"start":{"line":126,"column":8},"end":{"line":126,"column":3867}},"15":{"start":{"line":127,"column":12},"end":{"line":127,"column":70}},"16":{"start":{"line":129,"column":8},"end":{"line":129,"column":4013}},"17":{"start":{"line":134,"column":8},"end":{"line":134,"column":72}},"18":{"start":{"line":135,"column":8},"end":{"line":135,"column":78}},"19":{"start":{"line":136,"column":8},"end":{"line":136,"column":4381}},"20":{"start":{"line":144,"column":8},"end":{"line":144,"column":4647}},"21":{"start":{"line":147,"column":8},"end":{"line":147,"column":68}},"22":{"start":{"line":148,"column":8},"end":{"line":148,"column":59}},"23":{"start":{"line":180,"column":8},"end":{"line":180,"column":6040}},"24":{"start":{"line":181,"column":12},"end":{"line":181,"column":73}},"25":{"start":{"line":183,"column":8},"end":{"line":183,"column":72}},"26":{"start":{"line":184,"column":8},"end":{"line":184,"column":6263}},"27":{"start":{"line":188,"column":8},"end":{"line":188,"column":75}},"28":{"start":{"line":189,"column":8},"end":{"line":189,"column":6495}},"29":{"start":{"line":195,"column":8},"end":{"line":195,"column":6701}},"30":{"start":{"line":198,"column":8},"end":{"line":198,"column":68}},"31":{"start":{"line":231,"column":8},"end":{"line":231,"column":8070}},"32":{"start":{"line":234,"column":8},"end":{"line":234,"column":65}},"33":{"start":{"line":235,"column":8},"end":{"line":235,"column":8264}},"34":{"start":{"line":238,"column":8},"end":{"line":238,"column":8457}},"35":{"start":{"line":240,"column":8},"end":{"line":240,"column":8542}},"36":{"start":{"line":254,"column":8},"end":{"line":254,"column":55}},"37":{"start":{"line":264,"column":8},"end":{"line":264,"column":9295}}},"branchMap":{"1":{"line":33,"type":"if","locations":[{"start":{"line":33,"column":8},"end":{"line":33,"column":8}},{"start":{"line":33,"column":8},"end":{"line":33,"column":8}}]},"2":{"line":41,"type":"if","locations":[{"start":{"line":41,"column":8},"end":{"line":41,"column":8}},{"start":{"line":41,"column":8},"end":{"line":41,"column":8}}]},"3":{"line":51,"type":"if","locations":[{"start":{"line":51,"column":8},"end":{"line":51,"column":8}},{"start":{"line":51,"column":8},"end":{"line":51,"column":8}}]},"4":{"line":60,"type":"if","locations":[{"start":{"line":60,"column":8},"end":{"line":60,"column":8}},{"start":{"line":60,"column":8},"end":{"line":60,"column":8}}]},"5":{"line":68,"type":"if","locations":[{"start":{"line":68,"column":8},"end":{"line":68,"column":8}},{"start":{"line":68,"column":8},"end":{"line":68,"column":8}}]},"6":{"line":126,"type":"if","locations":[{"start":{"line":126,"column":8},"end":{"line":126,"column":8}},{"start":{"line":126,"column":8},"end":{"line":126,"column":8}}]},"7":{"line":129,"type":"if","locations":[{"start":{"line":129,"column":8},"end":{"line":129,"column":8}},{"start":{"line":129,"column":8},"end":{"line":129,"column":8}}]},"8":{"line":147,"type":"if","locations":[{"start":{"line":147,"column":8},"end":{"line":147,"column":8}},{"start":{"line":147,"column":8},"end":{"line":147,"column":8}}]},"9":{"line":180,"type":"if","locations":[{"start":{"line":180,"column":8},"end":{"line":180,"column":8}},{"start":{"line":180,"column":8},"end":{"line":180,"column":8}}]},"10":{"line":184,"type":"if","locations":[{"start":{"line":184,"column":8},"end":{"line":184,"column":8}},{"start":{"line":184,"column":8},"end":{"line":184,"column":8}}]},"11":{"line":198,"type":"if","locations":[{"start":{"line":198,"column":8},"end":{"line":198,"column":8}},{"start":{"line":198,"column":8},"end":{"line":198,"column":8}}]}}},"contracts/5/test/MockBasicMetaTxChild.sol":{"l":{"13":0,"14":0},"path":"/Users/sachintomar/github/mexa/contracts/5/test/MockBasicMetaTxChild.sol","s":{"1":0},"b":{},"f":{"1":0},"fnMap":{"1":{"name":"call","line":12,"loc":{"start":{"line":12,"column":4},"end":{"line":15,"column":4}}}},"statementMap":{"1":{"start":{"line":14,"column":8},"end":{"line":14,"column":26}}},"branchMap":{}},"contracts/5/token/erc20/IERC20.sol":{"l":{},"path":"/Users/sachintomar/github/mexa/contracts/5/token/erc20/IERC20.sol","s":{},"b":{},"f":{},"fnMap":{},"statementMap":{},"branchMap":{}},"contracts/5/token/erc721/IERC165.sol":{"l":{},"path":"/Users/sachintomar/github/mexa/contracts/5/token/erc721/IERC165.sol","s":{},"b":{},"f":{},"fnMap":{},"statementMap":{},"branchMap":{}},"contracts/5/token/erc721/IERC721.sol":{"l":{},"path":"/Users/sachintomar/github/mexa/contracts/5/token/erc721/IERC721.sol","s":{},"b":{},"f":{},"fnMap":{},"statementMap":{},"branchMap":{}},"contracts/5/WETH9.sol":{"l":{"32":0,"35":0,"36":0,"39":0,"40":0,"41":0,"42":0,"46":0,"50":0,"51":0,"52":0,"56":0,"63":0,"65":0,"66":0,"67":0,"70":0,"71":0,"73":0,"75":0},"path":"/Users/sachintomar/github/mexa/contracts/5/WETH9.sol","s":{"1":0,"2":0,"3":0,"4":0,"5":0,"6":0,"7":0,"8":0,"9":0,"10":0,"11":0,"12":0,"13":0,"14":0,"15":0,"16":0,"17":0,"18":0,"19":0,"20":0},"b":{"1":[0,0],"2":[0,0],"3":[0,0],"4":[0,0]},"f":{"1":0,"2":0,"3":0,"4":0,"5":0,"6":0,"7":0},"fnMap":{"1":{"name":"","line":31,"loc":{"start":{"line":31,"column":4},"end":{"line":33,"column":4}}},"2":{"name":"deposit","line":34,"loc":{"start":{"line":34,"column":4},"end":{"line":37,"column":4}}},"3":{"name":"withdraw","line":38,"loc":{"start":{"line":38,"column":4},"end":{"line":43,"column":4}}},"4":{"name":"totalSupply","line":45,"loc":{"start":{"line":45,"column":4},"end":{"line":47,"column":4}}},"5":{"name":"approve","line":49,"loc":{"start":{"line":49,"column":4},"end":{"line":53,"column":4}}},"6":{"name":"transfer","line":55,"loc":{"start":{"line":55,"column":4},"end":{"line":57,"column":4}}},"7":{"name":"transferFrom","line":59,"loc":{"start":{"line":59,"column":4},"end":{"line":76,"column":4}}}},"statementMap":{"1":{"start":{"line":32,"column":8},"end":{"line":32,"column":16}},"2":{"start":{"line":35,"column":8},"end":{"line":35,"column":41}},"3":{"start":{"line":36,"column":8},"end":{"line":36,"column":43}},"4":{"start":{"line":39,"column":8},"end":{"line":39,"column":44}},"5":{"start":{"line":40,"column":8},"end":{"line":40,"column":35}},"6":{"start":{"line":41,"column":8},"end":{"line":41,"column":31}},"7":{"start":{"line":42,"column":8},"end":{"line":42,"column":40}},"8":{"start":{"line":46,"column":8},"end":{"line":46,"column":36}},"9":{"start":{"line":50,"column":8},"end":{"line":50,"column":39}},"10":{"start":{"line":51,"column":8},"end":{"line":51,"column":43}},"11":{"start":{"line":52,"column":8},"end":{"line":52,"column":19}},"12":{"start":{"line":56,"column":8},"end":{"line":56,"column":49}},"13":{"start":{"line":63,"column":8},"end":{"line":63,"column":37}},"14":{"start":{"line":65,"column":8},"end":{"line":65,"column":2225}},"15":{"start":{"line":66,"column":12},"end":{"line":66,"column":53}},"16":{"start":{"line":67,"column":12},"end":{"line":67,"column":44}},"17":{"start":{"line":70,"column":8},"end":{"line":70,"column":28}},"18":{"start":{"line":71,"column":8},"end":{"line":71,"column":28}},"19":{"start":{"line":73,"column":8},"end":{"line":73,"column":36}},"20":{"start":{"line":75,"column":8},"end":{"line":75,"column":19}}},"branchMap":{"1":{"line":39,"type":"if","locations":[{"start":{"line":39,"column":8},"end":{"line":39,"column":8}},{"start":{"line":39,"column":8},"end":{"line":39,"column":8}}]},"2":{"line":63,"type":"if","locations":[{"start":{"line":63,"column":8},"end":{"line":63,"column":8}},{"start":{"line":63,"column":8},"end":{"line":63,"column":8}}]},"3":{"line":65,"type":"if","locations":[{"start":{"line":65,"column":8},"end":{"line":65,"column":8}},{"start":{"line":65,"column":8},"end":{"line":65,"column":8}}]},"4":{"line":66,"type":"if","locations":[{"start":{"line":66,"column":12},"end":{"line":66,"column":12}},{"start":{"line":66,"column":12},"end":{"line":66,"column":12}}]}}},"contracts/6/feeManager/CentralisedFeeManager.sol":{"l":{"38":0,"39":0,"52":0,"53":0,"54":0,"55":0,"56":0,"57":0,"58":0,"66":0,"70":0,"71":0,"72":0,"77":0,"78":0,"82":0,"83":0,"84":0,"89":0,"90":0,"94":0,"98":0,"102":0,"106":0},"path":"/Users/sachintomar/github/mexa/contracts/6/feeManager/CentralisedFeeManager.sol","s":{"1":0,"2":0,"3":0,"4":0,"5":0,"6":0,"7":0,"8":0,"9":0,"10":0,"11":0,"12":0,"13":0,"14":0,"15":0,"16":0,"17":0,"18":0,"19":0,"20":0,"21":0,"22":0,"23":0,"24":0},"b":{"1":[0,0],"2":[0,0],"3":[0,0],"4":[0,0],"5":[0,0],"6":[0,0],"7":[0,0]},"f":{"1":0,"2":0,"3":0,"4":0,"5":0,"6":0,"7":0,"8":0,"9":0,"10":0,"11":0},"fnMap":{"1":{"name":"constructor","line":37,"loc":{"start":{"line":37,"column":4},"end":{"line":40,"column":4}}},"2":{"name":"getFeeMultiplier","line":51,"loc":{"start":{"line":51,"column":4},"end":{"line":63,"column":4}}},"3":{"name":"setDefaultFeeMultiplier","line":65,"loc":{"start":{"line":65,"column":4},"end":{"line":67,"column":4}}},"4":{"name":"setDefaultTokenFeeMultiplier","line":69,"loc":{"start":{"line":69,"column":4},"end":{"line":74,"column":4}}},"5":{"name":"removeDefaultTokenFeeMultiplier","line":76,"loc":{"start":{"line":76,"column":4},"end":{"line":79,"column":4}}},"6":{"name":"setUserTokenFeeMultiplier","line":81,"loc":{"start":{"line":81,"column":4},"end":{"line":86,"column":4}}},"7":{"name":"removeUserTokenFeeMultiplier","line":88,"loc":{"start":{"line":88,"column":4},"end":{"line":91,"column":4}}},"8":{"name":"getTokenAllowed","line":93,"loc":{"start":{"line":93,"column":4},"end":{"line":95,"column":4}}},"9":{"name":"setTokenAllowed","line":97,"loc":{"start":{"line":97,"column":4},"end":{"line":99,"column":4}}},"10":{"name":"getPriceFeedAddress","line":101,"loc":{"start":{"line":101,"column":4},"end":{"line":103,"column":4}}},"11":{"name":"setPriceFeedAddress","line":105,"loc":{"start":{"line":105,"column":4},"end":{"line":107,"column":4}}}},"statementMap":{"1":{"start":{"line":38,"column":8},"end":{"line":38,"column":65}},"2":{"start":{"line":39,"column":8},"end":{"line":39,"column":15}},"3":{"start":{"line":52,"column":8},"end":{"line":52,"column":45}},"4":{"start":{"line":53,"column":8},"end":{"line":53,"column":1854}},"5":{"start":{"line":54,"column":12},"end":{"line":54,"column":1893}},"6":{"start":{"line":55,"column":16},"end":{"line":55,"column":43}},"7":{"start":{"line":56,"column":16},"end":{"line":56,"column":1995}},"8":{"start":{"line":57,"column":20},"end":{"line":57,"column":2042}},"9":{"start":{"line":58,"column":24},"end":{"line":58,"column":39}},"10":{"start":{"line":66,"column":8},"end":{"line":66,"column":15}},"11":{"start":{"line":70,"column":8},"end":{"line":70,"column":27}},"12":{"start":{"line":71,"column":8},"end":{"line":71,"column":2389}},"13":{"start":{"line":72,"column":12},"end":{"line":72,"column":36}},"14":{"start":{"line":77,"column":8},"end":{"line":77,"column":25}},"15":{"start":{"line":78,"column":8},"end":{"line":78,"column":33}},"16":{"start":{"line":82,"column":8},"end":{"line":82,"column":37}},"17":{"start":{"line":83,"column":8},"end":{"line":83,"column":2759}},"18":{"start":{"line":84,"column":12},"end":{"line":84,"column":46}},"19":{"start":{"line":89,"column":8},"end":{"line":89,"column":35}},"20":{"start":{"line":90,"column":8},"end":{"line":90,"column":43}},"21":{"start":{"line":94,"column":8},"end":{"line":94,"column":37}},"22":{"start":{"line":98,"column":8},"end":{"line":98,"column":37}},"23":{"start":{"line":102,"column":8},"end":{"line":102,"column":40}},"24":{"start":{"line":106,"column":8},"end":{"line":106,"column":40}}},"branchMap":{"1":{"line":38,"type":"if","locations":[{"start":{"line":38,"column":8},"end":{"line":38,"column":8}},{"start":{"line":38,"column":8},"end":{"line":38,"column":8}}]},"2":{"line":53,"type":"if","locations":[{"start":{"line":53,"column":8},"end":{"line":53,"column":8}},{"start":{"line":53,"column":8},"end":{"line":53,"column":8}}]},"3":{"line":54,"type":"if","locations":[{"start":{"line":54,"column":12},"end":{"line":54,"column":12}},{"start":{"line":54,"column":12},"end":{"line":54,"column":12}}]},"4":{"line":56,"type":"if","locations":[{"start":{"line":56,"column":16},"end":{"line":56,"column":16}},{"start":{"line":56,"column":16},"end":{"line":56,"column":16}}]},"5":{"line":57,"type":"if","locations":[{"start":{"line":57,"column":20},"end":{"line":57,"column":20}},{"start":{"line":57,"column":20},"end":{"line":57,"column":20}}]},"6":{"line":71,"type":"if","locations":[{"start":{"line":71,"column":8},"end":{"line":71,"column":8}},{"start":{"line":71,"column":8},"end":{"line":71,"column":8}}]},"7":{"line":83,"type":"if","locations":[{"start":{"line":83,"column":8},"end":{"line":83,"column":8}},{"start":{"line":83,"column":8},"end":{"line":83,"column":8}}]}}},"contracts/6/feeManager/CentralisedFeeManagerWithLimits.sol":{"l":{"36":0,"37":0,"38":0,"51":0,"52":0,"53":0,"54":0,"55":0,"61":0,"62":0,"66":0,"67":0,"71":0,"75":0,"76":0,"80":0,"84":0,"88":0,"92":0,"96":0},"path":"/Users/sachintomar/github/mexa/contracts/6/feeManager/CentralisedFeeManagerWithLimits.sol","s":{"1":0,"2":0,"3":0,"4":0,"5":0,"6":0,"7":0,"8":0,"9":0,"10":0,"11":0,"12":0,"13":0,"14":0,"15":0,"16":0,"17":0,"18":0,"19":0,"20":0},"b":{"1":[0,0],"2":[0,0],"3":[0,0],"4":[0,0],"5":[0,0],"6":[0,0]},"f":{"1":0,"2":0,"3":0,"4":0,"5":0,"6":0,"7":0,"8":0,"9":0,"10":0,"11":0},"fnMap":{"1":{"name":"constructor","line":35,"loc":{"start":{"line":35,"column":4},"end":{"line":39,"column":4}}},"2":{"name":"getFeeMultiplier","line":50,"loc":{"start":{"line":50,"column":4},"end":{"line":58,"column":4}}},"3":{"name":"setDefaultFeeMultiplier","line":60,"loc":{"start":{"line":60,"column":4},"end":{"line":63,"column":4}}},"4":{"name":"setDefaultTokenFeeMultiplier","line":65,"loc":{"start":{"line":65,"column":4},"end":{"line":68,"column":4}}},"5":{"name":"removeDefaultTokenFeeMultiplier","line":70,"loc":{"start":{"line":70,"column":4},"end":{"line":72,"column":4}}},"6":{"name":"setUserTokenFeeMultiplier","line":74,"loc":{"start":{"line":74,"column":4},"end":{"line":77,"column":4}}},"7":{"name":"removeUserTokenFeeMultiplier","line":79,"loc":{"start":{"line":79,"column":4},"end":{"line":81,"column":4}}},"8":{"name":"getTokenAllowed","line":83,"loc":{"start":{"line":83,"column":4},"end":{"line":85,"column":4}}},"9":{"name":"setTokenAllowed","line":87,"loc":{"start":{"line":87,"column":4},"end":{"line":89,"column":4}}},"10":{"name":"getPriceFeedAddress","line":91,"loc":{"start":{"line":91,"column":4},"end":{"line":93,"column":4}}},"11":{"name":"setPriceFeedAddress","line":95,"loc":{"start":{"line":95,"column":4},"end":{"line":97,"column":4}}}},"statementMap":{"1":{"start":{"line":36,"column":8},"end":{"line":36,"column":65}},"2":{"start":{"line":37,"column":8},"end":{"line":37,"column":15}},"3":{"start":{"line":38,"column":8},"end":{"line":38,"column":21}},"4":{"start":{"line":51,"column":8},"end":{"line":51,"column":45}},"5":{"start":{"line":52,"column":8},"end":{"line":52,"column":1816}},"6":{"start":{"line":53,"column":16},"end":{"line":53,"column":43}},"7":{"start":{"line":54,"column":16},"end":{"line":54,"column":1905}},"8":{"start":{"line":55,"column":24},"end":{"line":55,"column":39}},"9":{"start":{"line":61,"column":8},"end":{"line":61,"column":27}},"10":{"start":{"line":62,"column":8},"end":{"line":62,"column":15}},"11":{"start":{"line":66,"column":8},"end":{"line":66,"column":27}},"12":{"start":{"line":67,"column":8},"end":{"line":67,"column":27}},"13":{"start":{"line":71,"column":8},"end":{"line":71,"column":25}},"14":{"start":{"line":75,"column":8},"end":{"line":75,"column":27}},"15":{"start":{"line":76,"column":8},"end":{"line":76,"column":37}},"16":{"start":{"line":80,"column":8},"end":{"line":80,"column":35}},"17":{"start":{"line":84,"column":8},"end":{"line":84,"column":37}},"18":{"start":{"line":88,"column":8},"end":{"line":88,"column":37}},"19":{"start":{"line":92,"column":8},"end":{"line":92,"column":40}},"20":{"start":{"line":96,"column":8},"end":{"line":96,"column":40}}},"branchMap":{"1":{"line":36,"type":"if","locations":[{"start":{"line":36,"column":8},"end":{"line":36,"column":8}},{"start":{"line":36,"column":8},"end":{"line":36,"column":8}}]},"2":{"line":52,"type":"if","locations":[{"start":{"line":52,"column":8},"end":{"line":52,"column":8}},{"start":{"line":52,"column":8},"end":{"line":52,"column":8}}]},"3":{"line":54,"type":"if","locations":[{"start":{"line":54,"column":16},"end":{"line":54,"column":16}},{"start":{"line":54,"column":16},"end":{"line":54,"column":16}}]},"4":{"line":61,"type":"if","locations":[{"start":{"line":61,"column":8},"end":{"line":61,"column":8}},{"start":{"line":61,"column":8},"end":{"line":61,"column":8}}]},"5":{"line":66,"type":"if","locations":[{"start":{"line":66,"column":8},"end":{"line":66,"column":8}},{"start":{"line":66,"column":8},"end":{"line":66,"column":8}}]},"6":{"line":75,"type":"if","locations":[{"start":{"line":75,"column":8},"end":{"line":75,"column":8}},{"start":{"line":75,"column":8},"end":{"line":75,"column":8}}]}}},"contracts/6/forwarder/BiconomyForwarder.sol":{"l":{"37":9,"47":2,"49":2,"53":2,"60":2,"62":2,"63":2,"81":3,"95":0,"115":3,"116":1,"118":1,"119":1,"120":0,"133":2,"148":14,"149":9,"151":9,"152":9,"153":1,"164":10,"185":3,"186":3,"187":3,"202":3,"211":15,"229":16,"230":15,"241":15},"path":"/Users/sachintomar/github/mexa/contracts/6/forwarder/BiconomyForwarder.sol","s":{"1":9,"2":2,"3":2,"4":2,"5":2,"6":2,"7":3,"8":0,"9":3,"10":1,"11":1,"12":1,"13":0,"14":2,"15":14,"16":9,"17":9,"18":9,"19":1,"20":3,"21":3,"22":3,"23":3,"24":15,"25":16,"26":15,"27":15},"b":{"1":[9,0],"2":[0,1],"3":[1,8],"4":[3,0],"5":[3,0],"6":[1,2],"7":[15,1],"8":[10,5]},"f":{"1":9,"2":2,"3":3,"4":0,"5":3,"6":2,"7":14,"8":10,"9":3,"10":15,"11":16},"fnMap":{"1":{"name":"constructor","line":36,"loc":{"start":{"line":34,"column":4},"end":{"line":38,"column":4}}},"2":{"name":"registerDomainSeparator","line":46,"loc":{"start":{"line":46,"column":4},"end":{"line":64,"column":4}}},"3":{"name":"getNonce","line":78,"loc":{"start":{"line":78,"column":4},"end":{"line":82,"column":4}}},"4":{"name":"verifyEIP712","line":90,"loc":{"start":{"line":90,"column":4},"end":{"line":96,"column":4}}},"5":{"name":"executeEIP712","line":108,"loc":{"start":{"line":108,"column":4},"end":{"line":122,"column":4}}},"6":{"name":"verifyPersonalSign","line":129,"loc":{"start":{"line":129,"column":4},"end":{"line":134,"column":4}}},"7":{"name":"executePersonalSign","line":145,"loc":{"start":{"line":145,"column":4},"end":{"line":155,"column":4}}},"8":{"name":"_updateNonce","line":163,"loc":{"start":{"line":163,"column":4},"end":{"line":165,"column":4}}},"9":{"name":"_verifySigEIP712","line":178,"loc":{"start":{"line":178,"column":4},"end":{"line":203,"column":4}}},"10":{"name":"prefixed","line":210,"loc":{"start":{"line":210,"column":4},"end":{"line":212,"column":4}}},"11":{"name":"_verifySigPersonalSign","line":223,"loc":{"start":{"line":223,"column":4},"end":{"line":242,"column":4}}}},"statementMap":{"1":{"start":{"line":37,"column":8},"end":{"line":37,"column":65}},"2":{"start":{"line":47,"column":8},"end":{"line":47,"column":18}},"3":{"start":{"line":53,"column":8},"end":{"line":53,"column":2062}},"4":{"start":{"line":60,"column":8},"end":{"line":60,"column":51}},"5":{"start":{"line":62,"column":8},"end":{"line":62,"column":33}},"6":{"start":{"line":63,"column":8},"end":{"line":63,"column":54}},"7":{"start":{"line":81,"column":8},"end":{"line":81,"column":36}},"8":{"start":{"line":95,"column":8},"end":{"line":95,"column":50}},"9":{"start":{"line":115,"column":8},"end":{"line":115,"column":48}},"10":{"start":{"line":116,"column":8},"end":{"line":116,"column":24}},"11":{"start":{"line":118,"column":8},"end":{"line":118,"column":89}},"12":{"start":{"line":119,"column":8},"end":{"line":119,"column":4382}},"13":{"start":{"line":120,"column":12},"end":{"line":120,"column":60}},"14":{"start":{"line":133,"column":8},"end":{"line":133,"column":39}},"15":{"start":{"line":148,"column":8},"end":{"line":148,"column":39}},"16":{"start":{"line":149,"column":8},"end":{"line":149,"column":24}},"17":{"start":{"line":151,"column":8},"end":{"line":151,"column":89}},"18":{"start":{"line":152,"column":8},"end":{"line":152,"column":5652}},"19":{"start":{"line":153,"column":12},"end":{"line":153,"column":60}},"20":{"start":{"line":185,"column":8},"end":{"line":185,"column":80}},"21":{"start":{"line":186,"column":8},"end":{"line":186,"column":73}},"22":{"start":{"line":187,"column":8},"end":{"line":187,"column":7048}},"23":{"start":{"line":202,"column":8},"end":{"line":202,"column":69}},"24":{"start":{"line":211,"column":8},"end":{"line":211,"column":84}},"25":{"start":{"line":229,"column":8},"end":{"line":229,"column":80}},"26":{"start":{"line":230,"column":8},"end":{"line":230,"column":8708}},"27":{"start":{"line":241,"column":8},"end":{"line":241,"column":69}}},"branchMap":{"1":{"line":37,"type":"if","locations":[{"start":{"line":37,"column":8},"end":{"line":37,"column":8}},{"start":{"line":37,"column":8},"end":{"line":37,"column":8}}]},"2":{"line":119,"type":"if","locations":[{"start":{"line":119,"column":8},"end":{"line":119,"column":8}},{"start":{"line":119,"column":8},"end":{"line":119,"column":8}}]},"3":{"line":152,"type":"if","locations":[{"start":{"line":152,"column":8},"end":{"line":152,"column":8}},{"start":{"line":152,"column":8},"end":{"line":152,"column":8}}]},"4":{"line":185,"type":"if","locations":[{"start":{"line":185,"column":8},"end":{"line":185,"column":8}},{"start":{"line":185,"column":8},"end":{"line":185,"column":8}}]},"5":{"line":186,"type":"if","locations":[{"start":{"line":186,"column":8},"end":{"line":186,"column":8}},{"start":{"line":186,"column":8},"end":{"line":186,"column":8}}]},"6":{"line":202,"type":"if","locations":[{"start":{"line":202,"column":8},"end":{"line":202,"column":8}},{"start":{"line":202,"column":8},"end":{"line":202,"column":8}}]},"7":{"line":229,"type":"if","locations":[{"start":{"line":229,"column":8},"end":{"line":229,"column":8}},{"start":{"line":229,"column":8},"end":{"line":229,"column":8}}]},"8":{"line":241,"type":"if","locations":[{"start":{"line":241,"column":8},"end":{"line":241,"column":8}},{"start":{"line":241,"column":8},"end":{"line":241,"column":8}}]}}},"contracts/6/forwarder/ERC20Forwarder.sol":{"l":{"34":3,"51":1,"52":1,"56":1,"60":1,"64":1,"65":1,"66":1,"67":1,"72":0,"77":0,"78":0,"82":0,"83":0,"102":4,"110":0,"123":0,"124":0,"128":1,"141":2,"142":2,"166":3,"167":3,"168":1,"169":1,"170":1,"171":1,"197":0,"198":0,"199":0,"200":0,"201":0,"202":0,"223":8,"224":8,"225":6,"226":6,"227":6,"228":5,"253":0,"254":0,"255":0,"256":0,"257":0,"258":0,"274":7,"275":7,"276":6,"277":6,"279":5,"285":1},"path":"/Users/sachintomar/github/mexa/contracts/6/forwarder/ERC20Forwarder.sol","s":{"1":3,"2":1,"3":1,"4":1,"5":1,"6":1,"7":1,"8":1,"9":1,"10":0,"11":0,"12":0,"13":0,"14":0,"15":4,"16":0,"17":0,"18":0,"19":1,"20":2,"21":2,"22":3,"23":3,"24":1,"25":1,"26":1,"27":1,"28":0,"29":0,"30":0,"31":0,"32":0,"33":0,"34":8,"35":8,"36":6,"37":6,"38":6,"39":5,"40":0,"41":0,"42":0,"43":0,"44":0,"45":0,"46":7,"47":7,"48":6,"49":6,"50":5,"51":1},"b":{"1":[3,0],"2":[1,0],"3":[1,0],"4":[1,0],"5":[1,0],"6":[6,1],"7":[5,1],"8":[5,0]},"f":{"1":3,"2":1,"3":0,"4":0,"5":0,"6":4,"7":0,"8":0,"9":1,"10":2,"11":3,"12":0,"13":8,"14":0,"15":7},"fnMap":{"1":{"name":"constructor","line":33,"loc":{"start":{"line":31,"column":4},"end":{"line":35,"column":4}}},"2":{"name":"initialize","line":45,"loc":{"start":{"line":45,"column":7},"end":{"line":68,"column":7}}},"3":{"name":"setOracleAggregator","line":71,"loc":{"start":{"line":71,"column":4},"end":{"line":73,"column":4}}},"4":{"name":"setBaseGas","line":76,"loc":{"start":{"line":76,"column":4},"end":{"line":79,"column":4}}},"5":{"name":"setGasRefund","line":81,"loc":{"start":{"line":81,"column":4},"end":{"line":84,"column":4}}},"6":{"name":"setFeeReceiver","line":101,"loc":{"start":{"line":101,"column":4},"end":{"line":103,"column":4}}},"7":{"name":"setFeeManager","line":109,"loc":{"start":{"line":109,"column":4},"end":{"line":111,"column":4}}},"8":{"name":"setTransferHandlerGas","line":122,"loc":{"start":{"line":122,"column":4},"end":{"line":125,"column":4}}},"9":{"name":"setSafeTransferRequired","line":127,"loc":{"start":{"line":127,"column":4},"end":{"line":129,"column":4}}},"10":{"name":"getNonce","line":138,"loc":{"start":{"line":138,"column":4},"end":{"line":143,"column":4}}},"11":{"name":"executeEIP712","line":159,"loc":{"start":{"line":159,"column":4},"end":{"line":172,"column":4}}},"12":{"name":"executeEIP712WithGasTokens","line":189,"loc":{"start":{"line":189,"column":4},"end":{"line":203,"column":4}}},"13":{"name":"executePersonalSign","line":217,"loc":{"start":{"line":217,"column":4},"end":{"line":229,"column":4}}},"14":{"name":"executePersonalSignWithGasTokens","line":246,"loc":{"start":{"line":246,"column":4},"end":{"line":259,"column":4}}},"15":{"name":"_transferHandler","line":273,"loc":{"start":{"line":273,"column":4},"end":{"line":287,"column":4}}}},"statementMap":{"1":{"start":{"line":34,"column":8},"end":{"line":34,"column":65}},"2":{"start":{"line":51,"column":8},"end":{"line":51,"column":80}},"3":{"start":{"line":52,"column":8},"end":{"line":52,"column":1927}},"4":{"start":{"line":56,"column":8},"end":{"line":56,"column":2062}},"5":{"start":{"line":60,"column":8},"end":{"line":60,"column":2195}},"6":{"start":{"line":64,"column":8},"end":{"line":64,"column":25}},"7":{"start":{"line":65,"column":8},"end":{"line":65,"column":33}},"8":{"start":{"line":66,"column":8},"end":{"line":66,"column":31}},"9":{"start":{"line":67,"column":8},"end":{"line":67,"column":29}},"10":{"start":{"line":72,"column":8},"end":{"line":72,"column":28}},"11":{"start":{"line":77,"column":8},"end":{"line":77,"column":20}},"12":{"start":{"line":78,"column":8},"end":{"line":78,"column":47}},"13":{"start":{"line":82,"column":8},"end":{"line":82,"column":25}},"14":{"start":{"line":83,"column":8},"end":{"line":83,"column":51}},"15":{"start":{"line":102,"column":8},"end":{"line":102,"column":33}},"16":{"start":{"line":110,"column":8},"end":{"line":110,"column":31}},"17":{"start":{"line":123,"column":8},"end":{"line":123,"column":54}},"18":{"start":{"line":124,"column":8},"end":{"line":124,"column":76}},"19":{"start":{"line":128,"column":8},"end":{"line":128,"column":58}},"20":{"start":{"line":141,"column":8},"end":{"line":141,"column":75}},"21":{"start":{"line":142,"column":8},"end":{"line":142,"column":20}},"22":{"start":{"line":166,"column":12},"end":{"line":166,"column":42}},"23":{"start":{"line":167,"column":12},"end":{"line":167,"column":94}},"24":{"start":{"line":168,"column":12},"end":{"line":168,"column":39}},"25":{"start":{"line":169,"column":12},"end":{"line":169,"column":70}},"26":{"start":{"line":170,"column":12},"end":{"line":170,"column":111}},"27":{"start":{"line":171,"column":12},"end":{"line":171,"column":54}},"28":{"start":{"line":197,"column":12},"end":{"line":197,"column":42}},"29":{"start":{"line":198,"column":12},"end":{"line":198,"column":94}},"30":{"start":{"line":199,"column":12},"end":{"line":199,"column":39}},"31":{"start":{"line":200,"column":12},"end":{"line":200,"column":70}},"32":{"start":{"line":201,"column":12},"end":{"line":201,"column":147}},"33":{"start":{"line":202,"column":12},"end":{"line":202,"column":54}},"34":{"start":{"line":223,"column":12},"end":{"line":223,"column":42}},"35":{"start":{"line":224,"column":12},"end":{"line":224,"column":84}},"36":{"start":{"line":225,"column":12},"end":{"line":225,"column":39}},"37":{"start":{"line":226,"column":12},"end":{"line":226,"column":70}},"38":{"start":{"line":227,"column":12},"end":{"line":227,"column":111}},"39":{"start":{"line":228,"column":12},"end":{"line":228,"column":54}},"40":{"start":{"line":253,"column":12},"end":{"line":253,"column":42}},"41":{"start":{"line":254,"column":12},"end":{"line":254,"column":84}},"42":{"start":{"line":255,"column":12},"end":{"line":255,"column":39}},"43":{"start":{"line":256,"column":12},"end":{"line":256,"column":70}},"44":{"start":{"line":257,"column":12},"end":{"line":257,"column":147}},"45":{"start":{"line":258,"column":12},"end":{"line":258,"column":54}},"46":{"start":{"line":274,"column":8},"end":{"line":274,"column":57}},"47":{"start":{"line":275,"column":8},"end":{"line":275,"column":89}},"48":{"start":{"line":276,"column":8},"end":{"line":276,"column":116}},"49":{"start":{"line":277,"column":8},"end":{"line":277,"column":11559}},"50":{"start":{"line":279,"column":12},"end":{"line":279,"column":11634}},"51":{"start":{"line":285,"column":12},"end":{"line":285,"column":85}}},"branchMap":{"1":{"line":34,"type":"if","locations":[{"start":{"line":34,"column":8},"end":{"line":34,"column":8}},{"start":{"line":34,"column":8},"end":{"line":34,"column":8}}]},"2":{"line":51,"type":"if","locations":[{"start":{"line":51,"column":8},"end":{"line":51,"column":8}},{"start":{"line":51,"column":8},"end":{"line":51,"column":8}}]},"3":{"line":52,"type":"if","locations":[{"start":{"line":52,"column":8},"end":{"line":52,"column":8}},{"start":{"line":52,"column":8},"end":{"line":52,"column":8}}]},"4":{"line":56,"type":"if","locations":[{"start":{"line":56,"column":8},"end":{"line":56,"column":8}},{"start":{"line":56,"column":8},"end":{"line":56,"column":8}}]},"5":{"line":60,"type":"if","locations":[{"start":{"line":60,"column":8},"end":{"line":60,"column":8}},{"start":{"line":60,"column":8},"end":{"line":60,"column":8}}]},"6":{"line":275,"type":"if","locations":[{"start":{"line":275,"column":8},"end":{"line":275,"column":8}},{"start":{"line":275,"column":8},"end":{"line":275,"column":8}}]},"7":{"line":277,"type":"if","locations":[{"start":{"line":277,"column":8},"end":{"line":277,"column":8}},{"start":{"line":277,"column":8},"end":{"line":277,"column":8}}]},"8":{"line":279,"type":"if","locations":[{"start":{"line":279,"column":12},"end":{"line":279,"column":12}},{"start":{"line":279,"column":12},"end":{"line":279,"column":12}}]}}},"contracts/6/forwarder/ERC20ForwarderProxy.sol":{"l":{"21":0,"36":0,"70":0,"71":0,"91":0,"99":0,"100":0,"131":0,"133":0,"140":0,"141":0,"151":0,"152":0,"160":0,"162":0,"164":0,"203":0,"204":0,"206":0,"216":0,"218":0,"225":0,"232":0,"241":0,"242":0,"243":0,"252":0,"266":0,"267":0,"268":0,"269":0,"270":0,"277":0,"278":0,"288":0,"290":0,"299":0,"300":0},"path":"/Users/sachintomar/github/mexa/contracts/6/forwarder/ERC20ForwarderProxy.sol","s":{"1":0,"2":0,"3":0,"4":0,"5":0,"6":0,"7":0,"8":0,"9":0,"10":0,"11":0,"12":0,"13":0,"14":0,"15":0,"16":0,"17":0,"18":0,"19":0,"20":0,"21":0,"22":0,"23":0,"24":0,"25":0,"26":0,"27":0,"28":0,"29":0,"30":0,"31":0},"b":{"1":[0,0],"2":[0,0],"3":[0,0],"4":[0,0],"5":[0,0]},"f":{"1":0,"2":0,"3":0,"4":0,"5":0,"6":0,"7":0,"8":0,"9":0,"10":0,"11":0,"12":0,"13":0,"14":0,"15":0,"16":0,"17":0,"18":0,"19":0,"20":0},"fnMap":{"1":{"name":null,"line":20,"loc":{"start":{"line":20,"column":2},"end":{"line":22,"column":2}}},"2":{"name":"_delegate","line":35,"loc":{"start":{"line":35,"column":2},"end":{"line":54,"column":2}}},"3":{"name":"_willFallback","line":62,"loc":{"start":{"line":62,"column":2},"end":{"line":63,"column":2}}},"4":{"name":"_fallback","line":69,"loc":{"start":{"line":69,"column":2},"end":{"line":72,"column":2}}},"5":{"name":"isContract","line":90,"loc":{"start":{"line":90,"column":2},"end":{"line":101,"column":2}}},"6":{"name":"constructor","line":130,"loc":{"start":{"line":130,"column":2},"end":{"line":134,"column":2}}},"7":{"name":"_implementation","line":139,"loc":{"start":{"line":139,"column":2},"end":{"line":144,"column":2}}},"8":{"name":"_upgradeTo","line":150,"loc":{"start":{"line":150,"column":2},"end":{"line":153,"column":2}}},"9":{"name":"_setImplementation","line":159,"loc":{"start":{"line":159,"column":2},"end":{"line":167,"column":2}}},"10":{"name":"ifAdmin","line":202,"loc":{"start":{"line":202,"column":2},"end":{"line":208,"column":2}}},"11":{"name":"constructor","line":215,"loc":{"start":{"line":215,"column":2},"end":{"line":219,"column":2}}},"12":{"name":"admin","line":224,"loc":{"start":{"line":224,"column":2},"end":{"line":226,"column":2}}},"13":{"name":"implementation","line":231,"loc":{"start":{"line":231,"column":2},"end":{"line":233,"column":2}}},"14":{"name":"changeAdmin","line":240,"loc":{"start":{"line":240,"column":2},"end":{"line":244,"column":2}}},"15":{"name":"upgradeTo","line":251,"loc":{"start":{"line":251,"column":2},"end":{"line":253,"column":2}}},"16":{"name":"upgradeToAndCall","line":265,"loc":{"start":{"line":265,"column":2},"end":{"line":271,"column":2}}},"17":{"name":"_admin","line":276,"loc":{"start":{"line":276,"column":2},"end":{"line":281,"column":2}}},"18":{"name":"_setAdmin","line":287,"loc":{"start":{"line":287,"column":2},"end":{"line":293,"column":2}}},"19":{"name":"_willFallback","line":298,"loc":{"start":{"line":298,"column":2},"end":{"line":301,"column":2}}},"20":{"name":"constructor","line":309,"loc":{"start":{"line":309,"column":4},"end":{"line":310,"column":4}}}},"statementMap":{"1":{"start":{"line":21,"column":4},"end":{"line":21,"column":14}},"2":{"start":{"line":70,"column":4},"end":{"line":70,"column":18}},"3":{"start":{"line":71,"column":4},"end":{"line":71,"column":31}},"4":{"start":{"line":91,"column":4},"end":{"line":91,"column":16}},"5":{"start":{"line":100,"column":4},"end":{"line":100,"column":19}},"6":{"start":{"line":131,"column":4},"end":{"line":131,"column":85}},"7":{"start":{"line":133,"column":4},"end":{"line":133,"column":38}},"8":{"start":{"line":140,"column":4},"end":{"line":140,"column":38}},"9":{"start":{"line":151,"column":4},"end":{"line":151,"column":40}},"10":{"start":{"line":152,"column":4},"end":{"line":152,"column":36}},"11":{"start":{"line":160,"column":4},"end":{"line":160,"column":117}},"12":{"start":{"line":162,"column":4},"end":{"line":162,"column":38}},"13":{"start":{"line":203,"column":4},"end":{"line":203,"column":6433}},"14":{"start":{"line":206,"column":6},"end":{"line":206,"column":16}},"15":{"start":{"line":216,"column":4},"end":{"line":216,"column":67}},"16":{"start":{"line":218,"column":4},"end":{"line":218,"column":20}},"17":{"start":{"line":225,"column":4},"end":{"line":225,"column":19}},"18":{"start":{"line":232,"column":4},"end":{"line":232,"column":28}},"19":{"start":{"line":241,"column":4},"end":{"line":241,"column":92}},"20":{"start":{"line":242,"column":4},"end":{"line":242,"column":41}},"21":{"start":{"line":243,"column":4},"end":{"line":243,"column":22}},"22":{"start":{"line":252,"column":4},"end":{"line":252,"column":32}},"23":{"start":{"line":266,"column":4},"end":{"line":266,"column":32}},"24":{"start":{"line":267,"column":4},"end":{"line":267,"column":16}},"25":{"start":{"line":268,"column":4},"end":{"line":268,"column":20}},"26":{"start":{"line":269,"column":4},"end":{"line":269,"column":80}},"27":{"start":{"line":270,"column":4},"end":{"line":270,"column":19}},"28":{"start":{"line":277,"column":4},"end":{"line":277,"column":29}},"29":{"start":{"line":288,"column":4},"end":{"line":288,"column":29}},"30":{"start":{"line":299,"column":4},"end":{"line":299,"column":88}},"31":{"start":{"line":300,"column":4},"end":{"line":300,"column":24}}},"branchMap":{"1":{"line":160,"type":"if","locations":[{"start":{"line":160,"column":4},"end":{"line":160,"column":4}},{"start":{"line":160,"column":4},"end":{"line":160,"column":4}}]},"2":{"line":203,"type":"if","locations":[{"start":{"line":203,"column":4},"end":{"line":203,"column":4}},{"start":{"line":203,"column":4},"end":{"line":203,"column":4}}]},"3":{"line":241,"type":"if","locations":[{"start":{"line":241,"column":4},"end":{"line":241,"column":4}},{"start":{"line":241,"column":4},"end":{"line":241,"column":4}}]},"4":{"line":270,"type":"if","locations":[{"start":{"line":270,"column":4},"end":{"line":270,"column":4}},{"start":{"line":270,"column":4},"end":{"line":270,"column":4}}]},"5":{"line":299,"type":"if","locations":[{"start":{"line":299,"column":4},"end":{"line":299,"column":4}},{"start":{"line":299,"column":4},"end":{"line":299,"column":4}}]}}},"contracts/6/forwarder/ERC20ForwarderStorage.sol":{"l":{},"path":"/Users/sachintomar/github/mexa/contracts/6/forwarder/ERC20ForwarderStorage.sol","s":{},"b":{},"f":{},"fnMap":{},"statementMap":{},"branchMap":{}},"contracts/6/forwarder/ERC20ForwardRequestCompatible.sol":{"l":{},"path":"/Users/sachintomar/github/mexa/contracts/6/forwarder/ERC20ForwardRequestCompatible.sol","s":{},"b":{},"f":{},"fnMap":{},"statementMap":{},"branchMap":{}},"contracts/6/forwarder/ERC20TransferHandler.sol":{"l":{"13":0,"19":0},"path":"/Users/sachintomar/github/mexa/contracts/6/forwarder/ERC20TransferHandler.sol","s":{"1":0,"2":0,"3":0},"b":{"1":[0,0]},"f":{"1":0,"2":0,"3":0},"fnMap":{"1":{"name":"constructor","line":12,"loc":{"start":{"line":12,"column":4},"end":{"line":14,"column":4}}},"2":{"name":"versionRecipient","line":16,"loc":{"start":{"line":16,"column":4},"end":{"line":16,"column":99}}},"3":{"name":"transfer","line":18,"loc":{"start":{"line":18,"column":4},"end":{"line":20,"column":4}}}},"statementMap":{"1":{"start":{"line":13,"column":8},"end":{"line":13,"column":36}},"2":{"start":{"line":16,"column":88},"end":{"line":16,"column":98}},"3":{"start":{"line":19,"column":8},"end":{"line":19,"column":66}}},"branchMap":{"1":{"line":19,"type":"if","locations":[{"start":{"line":19,"column":8},"end":{"line":19,"column":8}},{"start":{"line":19,"column":8},"end":{"line":19,"column":8}}]}}},"contracts/6/forwarder/OracleAggregator.sol":{"l":{"19":3,"23":1,"24":1,"25":1,"26":1,"30":1,"34":1,"38":1,"39":1,"40":1,"43":0},"path":"/Users/sachintomar/github/mexa/contracts/6/forwarder/OracleAggregator.sol","s":{"1":3,"2":1,"3":1,"4":1,"5":1,"6":1,"7":1,"8":1,"9":1,"10":1,"11":0},"b":{"1":[3,0],"2":[1,0]},"f":{"1":3,"2":1,"3":1,"4":1,"5":1},"fnMap":{"1":{"name":"constructor","line":18,"loc":{"start":{"line":16,"column":4},"end":{"line":20,"column":4}}},"2":{"name":"setTokenOracle","line":22,"loc":{"start":{"line":22,"column":4},"end":{"line":27,"column":4}}},"3":{"name":"getTokenOracleDecimals","line":29,"loc":{"start":{"line":29,"column":4},"end":{"line":31,"column":4}}},"4":{"name":"getTokenPrice","line":33,"loc":{"start":{"line":33,"column":4},"end":{"line":35,"column":4}}},"5":{"name":"_getTokenPrice","line":37,"loc":{"start":{"line":37,"column":4},"end":{"line":45,"column":4}}}},"statementMap":{"1":{"start":{"line":19,"column":8},"end":{"line":19,"column":65}},"2":{"start":{"line":23,"column":8},"end":{"line":23,"column":50}},"3":{"start":{"line":24,"column":8},"end":{"line":24,"column":44}},"4":{"start":{"line":25,"column":8},"end":{"line":25,"column":44}},"5":{"start":{"line":26,"column":8},"end":{"line":26,"column":44}},"6":{"start":{"line":30,"column":8},"end":{"line":30,"column":56}},"7":{"start":{"line":34,"column":8},"end":{"line":34,"column":52}},"8":{"start":{"line":38,"column":8},"end":{"line":38,"column":111}},"9":{"start":{"line":39,"column":8},"end":{"line":39,"column":1453}},"10":{"start":{"line":40,"column":12},"end":{"line":40,"column":61}},"11":{"start":{"line":43,"column":12},"end":{"line":43,"column":56}}},"branchMap":{"1":{"line":19,"type":"if","locations":[{"start":{"line":19,"column":8},"end":{"line":19,"column":8}},{"start":{"line":19,"column":8},"end":{"line":19,"column":8}}]},"2":{"line":39,"type":"if","locations":[{"start":{"line":39,"column":8},"end":{"line":39,"column":8}},{"start":{"line":39,"column":8},"end":{"line":39,"column":8}}]}}},"contracts/6/interfaces/IERC20EIP2612.sol":{"l":{},"path":"/Users/sachintomar/github/mexa/contracts/6/interfaces/IERC20EIP2612.sol","s":{},"b":{},"f":{},"fnMap":{},"statementMap":{},"branchMap":{}},"contracts/6/interfaces/IFeeManager.sol":{"l":{},"path":"/Users/sachintomar/github/mexa/contracts/6/interfaces/IFeeManager.sol","s":{},"b":{},"f":{},"fnMap":{},"statementMap":{},"branchMap":{}},"contracts/6/libs/Ownable.sol":{"l":{"21":15,"28":0,"35":8,"39":8,"46":8,"56":0,"57":0,"65":0,"73":0,"74":0,"75":0},"path":"/Users/sachintomar/github/mexa/contracts/6/libs/Ownable.sol","s":{"1":15,"2":0,"3":8,"4":8,"5":0,"6":0,"7":0,"8":0,"9":0,"10":0},"b":{"1":[8,0],"2":[0,0]},"f":{"1":15,"2":0,"3":8,"4":8,"5":0,"6":0,"7":0},"fnMap":{"1":{"name":"constructor","line":20,"loc":{"start":{"line":20,"column":4},"end":{"line":22,"column":4}}},"2":{"name":"owner","line":27,"loc":{"start":{"line":27,"column":4},"end":{"line":29,"column":4}}},"3":{"name":"onlyOwner","line":34,"loc":{"start":{"line":34,"column":4},"end":{"line":40,"column":4}}},"4":{"name":"isOwner","line":45,"loc":{"start":{"line":45,"column":4},"end":{"line":47,"column":4}}},"5":{"name":"renounceOwnership","line":55,"loc":{"start":{"line":55,"column":4},"end":{"line":58,"column":4}}},"6":{"name":"transferOwnership","line":64,"loc":{"start":{"line":64,"column":4},"end":{"line":66,"column":4}}},"7":{"name":"_transferOwnership","line":72,"loc":{"start":{"line":72,"column":4},"end":{"line":76,"column":4}}}},"statementMap":{"1":{"start":{"line":21,"column":8},"end":{"line":21,"column":21}},"2":{"start":{"line":28,"column":8},"end":{"line":28,"column":21}},"3":{"start":{"line":35,"column":8},"end":{"line":35,"column":835}},"4":{"start":{"line":46,"column":8},"end":{"line":46,"column":35}},"5":{"start":{"line":56,"column":8},"end":{"line":56,"column":53}},"6":{"start":{"line":57,"column":8},"end":{"line":57,"column":26}},"7":{"start":{"line":65,"column":8},"end":{"line":65,"column":35}},"8":{"start":{"line":73,"column":8},"end":{"line":73,"column":38}},"9":{"start":{"line":74,"column":8},"end":{"line":74,"column":51}},"10":{"start":{"line":75,"column":8},"end":{"line":75,"column":24}}},"branchMap":{"1":{"line":35,"type":"if","locations":[{"start":{"line":35,"column":8},"end":{"line":35,"column":8}},{"start":{"line":35,"column":8},"end":{"line":35,"column":8}}]},"2":{"line":73,"type":"if","locations":[{"start":{"line":73,"column":8},"end":{"line":73,"column":8}},{"start":{"line":73,"column":8},"end":{"line":73,"column":8}}]}}},"contracts/6/test/AggregatorInterface.sol":{"l":{},"path":"/Users/sachintomar/github/mexa/contracts/6/test/AggregatorInterface.sol","s":{},"b":{},"f":{},"fnMap":{},"statementMap":{},"branchMap":{}},"contracts/6/test/imports.sol":{"l":{},"path":"/Users/sachintomar/github/mexa/contracts/6/test/imports.sol","s":{},"b":{},"f":{},"fnMap":{},"statementMap":{},"branchMap":{}},"contracts/6/test/MockActions.sol":{"l":{"21":0,"22":0,"26":0,"27":0,"28":0},"path":"/Users/sachintomar/github/mexa/contracts/6/test/MockActions.sol","s":{"1":0,"2":0,"3":0,"4":0,"5":0},"b":{},"f":{"1":0,"2":0},"fnMap":{"1":{"name":"constructor","line":20,"loc":{"start":{"line":20,"column":4},"end":{"line":23,"column":4}}},"2":{"name":"joinPool","line":25,"loc":{"start":{"line":25,"column":4},"end":{"line":29,"column":4}}}},"statementMap":{"1":{"start":{"line":21,"column":8},"end":{"line":21,"column":27}},"2":{"start":{"line":22,"column":8},"end":{"line":22,"column":34}},"3":{"start":{"line":26,"column":8},"end":{"line":26,"column":57}},"4":{"start":{"line":27,"column":8},"end":{"line":27,"column":26}},"5":{"start":{"line":28,"column":8},"end":{"line":28,"column":41}}},"branchMap":{}},"contracts/6/test/mockFaucet.sol":{"l":{"6":1},"path":"/Users/sachintomar/github/mexa/contracts/6/test/mockFaucet.sol","s":{"1":1},"b":{},"f":{"1":1},"fnMap":{"1":{"name":"payUp","line":5,"loc":{"start":{"line":5,"column":4},"end":{"line":7,"column":4}}}},"statementMap":{"1":{"start":{"line":6,"column":8},"end":{"line":6,"column":26}}},"branchMap":{}},"contracts/6/test/MockFeeManager.sol":{"l":{"13":6,"17":6,"21":1,"25":6,"29":7,"33":0},"path":"/Users/sachintomar/github/mexa/contracts/6/test/MockFeeManager.sol","s":{"1":6,"2":6,"3":1,"4":6,"5":7,"6":0},"b":{},"f":{"1":6,"2":6,"3":1,"4":6,"5":7,"6":0},"fnMap":{"1":{"name":"constructor","line":12,"loc":{"start":{"line":12,"column":4},"end":{"line":14,"column":4}}},"2":{"name":"getFeeMultiplier","line":16,"loc":{"start":{"line":16,"column":4},"end":{"line":18,"column":4}}},"3":{"name":"setFeeMultiplier","line":20,"loc":{"start":{"line":20,"column":4},"end":{"line":22,"column":4}}},"4":{"name":"setTokenAllowed","line":24,"loc":{"start":{"line":24,"column":4},"end":{"line":26,"column":4}}},"5":{"name":"getTokenAllowed","line":28,"loc":{"start":{"line":28,"column":4},"end":{"line":30,"column":4}}},"6":{"name":"getPriceFeedAddress","line":32,"loc":{"start":{"line":32,"column":4},"end":{"line":34,"column":4}}}},"statementMap":{"1":{"start":{"line":13,"column":8},"end":{"line":13,"column":15}},"2":{"start":{"line":17,"column":8},"end":{"line":17,"column":23}},"3":{"start":{"line":21,"column":8},"end":{"line":21,"column":23}},"4":{"start":{"line":25,"column":8},"end":{"line":25,"column":36}},"5":{"start":{"line":29,"column":8},"end":{"line":29,"column":36}},"6":{"start":{"line":33,"column":8},"end":{"line":33,"column":29}}},"branchMap":{}},"contracts/6/test/TestnetDAI.sol":{"l":{"22":3,"23":3},"path":"/Users/sachintomar/github/mexa/contracts/6/test/TestnetDAI.sol","s":{"1":3,"2":3},"b":{},"f":{"1":6,"2":3},"fnMap":{"1":{"name":"constructor","line":13,"loc":{"start":{"line":13,"column":4},"end":{"line":13,"column":53}}},"2":{"name":"mint","line":21,"loc":{"start":{"line":21,"column":4},"end":{"line":24,"column":4}}}},"statementMap":{"1":{"start":{"line":22,"column":8},"end":{"line":22,"column":23}},"2":{"start":{"line":23,"column":8},"end":{"line":23,"column":19}}},"branchMap":{}},"contracts/6/test/TestRecipient.sol":{"l":{"11":9,"15":0,"16":0},"path":"/Users/sachintomar/github/mexa/contracts/6/test/TestRecipient.sol","s":{"1":9,"2":0,"3":0},"b":{"1":[0,0]},"f":{"1":9,"2":0,"3":10,"4":0},"fnMap":{"1":{"name":"constructor","line":10,"loc":{"start":{"line":10,"column":4},"end":{"line":12,"column":4}}},"2":{"name":"doCall","line":14,"loc":{"start":{"line":14,"column":4},"end":{"line":17,"column":4}}},"3":{"name":"nada","line":19,"loc":{"start":{"line":19,"column":4},"end":{"line":20,"column":4}}},"4":{"name":"versionRecipient","line":22,"loc":{"start":{"line":22,"column":4},"end":{"line":22,"column":98}}}},"statementMap":{"1":{"start":{"line":11,"column":8},"end":{"line":11,"column":35}},"2":{"start":{"line":15,"column":8},"end":{"line":15,"column":38}},"3":{"start":{"line":22,"column":87},"end":{"line":22,"column":97}}},"branchMap":{"1":{"line":15,"type":"if","locations":[{"start":{"line":15,"column":8},"end":{"line":15,"column":8}},{"start":{"line":15,"column":8},"end":{"line":15,"column":8}}]}}},"contracts/6/test/TestToken.sol":{"l":{"11":0,"15":0,"16":0},"path":"/Users/sachintomar/github/mexa/contracts/6/test/TestToken.sol","s":{"1":0,"2":0,"3":0},"b":{},"f":{"1":0,"2":0},"fnMap":{"1":{"name":"constructor","line":10,"loc":{"start":{"line":10,"column":4},"end":{"line":12,"column":4}}},"2":{"name":"mint","line":14,"loc":{"start":{"line":14,"column":4},"end":{"line":17,"column":4}}}},"statementMap":{"1":{"start":{"line":11,"column":8},"end":{"line":11,"column":26}},"2":{"start":{"line":15,"column":8},"end":{"line":15,"column":57}},"3":{"start":{"line":16,"column":8},"end":{"line":16,"column":31}}},"branchMap":{}}}