{"contracts\\5\\balancer\\MexaExchangeProxy.sol":{"l":{"50":0,"51":0,"55":0,"56":0,"57":0,"58":0,"65":0,"69":0,"70":0,"71":0,"86":0,"87":0,"88":0,"89":0,"90":0,"92":0,"93":0,"94":0,"96":0,"103":0,"105":0,"106":0,"107":0,"108":0,"122":0,"123":0,"124":0,"125":0,"126":0,"127":0,"128":0,"129":0,"131":0,"138":0,"140":0,"141":0,"142":0,"143":0,"156":0,"157":0,"158":0,"159":0,"160":0,"161":0,"162":0,"164":0,"171":0,"173":0,"174":0,"175":0,"176":0,"177":0,"178":0,"179":0,"181":0,"195":0,"196":0,"197":0,"198":0,"199":0,"200":0,"201":0,"203":0,"211":0,"213":0,"214":0,"215":0,"216":0,"217":0,"218":0,"219":0,"231":0,"232":0,"233":0,"234":0,"235":0,"236":0,"237":0,"239":0,"247":0,"249":0,"250":0,"251":0,"252":0,"253":0,"254":0,"256":0,"269":0,"270":0,"271":0,"272":0,"273":0,"274":0,"275":0,"277":0,"285":0,"287":0,"288":0,"289":0,"290":0,"291":0,"292":0,"293":0},"path":"C:\\Users\\mundh\\Documents\\Biconomy\\mexa\\contracts\\5\\balancer\\MexaExchangeProxy.sol","s":{"1":0,"2":0,"3":0,"4":0,"5":0,"6":0,"7":0,"8":0,"9":0,"10":0,"11":0,"12":0,"13":0,"14":0,"15":0,"16":0,"17":0,"18":0,"19":0,"20":0,"21":0,"22":0,"23":0,"24":0,"25":0,"26":0,"27":0,"28":0,"29":0,"30":0,"31":0,"32":0,"33":0,"34":0,"35":0,"36":0,"37":0,"38":0,"39":0,"40":0,"41":0,"42":0,"43":0,"44":0,"45":0,"46":0,"47":0,"48":0,"49":0,"50":0,"51":0,"52":0,"53":0,"54":0,"55":0,"56":0,"57":0,"58":0,"59":0,"60":0,"61":0,"62":0,"63":0,"64":0,"65":0,"66":0,"67":0,"68":0,"69":0,"70":0,"71":0,"72":0,"73":0,"74":0,"75":0,"76":0,"77":0,"78":0,"79":0,"80":0,"81":0,"82":0,"83":0,"84":0,"85":0,"86":0,"87":0,"88":0,"89":0,"90":0,"91":0,"92":0,"93":0,"94":0,"95":0,"96":0,"97":0,"98":0,"99":0,"100":0,"101":0},"b":{"1":[0,0],"2":[0,0],"3":[0,0],"4":[0,0],"5":[0,0],"6":[0,0],"7":[0,0],"8":[0,0],"9":[0,0],"10":[0,0],"11":[0,0],"12":[0,0],"13":[0,0],"14":[0,0],"15":[0,0],"16":[0,0],"17":[0,0],"18":[0,0],"19":[0,0],"20":[0,0],"21":[0,0],"22":[0,0],"23":[0,0],"24":[0,0],"25":[0,0],"26":[0,0],"27":[0,0],"28":[0,0],"29":[0,0],"30":[0,0],"31":[0,0]},"f":{"1":0,"2":0,"3":0,"4":0,"5":0,"6":0,"7":0,"8":0,"9":0,"10":0,"11":0},"fnMap":{"1":{"name":"_logs_","line":49,"loc":{"start":{"line":49,"column":4},"end":{"line":52,"column":4}}},"2":{"name":"_lock_","line":54,"loc":{"start":{"line":54,"column":4},"end":{"line":59,"column":4}}},"3":{"name":"constructor","line":64,"loc":{"start":{"line":64,"column":4},"end":{"line":66,"column":4}}},"4":{"name":"add","line":68,"loc":{"start":{"line":68,"column":4},"end":{"line":72,"column":4}}},"5":{"name":"batchSwapExactIn","line":83,"loc":{"start":{"line":74,"column":4},"end":{"line":109,"column":4}}},"6":{"name":"batchSwapExactOut","line":119,"loc":{"start":{"line":111,"column":4},"end":{"line":144,"column":4}}},"7":{"name":"batchEthInSwapExactIn","line":153,"loc":{"start":{"line":146,"column":4},"end":{"line":182,"column":4}}},"8":{"name":"batchEthOutSwapExactIn","line":192,"loc":{"start":{"line":184,"column":4},"end":{"line":220,"column":4}}},"9":{"name":"batchEthInSwapExactOut","line":228,"loc":{"start":{"line":222,"column":4},"end":{"line":257,"column":4}}},"10":{"name":"batchEthOutSwapExactOut","line":266,"loc":{"start":{"line":259,"column":4},"end":{"line":294,"column":4}}},"11":{"name":"","line":296,"loc":{"start":{"line":296,"column":4},"end":{"line":296,"column":33}}}},"statementMap":{"1":{"start":{"line":50,"column":8},"end":{"line":50,"column":53}},"2":{"start":{"line":55,"column":8},"end":{"line":55,"column":38}},"3":{"start":{"line":56,"column":8},"end":{"line":56,"column":20}},"4":{"start":{"line":58,"column":8},"end":{"line":58,"column":21}},"5":{"start":{"line":65,"column":8},"end":{"line":65,"column":35}},"6":{"start":{"line":69,"column":8},"end":{"line":69,"column":22}},"7":{"start":{"line":70,"column":8},"end":{"line":70,"column":42}},"8":{"start":{"line":71,"column":8},"end":{"line":71,"column":16}},"9":{"start":{"line":86,"column":8},"end":{"line":86,"column":51}},"10":{"start":{"line":87,"column":8},"end":{"line":87,"column":52}},"11":{"start":{"line":88,"column":8},"end":{"line":88,"column":97}},"12":{"start":{"line":89,"column":8},"end":{"line":89,"column":2895}},"13":{"start":{"line":90,"column":12},"end":{"line":90,"column":39}},"14":{"start":{"line":92,"column":12},"end":{"line":92,"column":57}},"15":{"start":{"line":93,"column":12},"end":{"line":93,"column":3070}},"16":{"start":{"line":94,"column":16},"end":{"line":94,"column":46}},"17":{"start":{"line":96,"column":12},"end":{"line":96,"column":3235}},"18":{"start":{"line":103,"column":12},"end":{"line":103,"column":63}},"19":{"start":{"line":105,"column":8},"end":{"line":105,"column":68}},"20":{"start":{"line":106,"column":8},"end":{"line":106,"column":92}},"21":{"start":{"line":107,"column":8},"end":{"line":107,"column":92}},"22":{"start":{"line":108,"column":8},"end":{"line":108,"column":29}},"23":{"start":{"line":122,"column":8},"end":{"line":122,"column":51}},"24":{"start":{"line":123,"column":8},"end":{"line":123,"column":52}},"25":{"start":{"line":124,"column":8},"end":{"line":124,"column":100}},"26":{"start":{"line":125,"column":8},"end":{"line":125,"column":4424}},"27":{"start":{"line":126,"column":12},"end":{"line":126,"column":39}},"28":{"start":{"line":127,"column":12},"end":{"line":127,"column":57}},"29":{"start":{"line":128,"column":12},"end":{"line":128,"column":4585}},"30":{"start":{"line":129,"column":16},"end":{"line":129,"column":46}},"31":{"start":{"line":131,"column":12},"end":{"line":131,"column":4753}},"32":{"start":{"line":138,"column":12},"end":{"line":138,"column":60}},"33":{"start":{"line":140,"column":8},"end":{"line":140,"column":65}},"34":{"start":{"line":141,"column":8},"end":{"line":141,"column":92}},"35":{"start":{"line":142,"column":8},"end":{"line":142,"column":92}},"36":{"start":{"line":143,"column":8},"end":{"line":143,"column":28}},"37":{"start":{"line":156,"column":8},"end":{"line":156,"column":52}},"38":{"start":{"line":157,"column":8},"end":{"line":157,"column":36}},"39":{"start":{"line":158,"column":8},"end":{"line":158,"column":5807}},"40":{"start":{"line":159,"column":12},"end":{"line":159,"column":39}},"41":{"start":{"line":160,"column":12},"end":{"line":160,"column":57}},"42":{"start":{"line":161,"column":12},"end":{"line":161,"column":5968}},"43":{"start":{"line":162,"column":16},"end":{"line":162,"column":48}},"44":{"start":{"line":164,"column":12},"end":{"line":164,"column":6133}},"45":{"start":{"line":171,"column":12},"end":{"line":171,"column":63}},"46":{"start":{"line":173,"column":8},"end":{"line":173,"column":68}},"47":{"start":{"line":174,"column":8},"end":{"line":174,"column":92}},"48":{"start":{"line":175,"column":8},"end":{"line":175,"column":56}},"49":{"start":{"line":176,"column":8},"end":{"line":176,"column":6790}},"50":{"start":{"line":177,"column":12},"end":{"line":177,"column":37}},"51":{"start":{"line":178,"column":12},"end":{"line":178,"column":66}},"52":{"start":{"line":179,"column":12},"end":{"line":179,"column":42}},"53":{"start":{"line":181,"column":8},"end":{"line":181,"column":29}},"54":{"start":{"line":195,"column":8},"end":{"line":195,"column":51}},"55":{"start":{"line":196,"column":8},"end":{"line":196,"column":97}},"56":{"start":{"line":197,"column":8},"end":{"line":197,"column":7441}},"57":{"start":{"line":198,"column":12},"end":{"line":198,"column":39}},"58":{"start":{"line":199,"column":12},"end":{"line":199,"column":57}},"59":{"start":{"line":200,"column":12},"end":{"line":200,"column":7602}},"60":{"start":{"line":201,"column":16},"end":{"line":201,"column":46}},"61":{"start":{"line":203,"column":12},"end":{"line":203,"column":7767}},"62":{"start":{"line":211,"column":12},"end":{"line":211,"column":63}},"63":{"start":{"line":213,"column":8},"end":{"line":213,"column":68}},"64":{"start":{"line":214,"column":8},"end":{"line":214,"column":56}},"65":{"start":{"line":215,"column":8},"end":{"line":215,"column":33}},"66":{"start":{"line":216,"column":8},"end":{"line":216,"column":62}},"67":{"start":{"line":217,"column":8},"end":{"line":217,"column":38}},"68":{"start":{"line":218,"column":8},"end":{"line":218,"column":92}},"69":{"start":{"line":219,"column":8},"end":{"line":219,"column":29}},"70":{"start":{"line":231,"column":8},"end":{"line":231,"column":52}},"71":{"start":{"line":232,"column":8},"end":{"line":232,"column":36}},"72":{"start":{"line":233,"column":8},"end":{"line":233,"column":8909}},"73":{"start":{"line":234,"column":12},"end":{"line":234,"column":39}},"74":{"start":{"line":235,"column":12},"end":{"line":235,"column":57}},"75":{"start":{"line":236,"column":12},"end":{"line":236,"column":9070}},"76":{"start":{"line":237,"column":16},"end":{"line":237,"column":48}},"77":{"start":{"line":239,"column":12},"end":{"line":239,"column":9235}},"78":{"start":{"line":247,"column":12},"end":{"line":247,"column":60}},"79":{"start":{"line":249,"column":8},"end":{"line":249,"column":92}},"80":{"start":{"line":250,"column":8},"end":{"line":250,"column":56}},"81":{"start":{"line":251,"column":8},"end":{"line":251,"column":9819}},"82":{"start":{"line":252,"column":12},"end":{"line":252,"column":37}},"83":{"start":{"line":253,"column":12},"end":{"line":253,"column":66}},"84":{"start":{"line":254,"column":12},"end":{"line":254,"column":42}},"85":{"start":{"line":256,"column":8},"end":{"line":256,"column":28}},"86":{"start":{"line":269,"column":8},"end":{"line":269,"column":51}},"87":{"start":{"line":270,"column":8},"end":{"line":270,"column":100}},"88":{"start":{"line":271,"column":8},"end":{"line":271,"column":10442}},"89":{"start":{"line":272,"column":12},"end":{"line":272,"column":39}},"90":{"start":{"line":273,"column":12},"end":{"line":273,"column":57}},"91":{"start":{"line":274,"column":12},"end":{"line":274,"column":10603}},"92":{"start":{"line":275,"column":16},"end":{"line":275,"column":46}},"93":{"start":{"line":277,"column":12},"end":{"line":277,"column":10771}},"94":{"start":{"line":285,"column":12},"end":{"line":285,"column":60}},"95":{"start":{"line":287,"column":8},"end":{"line":287,"column":65}},"96":{"start":{"line":288,"column":8},"end":{"line":288,"column":92}},"97":{"start":{"line":289,"column":8},"end":{"line":289,"column":56}},"98":{"start":{"line":290,"column":8},"end":{"line":290,"column":33}},"99":{"start":{"line":291,"column":8},"end":{"line":291,"column":62}},"100":{"start":{"line":292,"column":8},"end":{"line":292,"column":38}},"101":{"start":{"line":293,"column":8},"end":{"line":293,"column":28}}},"branchMap":{"1":{"line":55,"type":"if","locations":[{"start":{"line":55,"column":8},"end":{"line":55,"column":8}},{"start":{"line":55,"column":8},"end":{"line":55,"column":8}}]},"2":{"line":70,"type":"if","locations":[{"start":{"line":70,"column":8},"end":{"line":70,"column":8}},{"start":{"line":70,"column":8},"end":{"line":70,"column":8}}]},"3":{"line":88,"type":"if","locations":[{"start":{"line":88,"column":8},"end":{"line":88,"column":8}},{"start":{"line":88,"column":8},"end":{"line":88,"column":8}}]},"4":{"line":93,"type":"if","locations":[{"start":{"line":93,"column":12},"end":{"line":93,"column":12}},{"start":{"line":93,"column":12},"end":{"line":93,"column":12}}]},"5":{"line":105,"type":"if","locations":[{"start":{"line":105,"column":8},"end":{"line":105,"column":8}},{"start":{"line":105,"column":8},"end":{"line":105,"column":8}}]},"6":{"line":106,"type":"if","locations":[{"start":{"line":106,"column":8},"end":{"line":106,"column":8}},{"start":{"line":106,"column":8},"end":{"line":106,"column":8}}]},"7":{"line":107,"type":"if","locations":[{"start":{"line":107,"column":8},"end":{"line":107,"column":8}},{"start":{"line":107,"column":8},"end":{"line":107,"column":8}}]},"8":{"line":124,"type":"if","locations":[{"start":{"line":124,"column":8},"end":{"line":124,"column":8}},{"start":{"line":124,"column":8},"end":{"line":124,"column":8}}]},"9":{"line":128,"type":"if","locations":[{"start":{"line":128,"column":12},"end":{"line":128,"column":12}},{"start":{"line":128,"column":12},"end":{"line":128,"column":12}}]},"10":{"line":140,"type":"if","locations":[{"start":{"line":140,"column":8},"end":{"line":140,"column":8}},{"start":{"line":140,"column":8},"end":{"line":140,"column":8}}]},"11":{"line":141,"type":"if","locations":[{"start":{"line":141,"column":8},"end":{"line":141,"column":8}},{"start":{"line":141,"column":8},"end":{"line":141,"column":8}}]},"12":{"line":142,"type":"if","locations":[{"start":{"line":142,"column":8},"end":{"line":142,"column":8}},{"start":{"line":142,"column":8},"end":{"line":142,"column":8}}]},"13":{"line":161,"type":"if","locations":[{"start":{"line":161,"column":12},"end":{"line":161,"column":12}},{"start":{"line":161,"column":12},"end":{"line":161,"column":12}}]},"14":{"line":173,"type":"if","locations":[{"start":{"line":173,"column":8},"end":{"line":173,"column":8}},{"start":{"line":173,"column":8},"end":{"line":173,"column":8}}]},"15":{"line":174,"type":"if","locations":[{"start":{"line":174,"column":8},"end":{"line":174,"column":8}},{"start":{"line":174,"column":8},"end":{"line":174,"column":8}}]},"16":{"line":176,"type":"if","locations":[{"start":{"line":176,"column":8},"end":{"line":176,"column":8}},{"start":{"line":176,"column":8},"end":{"line":176,"column":8}}]},"17":{"line":179,"type":"if","locations":[{"start":{"line":179,"column":12},"end":{"line":179,"column":12}},{"start":{"line":179,"column":12},"end":{"line":179,"column":12}}]},"18":{"line":196,"type":"if","locations":[{"start":{"line":196,"column":8},"end":{"line":196,"column":8}},{"start":{"line":196,"column":8},"end":{"line":196,"column":8}}]},"19":{"line":200,"type":"if","locations":[{"start":{"line":200,"column":12},"end":{"line":200,"column":12}},{"start":{"line":200,"column":12},"end":{"line":200,"column":12}}]},"20":{"line":213,"type":"if","locations":[{"start":{"line":213,"column":8},"end":{"line":213,"column":8}},{"start":{"line":213,"column":8},"end":{"line":213,"column":8}}]},"21":{"line":217,"type":"if","locations":[{"start":{"line":217,"column":8},"end":{"line":217,"column":8}},{"start":{"line":217,"column":8},"end":{"line":217,"column":8}}]},"22":{"line":218,"type":"if","locations":[{"start":{"line":218,"column":8},"end":{"line":218,"column":8}},{"start":{"line":218,"column":8},"end":{"line":218,"column":8}}]},"23":{"line":236,"type":"if","locations":[{"start":{"line":236,"column":12},"end":{"line":236,"column":12}},{"start":{"line":236,"column":12},"end":{"line":236,"column":12}}]},"24":{"line":249,"type":"if","locations":[{"start":{"line":249,"column":8},"end":{"line":249,"column":8}},{"start":{"line":249,"column":8},"end":{"line":249,"column":8}}]},"25":{"line":251,"type":"if","locations":[{"start":{"line":251,"column":8},"end":{"line":251,"column":8}},{"start":{"line":251,"column":8},"end":{"line":251,"column":8}}]},"26":{"line":254,"type":"if","locations":[{"start":{"line":254,"column":12},"end":{"line":254,"column":12}},{"start":{"line":254,"column":12},"end":{"line":254,"column":12}}]},"27":{"line":270,"type":"if","locations":[{"start":{"line":270,"column":8},"end":{"line":270,"column":8}},{"start":{"line":270,"column":8},"end":{"line":270,"column":8}}]},"28":{"line":274,"type":"if","locations":[{"start":{"line":274,"column":12},"end":{"line":274,"column":12}},{"start":{"line":274,"column":12},"end":{"line":274,"column":12}}]},"29":{"line":287,"type":"if","locations":[{"start":{"line":287,"column":8},"end":{"line":287,"column":8}},{"start":{"line":287,"column":8},"end":{"line":287,"column":8}}]},"30":{"line":288,"type":"if","locations":[{"start":{"line":288,"column":8},"end":{"line":288,"column":8}},{"start":{"line":288,"column":8},"end":{"line":288,"column":8}}]},"31":{"line":292,"type":"if","locations":[{"start":{"line":292,"column":8},"end":{"line":292,"column":8}},{"start":{"line":292,"column":8},"end":{"line":292,"column":8}}]}}},"contracts\\5\\BasicMetaTransaction.sol":{"l":{"14":0,"33":0,"34":0,"37":0,"39":0,"40":0,"41":0,"46":0,"52":0,"53":0,"54":0,"55":0,"59":0,"60":0,"61":0,"62":0,"67":0},"path":"C:\\Users\\mundh\\Documents\\Biconomy\\mexa\\contracts\\5\\BasicMetaTransaction.sol","s":{"1":0,"2":0,"3":0,"4":0,"5":0,"6":0,"7":0,"8":0,"9":0,"10":0,"11":0,"12":0,"13":0,"14":0,"15":0},"b":{"1":[0,0],"2":[0,0],"3":[0,0],"4":[0,0]},"f":{"1":0,"2":0,"3":0,"4":0,"5":0},"fnMap":{"1":{"name":"getChainID","line":13,"loc":{"start":{"line":13,"column":4},"end":{"line":17,"column":4}}},"2":{"name":"executeMetaTransaction","line":30,"loc":{"start":{"line":30,"column":4},"end":{"line":42,"column":4}}},"3":{"name":"prefixed","line":45,"loc":{"start":{"line":45,"column":4},"end":{"line":47,"column":4}}},"4":{"name":"verify","line":49,"loc":{"start":{"line":49,"column":4},"end":{"line":56,"column":4}}},"5":{"name":"msgSender","line":58,"loc":{"start":{"line":58,"column":4},"end":{"line":69,"column":4}}}},"statementMap":{"1":{"start":{"line":33,"column":8},"end":{"line":33,"column":144}},"2":{"start":{"line":34,"column":8},"end":{"line":34,"column":55}},"3":{"start":{"line":37,"column":8},"end":{"line":37,"column":118}},"4":{"start":{"line":39,"column":8},"end":{"line":39,"column":55}},"5":{"start":{"line":40,"column":8},"end":{"line":40,"column":80}},"6":{"start":{"line":41,"column":8},"end":{"line":41,"column":25}},"7":{"start":{"line":46,"column":8},"end":{"line":46,"column":84}},"8":{"start":{"line":52,"column":8},"end":{"line":52,"column":101}},"9":{"start":{"line":53,"column":8},"end":{"line":53,"column":58}},"10":{"start":{"line":54,"column":8},"end":{"line":54,"column":57}},"11":{"start":{"line":55,"column":2},"end":{"line":55,"column":26}},"12":{"start":{"line":59,"column":8},"end":{"line":59,"column":2618}},"13":{"start":{"line":60,"column":12},"end":{"line":60,"column":41}},"14":{"start":{"line":61,"column":12},"end":{"line":61,"column":43}},"15":{"start":{"line":67,"column":12},"end":{"line":67,"column":29}}},"branchMap":{"1":{"line":33,"type":"if","locations":[{"start":{"line":33,"column":8},"end":{"line":33,"column":8}},{"start":{"line":33,"column":8},"end":{"line":33,"column":8}}]},"2":{"line":39,"type":"if","locations":[{"start":{"line":39,"column":8},"end":{"line":39,"column":8}},{"start":{"line":39,"column":8},"end":{"line":39,"column":8}}]},"3":{"line":54,"type":"if","locations":[{"start":{"line":54,"column":8},"end":{"line":54,"column":8}},{"start":{"line":54,"column":8},"end":{"line":54,"column":8}}]},"4":{"line":59,"type":"if","locations":[{"start":{"line":59,"column":8},"end":{"line":59,"column":8}},{"start":{"line":59,"column":8},"end":{"line":59,"column":8}}]}}},"contracts\\5\\dsproxy\\dsProxy.sol":{"l":{"37":0,"38":0,"45":0,"46":0,"53":0,"54":0,"58":0,"59":0,"63":0,"64":0,"66":0,"68":0,"70":0,"86":0,"87":0,"88":0,"90":0,"96":0,"98":0,"116":0,"128":0,"129":0,"131":0,"134":0,"144":0,"147":0,"171":0,"172":0,"173":0,"186":0,"192":0,"198":0,"199":0,"200":0,"201":0,"219":0,"220":0,"224":0,"232":0,"233":0},"path":"C:\\Users\\mundh\\Documents\\Biconomy\\mexa\\contracts\\5\\dsproxy\\dsProxy.sol","s":{"1":0,"2":0,"3":0,"4":0,"5":0,"6":0,"7":0,"8":0,"9":0,"10":0,"11":0,"12":0,"13":0,"14":0,"15":0,"16":0,"17":0,"18":0,"19":0,"20":0,"21":0,"22":0,"23":0,"24":0,"25":0,"26":0,"27":0,"28":0,"29":0,"30":0,"31":0,"32":0,"33":0,"34":0,"35":0,"36":0,"37":0},"b":{"1":[0,0],"2":[0,0],"3":[0,0],"4":[0,0],"5":[0,0],"6":[0,0],"7":[0,0]},"f":{"1":0,"2":0,"3":0,"4":0,"5":0,"6":0,"7":0,"8":0,"9":0,"10":0,"11":0,"12":0,"13":0,"14":0,"15":0,"16":0},"fnMap":{"1":{"name":"constructor","line":36,"loc":{"start":{"line":36,"column":4},"end":{"line":39,"column":4}}},"2":{"name":"setOwner","line":43,"loc":{"start":{"line":41,"column":4},"end":{"line":47,"column":4}}},"3":{"name":"setAuthority","line":51,"loc":{"start":{"line":49,"column":4},"end":{"line":55,"column":4}}},"4":{"name":"auth","line":57,"loc":{"start":{"line":57,"column":4},"end":{"line":60,"column":4}}},"5":{"name":"isAuthorized","line":62,"loc":{"start":{"line":62,"column":4},"end":{"line":72,"column":4}}},"6":{"name":"note","line":85,"loc":{"start":{"line":85,"column":4},"end":{"line":99,"column":4}}},"7":{"name":"constructor","line":115,"loc":{"start":{"line":115,"column":4},"end":{"line":117,"column":4}}},"8":{"name":"","line":119,"loc":{"start":{"line":119,"column":4},"end":{"line":120,"column":4}}},"9":{"name":"execute","line":123,"loc":{"start":{"line":123,"column":4},"end":{"line":135,"column":4}}},"10":{"name":"execute","line":140,"loc":{"start":{"line":137,"column":4},"end":{"line":162,"column":4}}},"11":{"name":"setCache","line":168,"loc":{"start":{"line":165,"column":4},"end":{"line":174,"column":4}}},"12":{"name":"constructor","line":185,"loc":{"start":{"line":185,"column":4},"end":{"line":187,"column":4}}},"13":{"name":"build","line":191,"loc":{"start":{"line":191,"column":4},"end":{"line":193,"column":4}}},"14":{"name":"build","line":197,"loc":{"start":{"line":197,"column":4},"end":{"line":202,"column":4}}},"15":{"name":"read","line":218,"loc":{"start":{"line":218,"column":4},"end":{"line":221,"column":4}}},"16":{"name":"write","line":223,"loc":{"start":{"line":223,"column":4},"end":{"line":234,"column":4}}}},"statementMap":{"1":{"start":{"line":37,"column":8},"end":{"line":37,"column":25}},"2":{"start":{"line":38,"column":8},"end":{"line":38,"column":36}},"3":{"start":{"line":45,"column":8},"end":{"line":45,"column":21}},"4":{"start":{"line":46,"column":8},"end":{"line":46,"column":31}},"5":{"start":{"line":53,"column":8},"end":{"line":53,"column":29}},"6":{"start":{"line":54,"column":8},"end":{"line":54,"column":48}},"7":{"start":{"line":58,"column":8},"end":{"line":58,"column":73}},"8":{"start":{"line":63,"column":8},"end":{"line":63,"column":1828}},"9":{"start":{"line":64,"column":12},"end":{"line":64,"column":23}},"10":{"start":{"line":65,"column":15},"end":{"line":65,"column":1898}},"11":{"start":{"line":66,"column":12},"end":{"line":66,"column":23}},"12":{"start":{"line":67,"column":15},"end":{"line":67,"column":1960}},"13":{"start":{"line":68,"column":12},"end":{"line":68,"column":24}},"14":{"start":{"line":70,"column":12},"end":{"line":70,"column":61}},"15":{"start":{"line":86,"column":8},"end":{"line":86,"column":19}},"16":{"start":{"line":87,"column":8},"end":{"line":87,"column":19}},"17":{"start":{"line":88,"column":8},"end":{"line":88,"column":19}},"18":{"start":{"line":98,"column":8},"end":{"line":98,"column":66}},"19":{"start":{"line":116,"column":8},"end":{"line":116,"column":27}},"20":{"start":{"line":128,"column":8},"end":{"line":128,"column":33}},"21":{"start":{"line":129,"column":8},"end":{"line":129,"column":3458}},"22":{"start":{"line":131,"column":12},"end":{"line":131,"column":38}},"23":{"start":{"line":134,"column":8},"end":{"line":134,"column":40}},"24":{"start":{"line":144,"column":8},"end":{"line":144,"column":73}},"25":{"start":{"line":171,"column":8},"end":{"line":171,"column":75}},"26":{"start":{"line":172,"column":8},"end":{"line":172,"column":39}},"27":{"start":{"line":173,"column":8},"end":{"line":173,"column":19}},"28":{"start":{"line":186,"column":8},"end":{"line":186,"column":33}},"29":{"start":{"line":192,"column":8},"end":{"line":192,"column":32}},"30":{"start":{"line":198,"column":8},"end":{"line":198,"column":51}},"31":{"start":{"line":199,"column":8},"end":{"line":199,"column":71}},"32":{"start":{"line":200,"column":8},"end":{"line":200,"column":37}},"33":{"start":{"line":201,"column":8},"end":{"line":201,"column":28}},"34":{"start":{"line":219,"column":8},"end":{"line":219,"column":39}},"35":{"start":{"line":220,"column":8},"end":{"line":220,"column":26}},"36":{"start":{"line":232,"column":8},"end":{"line":232,"column":39}},"37":{"start":{"line":233,"column":8},"end":{"line":233,"column":27}}},"branchMap":{"1":{"line":58,"type":"if","locations":[{"start":{"line":58,"column":8},"end":{"line":58,"column":8}},{"start":{"line":58,"column":8},"end":{"line":58,"column":8}}]},"2":{"line":63,"type":"if","locations":[{"start":{"line":63,"column":8},"end":{"line":63,"column":8}},{"start":{"line":63,"column":8},"end":{"line":63,"column":8}}]},"3":{"line":65,"type":"if","locations":[{"start":{"line":65,"column":15},"end":{"line":65,"column":15}},{"start":{"line":65,"column":15},"end":{"line":65,"column":15}}]},"4":{"line":67,"type":"if","locations":[{"start":{"line":67,"column":15},"end":{"line":67,"column":15}},{"start":{"line":67,"column":15},"end":{"line":67,"column":15}}]},"5":{"line":129,"type":"if","locations":[{"start":{"line":129,"column":8},"end":{"line":129,"column":8}},{"start":{"line":129,"column":8},"end":{"line":129,"column":8}}]},"6":{"line":144,"type":"if","locations":[{"start":{"line":144,"column":8},"end":{"line":144,"column":8}},{"start":{"line":144,"column":8},"end":{"line":144,"column":8}}]},"7":{"line":171,"type":"if","locations":[{"start":{"line":171,"column":8},"end":{"line":171,"column":8}},{"start":{"line":171,"column":8},"end":{"line":171,"column":8}}]}}},"contracts\\5\\dsproxy\\MexaDSProxyFactory.sol":{"l":{"25":0,"39":0,"40":0,"45":0,"47":0,"55":0,"56":0,"57":0,"58":0,"60":0,"62":0,"66":0,"70":0,"71":0,"72":0,"73":0,"74":0},"path":"C:\\Users\\mundh\\Documents\\Biconomy\\mexa\\contracts\\5\\dsproxy\\MexaDSProxyFactory.sol","s":{"1":0,"2":0,"3":0,"4":0,"5":0,"6":0,"7":0,"8":0,"9":0,"10":0,"11":0,"12":0,"13":0,"14":0,"15":0},"b":{"1":[0,0],"2":[0,0],"3":[0,0],"4":[0,0]},"f":{"1":0,"2":0,"3":0,"4":0},"fnMap":{"1":{"name":"metaBuild","line":23,"loc":{"start":{"line":23,"column":4},"end":{"line":49,"column":4}}},"2":{"name":"metaBuildWithBasicSign","line":52,"loc":{"start":{"line":52,"column":4},"end":{"line":63,"column":4}}},"3":{"name":"prefixed","line":65,"loc":{"start":{"line":65,"column":4},"end":{"line":67,"column":4}}},"4":{"name":"_authorityBuild","line":69,"loc":{"start":{"line":69,"column":4},"end":{"line":75,"column":4}}}},"statementMap":{"1":{"start":{"line":25,"column":8},"end":{"line":25,"column":835}},"2":{"start":{"line":39,"column":8},"end":{"line":39,"column":57}},"3":{"start":{"line":40,"column":8},"end":{"line":40,"column":1317}},"4":{"start":{"line":47,"column":8},"end":{"line":47,"column":48}},"5":{"start":{"line":55,"column":8},"end":{"line":55,"column":116}},"6":{"start":{"line":56,"column":8},"end":{"line":56,"column":79}},"7":{"start":{"line":57,"column":8},"end":{"line":57,"column":57}},"8":{"start":{"line":58,"column":8},"end":{"line":58,"column":53}},"9":{"start":{"line":62,"column":8},"end":{"line":62,"column":48}},"10":{"start":{"line":66,"column":8},"end":{"line":66,"column":84}},"11":{"start":{"line":70,"column":8},"end":{"line":70,"column":51}},"12":{"start":{"line":71,"column":8},"end":{"line":71,"column":72}},"13":{"start":{"line":72,"column":8},"end":{"line":72,"column":58}},"14":{"start":{"line":73,"column":8},"end":{"line":73,"column":38}},"15":{"start":{"line":74,"column":8},"end":{"line":74,"column":28}}},"branchMap":{"1":{"line":39,"type":"if","locations":[{"start":{"line":39,"column":8},"end":{"line":39,"column":8}},{"start":{"line":39,"column":8},"end":{"line":39,"column":8}}]},"2":{"line":40,"type":"if","locations":[{"start":{"line":40,"column":8},"end":{"line":40,"column":8}},{"start":{"line":40,"column":8},"end":{"line":40,"column":8}}]},"3":{"line":57,"type":"if","locations":[{"start":{"line":57,"column":8},"end":{"line":57,"column":8}},{"start":{"line":57,"column":8},"end":{"line":57,"column":8}}]},"4":{"line":58,"type":"if","locations":[{"start":{"line":58,"column":8},"end":{"line":58,"column":8}},{"start":{"line":58,"column":8},"end":{"line":58,"column":8}}]}}},"contracts\\5\\EternalStorage.sol":{"l":{},"path":"C:\\Users\\mundh\\Documents\\Biconomy\\mexa\\contracts\\5\\EternalStorage.sol","s":{},"b":{},"f":{},"fnMap":{},"statementMap":{},"branchMap":{}},"contracts\\5\\IdentityProxy.sol":{"l":{"10":0,"14":0,"18":0,"19":0,"20":0,"27":0,"31":0,"35":0,"39":0,"43":0,"47":0,"48":0,"49":0,"53":0,"57":0,"58":0,"60":0,"64":0,"65":0,"66":0},"path":"C:\\Users\\mundh\\Documents\\Biconomy\\mexa\\contracts\\5\\IdentityProxy.sol","s":{"1":0,"2":0,"3":0,"4":0,"5":0,"6":0,"7":0,"8":0,"9":0,"10":0,"11":0,"12":0,"13":0,"14":0,"15":0,"16":0,"17":0,"18":0},"b":{"1":[0,0],"2":[0,0],"3":[0,0],"4":[0,0],"5":[0,0],"6":[0,0]},"f":{"1":0,"2":0,"3":0,"4":0,"5":0,"6":0,"7":0,"8":0},"fnMap":{"1":{"name":"onlyOwnerOrManager","line":9,"loc":{"start":{"line":9,"column":4},"end":{"line":15,"column":4}}},"2":{"name":"constructor","line":17,"loc":{"start":{"line":17,"column":4},"end":{"line":21,"column":4}}},"3":{"name":"updateImplementation","line":25,"loc":{"start":{"line":23,"column":4},"end":{"line":32,"column":4}}},"4":{"name":"getCreator","line":34,"loc":{"start":{"line":34,"column":4},"end":{"line":36,"column":4}}},"5":{"name":"getManager","line":38,"loc":{"start":{"line":38,"column":4},"end":{"line":40,"column":4}}},"6":{"name":"changeManager","line":42,"loc":{"start":{"line":42,"column":4},"end":{"line":50,"column":4}}},"7":{"name":"getNonce","line":52,"loc":{"start":{"line":52,"column":4},"end":{"line":54,"column":4}}},"8":{"name":"","line":56,"loc":{"start":{"line":56,"column":4},"end":{"line":82,"column":4}}}},"statementMap":{"1":{"start":{"line":10,"column":8},"end":{"line":10,"column":268}},"2":{"start":{"line":18,"column":8},"end":{"line":18,"column":27}},"3":{"start":{"line":19,"column":8},"end":{"line":19,"column":27}},"4":{"start":{"line":20,"column":8},"end":{"line":20,"column":39}},"5":{"start":{"line":27,"column":8},"end":{"line":27,"column":731}},"6":{"start":{"line":31,"column":8},"end":{"line":31,"column":42}},"7":{"start":{"line":35,"column":8},"end":{"line":35,"column":22}},"8":{"start":{"line":39,"column":8},"end":{"line":39,"column":22}},"9":{"start":{"line":43,"column":8},"end":{"line":43,"column":1170}},"10":{"start":{"line":47,"column":8},"end":{"line":47,"column":36}},"11":{"start":{"line":48,"column":8},"end":{"line":48,"column":27}},"12":{"start":{"line":49,"column":8},"end":{"line":49,"column":51}},"13":{"start":{"line":53,"column":8},"end":{"line":53,"column":34}},"14":{"start":{"line":57,"column":8},"end":{"line":57,"column":1576}},"15":{"start":{"line":58,"column":12},"end":{"line":58,"column":48}},"16":{"start":{"line":60,"column":12},"end":{"line":60,"column":1690}},"17":{"start":{"line":64,"column":12},"end":{"line":64,"column":41}},"18":{"start":{"line":65,"column":12},"end":{"line":65,"column":38}}},"branchMap":{"1":{"line":10,"type":"if","locations":[{"start":{"line":10,"column":8},"end":{"line":10,"column":8}},{"start":{"line":10,"column":8},"end":{"line":10,"column":8}}]},"2":{"line":27,"type":"if","locations":[{"start":{"line":27,"column":8},"end":{"line":27,"column":8}},{"start":{"line":27,"column":8},"end":{"line":27,"column":8}}]},"3":{"line":43,"type":"if","locations":[{"start":{"line":43,"column":8},"end":{"line":43,"column":8}},{"start":{"line":43,"column":8},"end":{"line":43,"column":8}}]},"4":{"line":57,"type":"if","locations":[{"start":{"line":57,"column":8},"end":{"line":57,"column":8}},{"start":{"line":57,"column":8},"end":{"line":57,"column":8}}]},"5":{"line":60,"type":"if","locations":[{"start":{"line":60,"column":12},"end":{"line":60,"column":12}},{"start":{"line":60,"column":12},"end":{"line":60,"column":12}}]},"6":{"line":65,"type":"if","locations":[{"start":{"line":65,"column":12},"end":{"line":65,"column":12}},{"start":{"line":65,"column":12},"end":{"line":65,"column":12}}]}}},"contracts\\5\\ImplementationLogic.sol":{"l":{"11":0,"15":0,"25":0,"29":0,"30":0,"40":0,"44":0,"65":0,"69":0,"70":0,"71":0},"path":"C:\\Users\\mundh\\Documents\\Biconomy\\mexa\\contracts\\5\\ImplementationLogic.sol","s":{"1":0,"2":0,"3":0,"4":0,"5":0,"6":0,"7":0,"8":0,"9":0},"b":{"1":[0,0],"2":[0,0],"3":[0,0],"4":[0,0]},"f":{"1":0,"2":0,"3":0,"4":0},"fnMap":{"1":{"name":"onlyOwnerOrManager","line":10,"loc":{"start":{"line":10,"column":4},"end":{"line":16,"column":4}}},"2":{"name":"forward","line":24,"loc":{"start":{"line":18,"column":4},"end":{"line":31,"column":4}}},"3":{"name":"executeCall","line":34,"loc":{"start":{"line":34,"column":4},"end":{"line":59,"column":4}}},"4":{"name":"withdraw","line":63,"loc":{"start":{"line":61,"column":4},"end":{"line":72,"column":4}}}},"statementMap":{"1":{"start":{"line":11,"column":8},"end":{"line":11,"column":283}},"2":{"start":{"line":25,"column":8},"end":{"line":25,"column":644}},"3":{"start":{"line":29,"column":8},"end":{"line":29,"column":55}},"4":{"start":{"line":30,"column":8},"end":{"line":30,"column":49}},"5":{"start":{"line":40,"column":8},"end":{"line":40,"column":1161}},"6":{"start":{"line":65,"column":8},"end":{"line":65,"column":1798}},"7":{"start":{"line":69,"column":8},"end":{"line":69,"column":32}},"8":{"start":{"line":70,"column":8},"end":{"line":70,"column":55}},"9":{"start":{"line":71,"column":8},"end":{"line":71,"column":39}}},"branchMap":{"1":{"line":11,"type":"if","locations":[{"start":{"line":11,"column":8},"end":{"line":11,"column":8}},{"start":{"line":11,"column":8},"end":{"line":11,"column":8}}]},"2":{"line":25,"type":"if","locations":[{"start":{"line":25,"column":8},"end":{"line":25,"column":8}},{"start":{"line":25,"column":8},"end":{"line":25,"column":8}}]},"3":{"line":40,"type":"if","locations":[{"start":{"line":40,"column":8},"end":{"line":40,"column":8}},{"start":{"line":40,"column":8},"end":{"line":40,"column":8}}]},"4":{"line":65,"type":"if","locations":[{"start":{"line":65,"column":8},"end":{"line":65,"column":8}},{"start":{"line":65,"column":8},"end":{"line":65,"column":8}}]}}},"contracts\\5\\libs\\EIP712Base.sol":{"l":{"20":0,"32":0,"38":0,"53":0},"path":"C:\\Users\\mundh\\Documents\\Biconomy\\mexa\\contracts\\5\\libs\\EIP712Base.sol","s":{"1":0,"2":0,"3":0},"b":{},"f":{"1":0,"2":0,"3":0,"4":0},"fnMap":{"1":{"name":"constructor","line":19,"loc":{"start":{"line":19,"column":4},"end":{"line":29,"column":4}}},"2":{"name":"getChainID","line":31,"loc":{"start":{"line":31,"column":4},"end":{"line":35,"column":4}}},"3":{"name":"getDomainSeperator","line":37,"loc":{"start":{"line":37,"column":4},"end":{"line":39,"column":4}}},"4":{"name":"toTypedMessageHash","line":48,"loc":{"start":{"line":48,"column":4},"end":{"line":57,"column":4}}}},"statementMap":{"1":{"start":{"line":20,"column":8},"end":{"line":20,"column":525}},"2":{"start":{"line":38,"column":8},"end":{"line":38,"column":30}},"3":{"start":{"line":53,"column":8},"end":{"line":53,"column":1542}}},"branchMap":{}},"contracts\\5\\libs\\EIP712MetaTx.sol":{"l":{"48":0,"57":0,"72":0},"path":"C:\\Users\\mundh\\Documents\\Biconomy\\mexa\\contracts\\5\\libs\\EIP712MetaTx.sol","s":{"1":0,"2":0,"3":0},"b":{},"f":{"1":0,"2":0,"3":0,"4":0},"fnMap":{"1":{"name":"constructor","line":44,"loc":{"start":{"line":42,"column":4},"end":{"line":45,"column":5}}},"2":{"name":"hash","line":47,"loc":{"start":{"line":47,"column":4},"end":{"line":50,"column":4}}},"3":{"name":"hash","line":52,"loc":{"start":{"line":52,"column":4},"end":{"line":65,"column":4}}},"4":{"name":"hashMetaTransaction","line":67,"loc":{"start":{"line":67,"column":4},"end":{"line":89,"column":4}}}},"statementMap":{"1":{"start":{"line":48,"column":8},"end":{"line":48,"column":1505}},"2":{"start":{"line":57,"column":8},"end":{"line":57,"column":1669}},"3":{"start":{"line":72,"column":8},"end":{"line":72,"column":2046}}},"branchMap":{}},"contracts\\5\\libs\\Ownable.sol":{"l":{"21":0,"28":0,"32":0,"39":0,"46":0,"56":0,"57":0,"65":0,"73":0,"74":0,"75":0},"path":"C:\\Users\\mundh\\Documents\\Biconomy\\mexa\\contracts\\5\\libs\\Ownable.sol","s":{"1":0,"2":0,"3":0,"4":0,"5":0,"6":0,"7":0,"8":0,"9":0,"10":0},"b":{"1":[0,0],"2":[0,0]},"f":{"1":0,"2":0,"3":0,"4":0,"5":0,"6":0,"7":0},"fnMap":{"1":{"name":"constructor","line":20,"loc":{"start":{"line":20,"column":4},"end":{"line":22,"column":4}}},"2":{"name":"onlyOwner","line":27,"loc":{"start":{"line":27,"column":4},"end":{"line":33,"column":4}}},"3":{"name":"owner","line":38,"loc":{"start":{"line":38,"column":4},"end":{"line":40,"column":4}}},"4":{"name":"isOwner","line":45,"loc":{"start":{"line":45,"column":4},"end":{"line":47,"column":4}}},"5":{"name":"renounceOwnership","line":55,"loc":{"start":{"line":55,"column":4},"end":{"line":58,"column":4}}},"6":{"name":"transferOwnership","line":64,"loc":{"start":{"line":64,"column":4},"end":{"line":66,"column":4}}},"7":{"name":"_transferOwnership","line":72,"loc":{"start":{"line":72,"column":4},"end":{"line":76,"column":4}}}},"statementMap":{"1":{"start":{"line":21,"column":8},"end":{"line":21,"column":21}},"2":{"start":{"line":28,"column":8},"end":{"line":28,"column":723}},"3":{"start":{"line":39,"column":8},"end":{"line":39,"column":21}},"4":{"start":{"line":46,"column":8},"end":{"line":46,"column":35}},"5":{"start":{"line":56,"column":8},"end":{"line":56,"column":53}},"6":{"start":{"line":57,"column":8},"end":{"line":57,"column":26}},"7":{"start":{"line":65,"column":8},"end":{"line":65,"column":35}},"8":{"start":{"line":73,"column":8},"end":{"line":73,"column":38}},"9":{"start":{"line":74,"column":8},"end":{"line":74,"column":51}},"10":{"start":{"line":75,"column":8},"end":{"line":75,"column":24}}},"branchMap":{"1":{"line":28,"type":"if","locations":[{"start":{"line":28,"column":8},"end":{"line":28,"column":8}},{"start":{"line":28,"column":8},"end":{"line":28,"column":8}}]},"2":{"line":73,"type":"if","locations":[{"start":{"line":73,"column":8},"end":{"line":73,"column":8}},{"start":{"line":73,"column":8},"end":{"line":73,"column":8}}]}}},"contracts\\5\\libs\\SafeMath.sol":{"l":{"27":0,"28":0,"30":0,"43":0,"62":0,"63":0,"65":0,"81":0,"82":0,"85":0,"86":0,"88":0,"103":0,"125":0,"126":0,"129":0,"144":0,"165":0,"166":0},"path":"C:\\Users\\mundh\\Documents\\Biconomy\\mexa\\contracts\\5\\libs\\SafeMath.sol","s":{"1":0,"2":0,"3":0,"4":0,"5":0,"6":0,"7":0,"8":0,"9":0,"10":0,"11":0,"12":0,"13":0,"14":0,"15":0,"16":0,"17":0,"18":0,"19":0},"b":{"1":[0,0],"2":[0,0],"3":[0,0],"4":[0,0],"5":[0,0],"6":[0,0]},"f":{"1":0,"2":0,"3":0,"4":0,"5":0,"6":0,"7":0,"8":0},"fnMap":{"1":{"name":"add","line":26,"loc":{"start":{"line":26,"column":4},"end":{"line":31,"column":4}}},"2":{"name":"sub","line":42,"loc":{"start":{"line":42,"column":4},"end":{"line":44,"column":4}}},"3":{"name":"sub","line":57,"loc":{"start":{"line":57,"column":4},"end":{"line":66,"column":4}}},"4":{"name":"mul","line":77,"loc":{"start":{"line":77,"column":4},"end":{"line":89,"column":4}}},"5":{"name":"div","line":102,"loc":{"start":{"line":102,"column":4},"end":{"line":104,"column":4}}},"6":{"name":"div","line":119,"loc":{"start":{"line":119,"column":4},"end":{"line":130,"column":4}}},"7":{"name":"mod","line":143,"loc":{"start":{"line":143,"column":4},"end":{"line":145,"column":4}}},"8":{"name":"mod","line":160,"loc":{"start":{"line":160,"column":4},"end":{"line":167,"column":4}}}},"statementMap":{"1":{"start":{"line":27,"column":8},"end":{"line":27,"column":25}},"2":{"start":{"line":28,"column":8},"end":{"line":28,"column":53}},"3":{"start":{"line":30,"column":8},"end":{"line":30,"column":16}},"4":{"start":{"line":43,"column":8},"end":{"line":43,"column":58}},"5":{"start":{"line":62,"column":8},"end":{"line":62,"column":36}},"6":{"start":{"line":63,"column":8},"end":{"line":63,"column":25}},"7":{"start":{"line":65,"column":8},"end":{"line":65,"column":16}},"8":{"start":{"line":81,"column":8},"end":{"line":81,"column":2572}},"9":{"start":{"line":82,"column":12},"end":{"line":82,"column":20}},"10":{"start":{"line":85,"column":8},"end":{"line":85,"column":25}},"11":{"start":{"line":86,"column":8},"end":{"line":86,"column":63}},"12":{"start":{"line":88,"column":8},"end":{"line":88,"column":16}},"13":{"start":{"line":103,"column":8},"end":{"line":103,"column":54}},"14":{"start":{"line":125,"column":8},"end":{"line":125,"column":35}},"15":{"start":{"line":126,"column":8},"end":{"line":126,"column":25}},"16":{"start":{"line":129,"column":8},"end":{"line":129,"column":16}},"17":{"start":{"line":144,"column":8},"end":{"line":144,"column":52}},"18":{"start":{"line":165,"column":8},"end":{"line":165,"column":36}},"19":{"start":{"line":166,"column":8},"end":{"line":166,"column":20}}},"branchMap":{"1":{"line":28,"type":"if","locations":[{"start":{"line":28,"column":8},"end":{"line":28,"column":8}},{"start":{"line":28,"column":8},"end":{"line":28,"column":8}}]},"2":{"line":62,"type":"if","locations":[{"start":{"line":62,"column":8},"end":{"line":62,"column":8}},{"start":{"line":62,"column":8},"end":{"line":62,"column":8}}]},"3":{"line":81,"type":"if","locations":[{"start":{"line":81,"column":8},"end":{"line":81,"column":8}},{"start":{"line":81,"column":8},"end":{"line":81,"column":8}}]},"4":{"line":86,"type":"if","locations":[{"start":{"line":86,"column":8},"end":{"line":86,"column":8}},{"start":{"line":86,"column":8},"end":{"line":86,"column":8}}]},"5":{"line":125,"type":"if","locations":[{"start":{"line":125,"column":8},"end":{"line":125,"column":8}},{"start":{"line":125,"column":8},"end":{"line":125,"column":8}}]},"6":{"line":165,"type":"if","locations":[{"start":{"line":165,"column":8},"end":{"line":165,"column":8}},{"start":{"line":165,"column":8},"end":{"line":165,"column":8}}]}}},"contracts\\5\\ProxyManager.sol":{"l":{"20":0,"24":0,"35":0,"43":0,"47":0,"50":0,"51":0,"55":0,"62":0,"66":0,"67":0,"71":0,"72":0,"76":0,"77":0,"78":0,"80":0,"88":0,"92":0,"96":0,"100":0,"101":0,"102":0,"106":0,"107":0,"108":0,"112":0,"116":0,"117":0},"path":"C:\\Users\\mundh\\Documents\\Biconomy\\mexa\\contracts\\5\\ProxyManager.sol","s":{"1":0,"2":0,"3":0,"4":0,"5":0,"6":0,"7":0,"8":0,"9":0,"10":0,"11":0,"12":0,"13":0,"14":0,"15":0,"16":0,"17":0,"18":0,"19":0,"20":0,"21":0,"22":0,"23":0,"24":0,"25":0,"26":0},"b":{"1":[0,0],"2":[0,0],"3":[0,0],"4":[0,0],"5":[0,0],"6":[0,0],"7":[0,0],"8":[0,0]},"f":{"1":0,"2":0,"3":0,"4":0,"5":0,"6":0,"7":0,"8":0,"9":0,"10":0,"11":0},"fnMap":{"1":{"name":"onlyRelayHub","line":19,"loc":{"start":{"line":19,"column":4},"end":{"line":25,"column":4}}},"2":{"name":"constructor","line":34,"loc":{"start":{"line":34,"column":4},"end":{"line":36,"column":4}}},"3":{"name":"updateImplementation","line":41,"loc":{"start":{"line":39,"column":4},"end":{"line":48,"column":4}}},"4":{"name":"upgradeRelayHub","line":49,"loc":{"start":{"line":49,"column":4},"end":{"line":52,"column":4}}},"5":{"name":"getUsers","line":54,"loc":{"start":{"line":54,"column":4},"end":{"line":56,"column":4}}},"6":{"name":"addProxy","line":60,"loc":{"start":{"line":58,"column":4},"end":{"line":68,"column":4}}},"7":{"name":"_addProxy","line":70,"loc":{"start":{"line":70,"column":4},"end":{"line":73,"column":4}}},"8":{"name":"getProxyAddress","line":75,"loc":{"start":{"line":75,"column":4},"end":{"line":81,"column":4}}},"9":{"name":"getProxyStatus","line":83,"loc":{"start":{"line":83,"column":4},"end":{"line":89,"column":4}}},"10":{"name":"createIdentityProxy","line":91,"loc":{"start":{"line":91,"column":4},"end":{"line":103,"column":4}}},"11":{"name":"","line":105,"loc":{"start":{"line":105,"column":4},"end":{"line":134,"column":4}}}},"statementMap":{"1":{"start":{"line":20,"column":8},"end":{"line":20,"column":478}},"2":{"start":{"line":35,"column":8},"end":{"line":35,"column":39}},"3":{"start":{"line":43,"column":8},"end":{"line":43,"column":1105}},"4":{"start":{"line":47,"column":8},"end":{"line":47,"column":42}},"5":{"start":{"line":50,"column":8},"end":{"line":50,"column":77}},"6":{"start":{"line":51,"column":8},"end":{"line":51,"column":29}},"7":{"start":{"line":55,"column":8},"end":{"line":55,"column":20}},"8":{"start":{"line":62,"column":8},"end":{"line":62,"column":1687}},"9":{"start":{"line":66,"column":8},"end":{"line":66,"column":75}},"10":{"start":{"line":67,"column":8},"end":{"line":67,"column":42}},"11":{"start":{"line":71,"column":8},"end":{"line":71,"column":51}},"12":{"start":{"line":72,"column":8},"end":{"line":72,"column":47}},"13":{"start":{"line":76,"column":8},"end":{"line":76,"column":56}},"14":{"start":{"line":77,"column":8},"end":{"line":77,"column":2274}},"15":{"start":{"line":78,"column":12},"end":{"line":78,"column":31}},"16":{"start":{"line":80,"column":8},"end":{"line":80,"column":25}},"17":{"start":{"line":88,"column":8},"end":{"line":88,"column":52}},"18":{"start":{"line":92,"column":8},"end":{"line":92,"column":2682}},"19":{"start":{"line":96,"column":8},"end":{"line":96,"column":2803}},"20":{"start":{"line":100,"column":8},"end":{"line":100,"column":52}},"21":{"start":{"line":101,"column":8},"end":{"line":101,"column":29}},"22":{"start":{"line":102,"column":8},"end":{"line":102,"column":76}},"23":{"start":{"line":106,"column":8},"end":{"line":106,"column":33}},"24":{"start":{"line":107,"column":8},"end":{"line":107,"column":19}},"25":{"start":{"line":108,"column":8},"end":{"line":108,"column":3187}},"26":{"start":{"line":116,"column":8},"end":{"line":116,"column":48}}},"branchMap":{"1":{"line":20,"type":"if","locations":[{"start":{"line":20,"column":8},"end":{"line":20,"column":8}},{"start":{"line":20,"column":8},"end":{"line":20,"column":8}}]},"2":{"line":43,"type":"if","locations":[{"start":{"line":43,"column":8},"end":{"line":43,"column":8}},{"start":{"line":43,"column":8},"end":{"line":43,"column":8}}]},"3":{"line":50,"type":"if","locations":[{"start":{"line":50,"column":8},"end":{"line":50,"column":8}},{"start":{"line":50,"column":8},"end":{"line":50,"column":8}}]},"4":{"line":62,"type":"if","locations":[{"start":{"line":62,"column":8},"end":{"line":62,"column":8}},{"start":{"line":62,"column":8},"end":{"line":62,"column":8}}]},"5":{"line":66,"type":"if","locations":[{"start":{"line":66,"column":8},"end":{"line":66,"column":8}},{"start":{"line":66,"column":8},"end":{"line":66,"column":8}}]},"6":{"line":77,"type":"if","locations":[{"start":{"line":77,"column":8},"end":{"line":77,"column":8}},{"start":{"line":77,"column":8},"end":{"line":77,"column":8}}]},"7":{"line":92,"type":"if","locations":[{"start":{"line":92,"column":8},"end":{"line":92,"column":8}},{"start":{"line":92,"column":8},"end":{"line":92,"column":8}}]},"8":{"line":108,"type":"if","locations":[{"start":{"line":108,"column":8},"end":{"line":108,"column":8}},{"start":{"line":108,"column":8},"end":{"line":108,"column":8}}]}}},"contracts\\5\\RelayerManager.sol":{"l":{"19":0,"23":0,"28":0,"29":0,"33":0,"34":0,"35":0,"41":0,"42":0,"43":0,"44":0},"path":"C:\\Users\\mundh\\Documents\\Biconomy\\mexa\\contracts\\5\\RelayerManager.sol","s":{"1":0,"2":0,"3":0,"4":0,"5":0,"6":0,"7":0,"8":0,"9":0,"10":0,"11":0},"b":{"1":[0,0],"2":[0,0]},"f":{"1":0,"2":0,"3":0,"4":0,"5":0},"fnMap":{"1":{"name":"constructor","line":10,"loc":{"start":{"line":10,"column":4},"end":{"line":12,"column":4}}},"2":{"name":"getRelayerStatus","line":14,"loc":{"start":{"line":14,"column":4},"end":{"line":20,"column":4}}},"3":{"name":"getAllRelayers","line":22,"loc":{"start":{"line":22,"column":4},"end":{"line":24,"column":4}}},"4":{"name":"addRelayers","line":27,"loc":{"start":{"line":27,"column":4},"end":{"line":37,"column":4}}},"5":{"name":"addRelayer","line":40,"loc":{"start":{"line":40,"column":4},"end":{"line":45,"column":4}}}},"statementMap":{"1":{"start":{"line":19,"column":8},"end":{"line":19,"column":38}},"2":{"start":{"line":23,"column":8},"end":{"line":23,"column":23}},"3":{"start":{"line":28,"column":8},"end":{"line":28,"column":780}},"4":{"start":{"line":29,"column":12},"end":{"line":29,"column":849}},"5":{"start":{"line":33,"column":12},"end":{"line":33,"column":41}},"6":{"start":{"line":34,"column":12},"end":{"line":34,"column":48}},"7":{"start":{"line":35,"column":12},"end":{"line":35,"column":58}},"8":{"start":{"line":41,"column":8},"end":{"line":41,"column":76}},"9":{"start":{"line":42,"column":8},"end":{"line":42,"column":36}},"10":{"start":{"line":43,"column":8},"end":{"line":43,"column":43}},"11":{"start":{"line":44,"column":8},"end":{"line":44,"column":53}}},"branchMap":{"1":{"line":29,"type":"if","locations":[{"start":{"line":29,"column":12},"end":{"line":29,"column":12}},{"start":{"line":29,"column":12},"end":{"line":29,"column":12}}]},"2":{"line":41,"type":"if","locations":[{"start":{"line":41,"column":8},"end":{"line":41,"column":8}},{"start":{"line":41,"column":8},"end":{"line":41,"column":8}}]}}},"contracts\\5\\RelayHub.sol":{"l":{"33":0,"37":0,"41":0,"45":0,"51":0,"55":0,"56":0,"60":0,"64":0,"68":0,"72":0,"80":0,"87":0,"91":0,"95":0,"126":0,"127":0,"129":0,"134":0,"135":0,"136":0,"144":0,"147":0,"148":0,"180":0,"181":0,"183":0,"184":0,"188":0,"189":0,"195":0,"198":0,"231":0,"234":0,"235":0,"238":0,"240":0,"254":0,"264":0},"path":"C:\\Users\\mundh\\Documents\\Biconomy\\mexa\\contracts\\5\\RelayHub.sol","s":{"1":0,"2":0,"3":0,"4":0,"5":0,"6":0,"7":0,"8":0,"9":0,"10":0,"11":0,"12":0,"13":0,"14":0,"15":0,"16":0,"17":0,"18":0,"19":0,"20":0,"21":0,"22":0,"23":0,"24":0,"25":0,"26":0,"27":0,"28":0,"29":0,"30":0,"31":0,"32":0,"33":0,"34":0,"35":0,"36":0,"37":0},"b":{"1":[0,0],"2":[0,0],"3":[0,0],"4":[0,0],"5":[0,0],"6":[0,0],"7":[0,0],"8":[0,0],"9":[0,0],"10":[0,0],"11":[0,0]},"f":{"1":0,"2":0,"3":0,"4":0,"5":0,"6":0,"7":0,"8":0,"9":0,"10":0,"11":0,"12":0,"13":0},"fnMap":{"1":{"name":"onlyRelayer","line":32,"loc":{"start":{"line":32,"column":4},"end":{"line":38,"column":4}}},"2":{"name":"onlyProxyOwner","line":40,"loc":{"start":{"line":40,"column":4},"end":{"line":46,"column":4}}},"3":{"name":"constructor","line":48,"loc":{"start":{"line":48,"column":4},"end":{"line":57,"column":4}}},"4":{"name":"addRelayerManager","line":59,"loc":{"start":{"line":59,"column":4},"end":{"line":65,"column":4}}},"5":{"name":"addProxyManager","line":67,"loc":{"start":{"line":67,"column":4},"end":{"line":73,"column":4}}},"6":{"name":"getRelayerManager","line":75,"loc":{"start":{"line":75,"column":4},"end":{"line":81,"column":4}}},"7":{"name":"getProxyManager","line":82,"loc":{"start":{"line":82,"column":4},"end":{"line":88,"column":4}}},"8":{"name":"createIdentityProxy","line":90,"loc":{"start":{"line":90,"column":4},"end":{"line":92,"column":4}}},"9":{"name":"getProxyAddress","line":94,"loc":{"start":{"line":94,"column":4},"end":{"line":96,"column":4}}},"10":{"name":"forward","line":125,"loc":{"start":{"line":118,"column":4},"end":{"line":149,"column":4}}},"11":{"name":"withdraw","line":179,"loc":{"start":{"line":172,"column":4},"end":{"line":199,"column":4}}},"12":{"name":"verifyMetaTxSignature","line":223,"loc":{"start":{"line":223,"column":4},"end":{"line":255,"column":4}}},"13":{"name":"verify","line":257,"loc":{"start":{"line":257,"column":4},"end":{"line":272,"column":4}}}},"statementMap":{"1":{"start":{"line":33,"column":8},"end":{"line":33,"column":878}},"2":{"start":{"line":41,"column":8},"end":{"line":41,"column":1114}},"3":{"start":{"line":51,"column":8},"end":{"line":51,"column":1381}},"4":{"start":{"line":55,"column":8},"end":{"line":55,"column":61}},"5":{"start":{"line":56,"column":8},"end":{"line":56,"column":55}},"6":{"start":{"line":60,"column":8},"end":{"line":60,"column":1720}},"7":{"start":{"line":64,"column":8},"end":{"line":64,"column":61}},"8":{"start":{"line":68,"column":8},"end":{"line":68,"column":1996}},"9":{"start":{"line":72,"column":8},"end":{"line":72,"column":55}},"10":{"start":{"line":80,"column":8},"end":{"line":80,"column":54}},"11":{"start":{"line":87,"column":8},"end":{"line":87,"column":50}},"12":{"start":{"line":91,"column":8},"end":{"line":91,"column":51}},"13":{"start":{"line":95,"column":8},"end":{"line":95,"column":55}},"14":{"start":{"line":126,"column":8},"end":{"line":126,"column":3992}},"15":{"start":{"line":127,"column":12},"end":{"line":127,"column":70}},"16":{"start":{"line":129,"column":8},"end":{"line":129,"column":4141}},"17":{"start":{"line":134,"column":8},"end":{"line":134,"column":72}},"18":{"start":{"line":135,"column":8},"end":{"line":135,"column":78}},"19":{"start":{"line":136,"column":8},"end":{"line":136,"column":4516}},"20":{"start":{"line":144,"column":8},"end":{"line":144,"column":4790}},"21":{"start":{"line":147,"column":8},"end":{"line":147,"column":68}},"22":{"start":{"line":148,"column":8},"end":{"line":148,"column":59}},"23":{"start":{"line":180,"column":8},"end":{"line":180,"column":6219}},"24":{"start":{"line":181,"column":12},"end":{"line":181,"column":73}},"25":{"start":{"line":183,"column":8},"end":{"line":183,"column":72}},"26":{"start":{"line":184,"column":8},"end":{"line":184,"column":6446}},"27":{"start":{"line":188,"column":8},"end":{"line":188,"column":75}},"28":{"start":{"line":189,"column":8},"end":{"line":189,"column":6683}},"29":{"start":{"line":195,"column":8},"end":{"line":195,"column":6895}},"30":{"start":{"line":198,"column":8},"end":{"line":198,"column":68}},"31":{"start":{"line":231,"column":8},"end":{"line":231,"column":8300}},"32":{"start":{"line":234,"column":8},"end":{"line":234,"column":65}},"33":{"start":{"line":235,"column":8},"end":{"line":235,"column":8498}},"34":{"start":{"line":238,"column":8},"end":{"line":238,"column":8694}},"35":{"start":{"line":240,"column":8},"end":{"line":240,"column":8781}},"36":{"start":{"line":254,"column":8},"end":{"line":254,"column":55}},"37":{"start":{"line":264,"column":8},"end":{"line":264,"column":9558}}},"branchMap":{"1":{"line":33,"type":"if","locations":[{"start":{"line":33,"column":8},"end":{"line":33,"column":8}},{"start":{"line":33,"column":8},"end":{"line":33,"column":8}}]},"2":{"line":41,"type":"if","locations":[{"start":{"line":41,"column":8},"end":{"line":41,"column":8}},{"start":{"line":41,"column":8},"end":{"line":41,"column":8}}]},"3":{"line":51,"type":"if","locations":[{"start":{"line":51,"column":8},"end":{"line":51,"column":8}},{"start":{"line":51,"column":8},"end":{"line":51,"column":8}}]},"4":{"line":60,"type":"if","locations":[{"start":{"line":60,"column":8},"end":{"line":60,"column":8}},{"start":{"line":60,"column":8},"end":{"line":60,"column":8}}]},"5":{"line":68,"type":"if","locations":[{"start":{"line":68,"column":8},"end":{"line":68,"column":8}},{"start":{"line":68,"column":8},"end":{"line":68,"column":8}}]},"6":{"line":126,"type":"if","locations":[{"start":{"line":126,"column":8},"end":{"line":126,"column":8}},{"start":{"line":126,"column":8},"end":{"line":126,"column":8}}]},"7":{"line":129,"type":"if","locations":[{"start":{"line":129,"column":8},"end":{"line":129,"column":8}},{"start":{"line":129,"column":8},"end":{"line":129,"column":8}}]},"8":{"line":147,"type":"if","locations":[{"start":{"line":147,"column":8},"end":{"line":147,"column":8}},{"start":{"line":147,"column":8},"end":{"line":147,"column":8}}]},"9":{"line":180,"type":"if","locations":[{"start":{"line":180,"column":8},"end":{"line":180,"column":8}},{"start":{"line":180,"column":8},"end":{"line":180,"column":8}}]},"10":{"line":184,"type":"if","locations":[{"start":{"line":184,"column":8},"end":{"line":184,"column":8}},{"start":{"line":184,"column":8},"end":{"line":184,"column":8}}]},"11":{"line":198,"type":"if","locations":[{"start":{"line":198,"column":8},"end":{"line":198,"column":8}},{"start":{"line":198,"column":8},"end":{"line":198,"column":8}}]}}},"contracts\\5\\test\\MockBasicMetaTxChild.sol":{"l":{"13":0,"14":0},"path":"C:\\Users\\mundh\\Documents\\Biconomy\\mexa\\contracts\\5\\test\\MockBasicMetaTxChild.sol","s":{"1":0},"b":{},"f":{"1":0},"fnMap":{"1":{"name":"call","line":12,"loc":{"start":{"line":12,"column":4},"end":{"line":15,"column":4}}}},"statementMap":{"1":{"start":{"line":14,"column":8},"end":{"line":14,"column":26}}},"branchMap":{}},"contracts\\5\\token\\erc20\\IERC20.sol":{"l":{},"path":"C:\\Users\\mundh\\Documents\\Biconomy\\mexa\\contracts\\5\\token\\erc20\\IERC20.sol","s":{},"b":{},"f":{},"fnMap":{},"statementMap":{},"branchMap":{}},"contracts\\5\\token\\erc721\\IERC165.sol":{"l":{},"path":"C:\\Users\\mundh\\Documents\\Biconomy\\mexa\\contracts\\5\\token\\erc721\\IERC165.sol","s":{},"b":{},"f":{},"fnMap":{},"statementMap":{},"branchMap":{}},"contracts\\5\\token\\erc721\\IERC721.sol":{"l":{},"path":"C:\\Users\\mundh\\Documents\\Biconomy\\mexa\\contracts\\5\\token\\erc721\\IERC721.sol","s":{},"b":{},"f":{},"fnMap":{},"statementMap":{},"branchMap":{}},"contracts\\5\\WETH9.sol":{"l":{"32":0,"35":0,"36":0,"39":0,"40":0,"41":0,"42":0,"46":0,"50":0,"51":0,"52":0,"56":0,"63":0,"65":0,"66":0,"67":0,"70":0,"71":0,"73":0,"75":0},"path":"C:\\Users\\mundh\\Documents\\Biconomy\\mexa\\contracts\\5\\WETH9.sol","s":{"1":0,"2":0,"3":0,"4":0,"5":0,"6":0,"7":0,"8":0,"9":0,"10":0,"11":0,"12":0,"13":0,"14":0,"15":0,"16":0,"17":0,"18":0,"19":0,"20":0},"b":{"1":[0,0],"2":[0,0],"3":[0,0],"4":[0,0]},"f":{"1":0,"2":0,"3":0,"4":0,"5":0,"6":0,"7":0},"fnMap":{"1":{"name":"","line":31,"loc":{"start":{"line":31,"column":4},"end":{"line":33,"column":4}}},"2":{"name":"deposit","line":34,"loc":{"start":{"line":34,"column":4},"end":{"line":37,"column":4}}},"3":{"name":"withdraw","line":38,"loc":{"start":{"line":38,"column":4},"end":{"line":43,"column":4}}},"4":{"name":"totalSupply","line":45,"loc":{"start":{"line":45,"column":4},"end":{"line":47,"column":4}}},"5":{"name":"approve","line":49,"loc":{"start":{"line":49,"column":4},"end":{"line":53,"column":4}}},"6":{"name":"transfer","line":55,"loc":{"start":{"line":55,"column":4},"end":{"line":57,"column":4}}},"7":{"name":"transferFrom","line":59,"loc":{"start":{"line":59,"column":4},"end":{"line":76,"column":4}}}},"statementMap":{"1":{"start":{"line":32,"column":8},"end":{"line":32,"column":16}},"2":{"start":{"line":35,"column":8},"end":{"line":35,"column":41}},"3":{"start":{"line":36,"column":8},"end":{"line":36,"column":43}},"4":{"start":{"line":39,"column":8},"end":{"line":39,"column":44}},"5":{"start":{"line":40,"column":8},"end":{"line":40,"column":35}},"6":{"start":{"line":41,"column":8},"end":{"line":41,"column":31}},"7":{"start":{"line":42,"column":8},"end":{"line":42,"column":40}},"8":{"start":{"line":46,"column":8},"end":{"line":46,"column":36}},"9":{"start":{"line":50,"column":8},"end":{"line":50,"column":39}},"10":{"start":{"line":51,"column":8},"end":{"line":51,"column":43}},"11":{"start":{"line":52,"column":8},"end":{"line":52,"column":19}},"12":{"start":{"line":56,"column":8},"end":{"line":56,"column":49}},"13":{"start":{"line":63,"column":8},"end":{"line":63,"column":37}},"14":{"start":{"line":65,"column":8},"end":{"line":65,"column":2289}},"15":{"start":{"line":66,"column":12},"end":{"line":66,"column":53}},"16":{"start":{"line":67,"column":12},"end":{"line":67,"column":44}},"17":{"start":{"line":70,"column":8},"end":{"line":70,"column":28}},"18":{"start":{"line":71,"column":8},"end":{"line":71,"column":28}},"19":{"start":{"line":73,"column":8},"end":{"line":73,"column":36}},"20":{"start":{"line":75,"column":8},"end":{"line":75,"column":19}}},"branchMap":{"1":{"line":39,"type":"if","locations":[{"start":{"line":39,"column":8},"end":{"line":39,"column":8}},{"start":{"line":39,"column":8},"end":{"line":39,"column":8}}]},"2":{"line":63,"type":"if","locations":[{"start":{"line":63,"column":8},"end":{"line":63,"column":8}},{"start":{"line":63,"column":8},"end":{"line":63,"column":8}}]},"3":{"line":65,"type":"if","locations":[{"start":{"line":65,"column":8},"end":{"line":65,"column":8}},{"start":{"line":65,"column":8},"end":{"line":65,"column":8}}]},"4":{"line":66,"type":"if","locations":[{"start":{"line":66,"column":12},"end":{"line":66,"column":12}},{"start":{"line":66,"column":12},"end":{"line":66,"column":12}}]}}},"contracts\\6\\feeManager\\CentralisedFeeManager.sol":{"l":{"39":0,"40":0,"53":0,"54":0,"55":0,"56":0,"57":0,"58":0,"59":0,"67":0,"71":0,"72":0,"73":0,"78":0,"79":0,"83":0,"84":0,"85":0,"90":0,"91":0,"95":0,"99":0,"103":0,"107":0},"path":"C:\\Users\\mundh\\Documents\\Biconomy\\mexa\\contracts\\6\\feeManager\\CentralisedFeeManager.sol","s":{"1":0,"2":0,"3":0,"4":0,"5":0,"6":0,"7":0,"8":0,"9":0,"10":0,"11":0,"12":0,"13":0,"14":0,"15":0,"16":0,"17":0,"18":0,"19":0,"20":0,"21":0,"22":0,"23":0,"24":0},"b":{"1":[0,0],"2":[0,0],"3":[0,0],"4":[0,0],"5":[0,0],"6":[0,0],"7":[0,0]},"f":{"1":0,"2":0,"3":0,"4":0,"5":0,"6":0,"7":0,"8":0,"9":0,"10":0,"11":0},"fnMap":{"1":{"name":"constructor","line":38,"loc":{"start":{"line":38,"column":4},"end":{"line":41,"column":4}}},"2":{"name":"getFeeMultiplier","line":52,"loc":{"start":{"line":52,"column":4},"end":{"line":64,"column":4}}},"3":{"name":"setDefaultFeeMultiplier","line":66,"loc":{"start":{"line":66,"column":4},"end":{"line":68,"column":4}}},"4":{"name":"setDefaultTokenFeeMultiplier","line":70,"loc":{"start":{"line":70,"column":4},"end":{"line":75,"column":4}}},"5":{"name":"removeDefaultTokenFeeMultiplier","line":77,"loc":{"start":{"line":77,"column":4},"end":{"line":80,"column":4}}},"6":{"name":"setUserTokenFeeMultiplier","line":82,"loc":{"start":{"line":82,"column":4},"end":{"line":87,"column":4}}},"7":{"name":"removeUserTokenFeeMultiplier","line":89,"loc":{"start":{"line":89,"column":4},"end":{"line":92,"column":4}}},"8":{"name":"getTokenAllowed","line":94,"loc":{"start":{"line":94,"column":4},"end":{"line":96,"column":4}}},"9":{"name":"setTokenAllowed","line":98,"loc":{"start":{"line":98,"column":4},"end":{"line":100,"column":4}}},"10":{"name":"getPriceFeedAddress","line":102,"loc":{"start":{"line":102,"column":4},"end":{"line":104,"column":4}}},"11":{"name":"setPriceFeedAddress","line":106,"loc":{"start":{"line":106,"column":4},"end":{"line":108,"column":4}}}},"statementMap":{"1":{"start":{"line":39,"column":8},"end":{"line":39,"column":65}},"2":{"start":{"line":40,"column":8},"end":{"line":40,"column":15}},"3":{"start":{"line":53,"column":8},"end":{"line":53,"column":45}},"4":{"start":{"line":54,"column":8},"end":{"line":54,"column":1939}},"5":{"start":{"line":55,"column":12},"end":{"line":55,"column":1979}},"6":{"start":{"line":56,"column":16},"end":{"line":56,"column":43}},"7":{"start":{"line":57,"column":16},"end":{"line":57,"column":2083}},"8":{"start":{"line":58,"column":20},"end":{"line":58,"column":2131}},"9":{"start":{"line":59,"column":24},"end":{"line":59,"column":39}},"10":{"start":{"line":67,"column":8},"end":{"line":67,"column":15}},"11":{"start":{"line":71,"column":8},"end":{"line":71,"column":27}},"12":{"start":{"line":72,"column":8},"end":{"line":72,"column":2492}},"13":{"start":{"line":73,"column":12},"end":{"line":73,"column":36}},"14":{"start":{"line":78,"column":8},"end":{"line":78,"column":25}},"15":{"start":{"line":79,"column":8},"end":{"line":79,"column":33}},"16":{"start":{"line":83,"column":8},"end":{"line":83,"column":37}},"17":{"start":{"line":84,"column":8},"end":{"line":84,"column":2874}},"18":{"start":{"line":85,"column":12},"end":{"line":85,"column":46}},"19":{"start":{"line":90,"column":8},"end":{"line":90,"column":35}},"20":{"start":{"line":91,"column":8},"end":{"line":91,"column":43}},"21":{"start":{"line":95,"column":8},"end":{"line":95,"column":37}},"22":{"start":{"line":99,"column":8},"end":{"line":99,"column":37}},"23":{"start":{"line":103,"column":8},"end":{"line":103,"column":40}},"24":{"start":{"line":107,"column":8},"end":{"line":107,"column":40}}},"branchMap":{"1":{"line":39,"type":"if","locations":[{"start":{"line":39,"column":8},"end":{"line":39,"column":8}},{"start":{"line":39,"column":8},"end":{"line":39,"column":8}}]},"2":{"line":54,"type":"if","locations":[{"start":{"line":54,"column":8},"end":{"line":54,"column":8}},{"start":{"line":54,"column":8},"end":{"line":54,"column":8}}]},"3":{"line":55,"type":"if","locations":[{"start":{"line":55,"column":12},"end":{"line":55,"column":12}},{"start":{"line":55,"column":12},"end":{"line":55,"column":12}}]},"4":{"line":57,"type":"if","locations":[{"start":{"line":57,"column":16},"end":{"line":57,"column":16}},{"start":{"line":57,"column":16},"end":{"line":57,"column":16}}]},"5":{"line":58,"type":"if","locations":[{"start":{"line":58,"column":20},"end":{"line":58,"column":20}},{"start":{"line":58,"column":20},"end":{"line":58,"column":20}}]},"6":{"line":72,"type":"if","locations":[{"start":{"line":72,"column":8},"end":{"line":72,"column":8}},{"start":{"line":72,"column":8},"end":{"line":72,"column":8}}]},"7":{"line":84,"type":"if","locations":[{"start":{"line":84,"column":8},"end":{"line":84,"column":8}},{"start":{"line":84,"column":8},"end":{"line":84,"column":8}}]}}},"contracts\\6\\feeManager\\CentralisedFeeManagerWithLimits.sol":{"l":{"37":0,"38":0,"39":0,"52":0,"53":0,"54":0,"55":0,"56":0,"62":0,"63":0,"67":0,"68":0,"72":0,"76":0,"77":0,"81":0,"85":0,"89":0,"93":0,"97":0},"path":"C:\\Users\\mundh\\Documents\\Biconomy\\mexa\\contracts\\6\\feeManager\\CentralisedFeeManagerWithLimits.sol","s":{"1":0,"2":0,"3":0,"4":0,"5":0,"6":0,"7":0,"8":0,"9":0,"10":0,"11":0,"12":0,"13":0,"14":0,"15":0,"16":0,"17":0,"18":0,"19":0,"20":0},"b":{"1":[0,0],"2":[0,0],"3":[0,0],"4":[0,0],"5":[0,0],"6":[0,0]},"f":{"1":0,"2":0,"3":0,"4":0,"5":0,"6":0,"7":0,"8":0,"9":0,"10":0,"11":0},"fnMap":{"1":{"name":"constructor","line":36,"loc":{"start":{"line":36,"column":4},"end":{"line":40,"column":4}}},"2":{"name":"getFeeMultiplier","line":51,"loc":{"start":{"line":51,"column":4},"end":{"line":59,"column":4}}},"3":{"name":"setDefaultFeeMultiplier","line":61,"loc":{"start":{"line":61,"column":4},"end":{"line":64,"column":4}}},"4":{"name":"setDefaultTokenFeeMultiplier","line":66,"loc":{"start":{"line":66,"column":4},"end":{"line":69,"column":4}}},"5":{"name":"removeDefaultTokenFeeMultiplier","line":71,"loc":{"start":{"line":71,"column":4},"end":{"line":73,"column":4}}},"6":{"name":"setUserTokenFeeMultiplier","line":75,"loc":{"start":{"line":75,"column":4},"end":{"line":78,"column":4}}},"7":{"name":"removeUserTokenFeeMultiplier","line":80,"loc":{"start":{"line":80,"column":4},"end":{"line":82,"column":4}}},"8":{"name":"getTokenAllowed","line":84,"loc":{"start":{"line":84,"column":4},"end":{"line":86,"column":4}}},"9":{"name":"setTokenAllowed","line":88,"loc":{"start":{"line":88,"column":4},"end":{"line":90,"column":4}}},"10":{"name":"getPriceFeedAddress","line":92,"loc":{"start":{"line":92,"column":4},"end":{"line":94,"column":4}}},"11":{"name":"setPriceFeedAddress","line":96,"loc":{"start":{"line":96,"column":4},"end":{"line":98,"column":4}}}},"statementMap":{"1":{"start":{"line":37,"column":8},"end":{"line":37,"column":65}},"2":{"start":{"line":38,"column":8},"end":{"line":38,"column":15}},"3":{"start":{"line":39,"column":8},"end":{"line":39,"column":21}},"4":{"start":{"line":52,"column":8},"end":{"line":52,"column":45}},"5":{"start":{"line":53,"column":8},"end":{"line":53,"column":1900}},"6":{"start":{"line":54,"column":16},"end":{"line":54,"column":43}},"7":{"start":{"line":55,"column":16},"end":{"line":55,"column":1991}},"8":{"start":{"line":56,"column":24},"end":{"line":56,"column":39}},"9":{"start":{"line":62,"column":8},"end":{"line":62,"column":27}},"10":{"start":{"line":63,"column":8},"end":{"line":63,"column":15}},"11":{"start":{"line":67,"column":8},"end":{"line":67,"column":27}},"12":{"start":{"line":68,"column":8},"end":{"line":68,"column":27}},"13":{"start":{"line":72,"column":8},"end":{"line":72,"column":25}},"14":{"start":{"line":76,"column":8},"end":{"line":76,"column":27}},"15":{"start":{"line":77,"column":8},"end":{"line":77,"column":37}},"16":{"start":{"line":81,"column":8},"end":{"line":81,"column":35}},"17":{"start":{"line":85,"column":8},"end":{"line":85,"column":37}},"18":{"start":{"line":89,"column":8},"end":{"line":89,"column":37}},"19":{"start":{"line":93,"column":8},"end":{"line":93,"column":40}},"20":{"start":{"line":97,"column":8},"end":{"line":97,"column":40}}},"branchMap":{"1":{"line":37,"type":"if","locations":[{"start":{"line":37,"column":8},"end":{"line":37,"column":8}},{"start":{"line":37,"column":8},"end":{"line":37,"column":8}}]},"2":{"line":53,"type":"if","locations":[{"start":{"line":53,"column":8},"end":{"line":53,"column":8}},{"start":{"line":53,"column":8},"end":{"line":53,"column":8}}]},"3":{"line":55,"type":"if","locations":[{"start":{"line":55,"column":16},"end":{"line":55,"column":16}},{"start":{"line":55,"column":16},"end":{"line":55,"column":16}}]},"4":{"line":62,"type":"if","locations":[{"start":{"line":62,"column":8},"end":{"line":62,"column":8}},{"start":{"line":62,"column":8},"end":{"line":62,"column":8}}]},"5":{"line":67,"type":"if","locations":[{"start":{"line":67,"column":8},"end":{"line":67,"column":8}},{"start":{"line":67,"column":8},"end":{"line":67,"column":8}}]},"6":{"line":76,"type":"if","locations":[{"start":{"line":76,"column":8},"end":{"line":76,"column":8}},{"start":{"line":76,"column":8},"end":{"line":76,"column":8}}]}}},"contracts\\6\\forwarder\\BiconomyForwarder.sol":{"l":{"40":0,"41":0,"44":0,"45":0,"55":0,"57":0,"61":0,"68":0,"70":0,"71":0,"85":0,"99":0,"119":0,"120":0,"122":0,"125":0,"126":0,"138":0,"153":0,"154":0,"155":0,"158":0,"159":0,"169":0,"190":0,"192":0,"195":0,"196":0,"197":0,"198":0,"213":0,"222":0,"240":0,"241":0,"252":0,"263":0,"265":0,"269":0,"274":0},"path":"C:\\Users\\mundh\\Documents\\Biconomy\\mexa\\contracts\\6\\forwarder\\BiconomyForwarder.sol","s":{"1":0,"2":0,"3":0,"4":0,"5":0,"6":0,"7":0,"8":0,"9":0,"10":0,"11":0,"12":0,"13":0,"14":0,"15":0,"16":0,"17":0,"18":0,"19":0,"20":0,"21":0,"22":0,"23":0,"24":0,"25":0,"26":0,"27":0,"28":0,"29":0,"30":0,"31":0,"32":0,"33":0,"34":0},"b":{"1":[0,0],"2":[0,0],"3":[0,0],"4":[0,0],"5":[0,0],"6":[0,0],"7":[0,0],"8":[0,0],"9":[0,0]},"f":{"1":0,"2":0,"3":0,"4":0,"5":0,"6":0,"7":0,"8":0,"9":0,"10":0,"11":0,"12":0},"fnMap":{"1":{"name":"constructor","line":39,"loc":{"start":{"line":37,"column":4},"end":{"line":46,"column":4}}},"2":{"name":"registerDomainSeparator","line":54,"loc":{"start":{"line":54,"column":4},"end":{"line":72,"column":4}}},"3":{"name":"getNonce","line":82,"loc":{"start":{"line":82,"column":4},"end":{"line":86,"column":4}}},"4":{"name":"verifyEIP712","line":94,"loc":{"start":{"line":94,"column":4},"end":{"line":100,"column":4}}},"5":{"name":"executeEIP712","line":112,"loc":{"start":{"line":112,"column":4},"end":{"line":127,"column":4}}},"6":{"name":"verifyPersonalSign","line":134,"loc":{"start":{"line":134,"column":4},"end":{"line":139,"column":4}}},"7":{"name":"executePersonalSign","line":150,"loc":{"start":{"line":150,"column":4},"end":{"line":160,"column":4}}},"8":{"name":"_updateNonce","line":168,"loc":{"start":{"line":168,"column":4},"end":{"line":170,"column":4}}},"9":{"name":"_verifySigEIP712","line":183,"loc":{"start":{"line":183,"column":4},"end":{"line":214,"column":4}}},"10":{"name":"prefixed","line":221,"loc":{"start":{"line":221,"column":4},"end":{"line":223,"column":4}}},"11":{"name":"_verifySigPersonalSign","line":234,"loc":{"start":{"line":234,"column":4},"end":{"line":253,"column":4}}},"12":{"name":"_verifyCallResult","line":262,"loc":{"start":{"line":262,"column":5},"end":{"line":277,"column":4}}}},"statementMap":{"1":{"start":{"line":40,"column":8},"end":{"line":40,"column":18}},"2":{"start":{"line":44,"column":8},"end":{"line":44,"column":19}},"3":{"start":{"line":45,"column":8},"end":{"line":45,"column":65}},"4":{"start":{"line":55,"column":8},"end":{"line":55,"column":18}},"5":{"start":{"line":61,"column":8},"end":{"line":61,"column":2277}},"6":{"start":{"line":68,"column":8},"end":{"line":68,"column":51}},"7":{"start":{"line":70,"column":8},"end":{"line":70,"column":33}},"8":{"start":{"line":71,"column":8},"end":{"line":71,"column":54}},"9":{"start":{"line":85,"column":8},"end":{"line":85,"column":36}},"10":{"start":{"line":99,"column":8},"end":{"line":99,"column":50}},"11":{"start":{"line":119,"column":8},"end":{"line":119,"column":48}},"12":{"start":{"line":120,"column":8},"end":{"line":120,"column":24}},"13":{"start":{"line":122,"column":9},"end":{"line":122,"column":90}},"14":{"start":{"line":125,"column":8},"end":{"line":125,"column":41}},"15":{"start":{"line":126,"column":8},"end":{"line":126,"column":85}},"16":{"start":{"line":138,"column":8},"end":{"line":138,"column":39}},"17":{"start":{"line":153,"column":8},"end":{"line":153,"column":39}},"18":{"start":{"line":154,"column":8},"end":{"line":154,"column":24}},"19":{"start":{"line":155,"column":8},"end":{"line":155,"column":89}},"20":{"start":{"line":158,"column":8},"end":{"line":158,"column":41}},"21":{"start":{"line":159,"column":8},"end":{"line":159,"column":85}},"22":{"start":{"line":190,"column":8},"end":{"line":190,"column":18}},"23":{"start":{"line":195,"column":8},"end":{"line":195,"column":92}},"24":{"start":{"line":196,"column":8},"end":{"line":196,"column":73}},"25":{"start":{"line":197,"column":8},"end":{"line":197,"column":68}},"26":{"start":{"line":198,"column":8},"end":{"line":198,"column":7791}},"27":{"start":{"line":213,"column":8},"end":{"line":213,"column":69}},"28":{"start":{"line":222,"column":8},"end":{"line":222,"column":84}},"29":{"start":{"line":240,"column":8},"end":{"line":240,"column":92}},"30":{"start":{"line":241,"column":8},"end":{"line":241,"column":9508}},"31":{"start":{"line":252,"column":8},"end":{"line":252,"column":69}},"32":{"start":{"line":263,"column":8},"end":{"line":263,"column":10322}},"33":{"start":{"line":265,"column":12},"end":{"line":265,"column":10422}},"34":{"start":{"line":274,"column":16},"end":{"line":274,"column":35}}},"branchMap":{"1":{"line":45,"type":"if","locations":[{"start":{"line":45,"column":8},"end":{"line":45,"column":8}},{"start":{"line":45,"column":8},"end":{"line":45,"column":8}}]},"2":{"line":195,"type":"if","locations":[{"start":{"line":195,"column":8},"end":{"line":195,"column":8}},{"start":{"line":195,"column":8},"end":{"line":195,"column":8}}]},"3":{"line":196,"type":"if","locations":[{"start":{"line":196,"column":8},"end":{"line":196,"column":8}},{"start":{"line":196,"column":8},"end":{"line":196,"column":8}}]},"4":{"line":197,"type":"if","locations":[{"start":{"line":197,"column":8},"end":{"line":197,"column":8}},{"start":{"line":197,"column":8},"end":{"line":197,"column":8}}]},"5":{"line":213,"type":"if","locations":[{"start":{"line":213,"column":8},"end":{"line":213,"column":8}},{"start":{"line":213,"column":8},"end":{"line":213,"column":8}}]},"6":{"line":240,"type":"if","locations":[{"start":{"line":240,"column":8},"end":{"line":240,"column":8}},{"start":{"line":240,"column":8},"end":{"line":240,"column":8}}]},"7":{"line":252,"type":"if","locations":[{"start":{"line":252,"column":8},"end":{"line":252,"column":8}},{"start":{"line":252,"column":8},"end":{"line":252,"column":8}}]},"8":{"line":263,"type":"if","locations":[{"start":{"line":263,"column":8},"end":{"line":263,"column":8}},{"start":{"line":263,"column":8},"end":{"line":263,"column":8}}]},"9":{"line":265,"type":"if","locations":[{"start":{"line":265,"column":12},"end":{"line":265,"column":12}},{"start":{"line":265,"column":12},"end":{"line":265,"column":12}}]}}},"contracts\\6\\forwarder\\ERC20Forwarder.sol":{"l":{"35":0,"52":0,"53":0,"57":0,"61":0,"65":0,"66":0,"67":0,"68":0,"73":0,"77":0,"78":0,"83":0,"87":0,"88":0,"95":0,"99":0,"106":0,"110":0,"114":0,"115":0,"119":0,"120":0,"124":0,"125":0,"166":0,"170":0,"171":0,"175":0,"179":0,"192":0,"216":0,"217":0,"218":0,"219":0,"220":0,"221":0,"247":0,"248":0,"250":0,"251":0,"252":0,"253":0,"254":0,"280":0,"281":0,"283":0,"284":0,"285":0,"286":0,"287":0,"313":0,"314":0,"315":0,"316":0,"317":0,"318":0,"347":0,"348":0,"350":0,"351":0,"352":0,"353":0,"354":0,"383":0,"384":0,"386":0,"387":0,"388":0,"389":0,"390":0,"411":0,"412":0,"413":0,"414":0,"415":0,"416":0,"440":0,"441":0,"442":0,"443":0,"444":0,"445":0,"461":0,"462":0,"463":0,"464":0,"466":0,"472":0},"path":"C:\\Users\\mundh\\Documents\\Biconomy\\mexa\\contracts\\6\\forwarder\\ERC20Forwarder.sol","s":{"1":0,"2":0,"3":0,"4":0,"5":0,"6":0,"7":0,"8":0,"9":0,"10":0,"11":0,"12":0,"13":0,"14":0,"15":0,"16":0,"17":0,"18":0,"19":0,"20":0,"21":0,"22":0,"23":0,"24":0,"25":0,"26":0,"27":0,"28":0,"29":0,"30":0,"31":0,"32":0,"33":0,"34":0,"35":0,"36":0,"37":0,"38":0,"39":0,"40":0,"41":0,"42":0,"43":0,"44":0,"45":0,"46":0,"47":0,"48":0,"49":0,"50":0,"51":0,"52":0,"53":0,"54":0,"55":0,"56":0,"57":0,"58":0,"59":0,"60":0,"61":0,"62":0,"63":0,"64":0,"65":0,"66":0,"67":0,"68":0,"69":0,"70":0,"71":0,"72":0,"73":0,"74":0,"75":0,"76":0,"77":0,"78":0,"79":0,"80":0,"81":0,"82":0,"83":0,"84":0,"85":0,"86":0,"87":0,"88":0,"89":0},"b":{"1":[0,0],"2":[0,0],"3":[0,0],"4":[0,0],"5":[0,0],"6":[0,0],"7":[0,0],"8":[0,0],"9":[0,0],"10":[0,0],"11":[0,0],"12":[0,0],"13":[0,0],"14":[0,0]},"f":{"1":0,"2":0,"3":0,"4":0,"5":0,"6":0,"7":0,"8":0,"9":0,"10":0,"11":0,"12":0,"13":0,"14":0,"15":0,"16":0,"17":0,"18":0,"19":0,"20":0,"21":0},"fnMap":{"1":{"name":"constructor","line":34,"loc":{"start":{"line":32,"column":4},"end":{"line":36,"column":4}}},"2":{"name":"initialize","line":46,"loc":{"start":{"line":46,"column":7},"end":{"line":69,"column":7}}},"3":{"name":"setOracleAggregator","line":72,"loc":{"start":{"line":72,"column":4},"end":{"line":79,"column":4}}},"4":{"name":"setTrustedForwarder","line":82,"loc":{"start":{"line":82,"column":4},"end":{"line":89,"column":4}}},"5":{"name":"setFeeReceiver","line":94,"loc":{"start":{"line":94,"column":4},"end":{"line":100,"column":4}}},"6":{"name":"setFeeManager","line":105,"loc":{"start":{"line":105,"column":4},"end":{"line":111,"column":4}}},"7":{"name":"setBaseGas","line":113,"loc":{"start":{"line":113,"column":4},"end":{"line":116,"column":4}}},"8":{"name":"setGasRefund","line":118,"loc":{"start":{"line":118,"column":4},"end":{"line":121,"column":4}}},"9":{"name":"setGasTokenForwarderBaseGas","line":123,"loc":{"start":{"line":123,"column":4},"end":{"line":126,"column":4}}},"10":{"name":"setTransferHandlerGas","line":165,"loc":{"start":{"line":165,"column":4},"end":{"line":172,"column":4}}},"11":{"name":"setSafeTransferRequired","line":174,"loc":{"start":{"line":174,"column":4},"end":{"line":180,"column":4}}},"12":{"name":"getNonce","line":189,"loc":{"start":{"line":189,"column":4},"end":{"line":193,"column":4}}},"13":{"name":"executeEIP712","line":209,"loc":{"start":{"line":209,"column":4},"end":{"line":222,"column":4}}},"14":{"name":"permitAndExecuteEIP712","line":239,"loc":{"start":{"line":239,"column":4},"end":{"line":255,"column":4}}},"15":{"name":"permitEIP2612AndExecuteEIP712","line":272,"loc":{"start":{"line":272,"column":4},"end":{"line":288,"column":4}}},"16":{"name":"executeEIP712WithGasTokens","line":305,"loc":{"start":{"line":305,"column":4},"end":{"line":319,"column":4}}},"17":{"name":"permitAndExecuteEIP712WithGasTokens","line":338,"loc":{"start":{"line":338,"column":4},"end":{"line":355,"column":4}}},"18":{"name":"permitEIP2612AndExecuteEIP712WithGasTokens","line":374,"loc":{"start":{"line":374,"column":4},"end":{"line":391,"column":4}}},"19":{"name":"executePersonalSign","line":405,"loc":{"start":{"line":405,"column":4},"end":{"line":417,"column":4}}},"20":{"name":"executePersonalSignWithGasTokens","line":433,"loc":{"start":{"line":433,"column":4},"end":{"line":446,"column":4}}},"21":{"name":"_transferHandler","line":460,"loc":{"start":{"line":460,"column":4},"end":{"line":474,"column":4}}}},"statementMap":{"1":{"start":{"line":35,"column":8},"end":{"line":35,"column":65}},"2":{"start":{"line":52,"column":8},"end":{"line":52,"column":80}},"3":{"start":{"line":53,"column":8},"end":{"line":53,"column":2032}},"4":{"start":{"line":57,"column":8},"end":{"line":57,"column":2171}},"5":{"start":{"line":61,"column":8},"end":{"line":61,"column":2308}},"6":{"start":{"line":65,"column":8},"end":{"line":65,"column":25}},"7":{"start":{"line":66,"column":8},"end":{"line":66,"column":33}},"8":{"start":{"line":67,"column":8},"end":{"line":67,"column":31}},"9":{"start":{"line":68,"column":8},"end":{"line":68,"column":29}},"10":{"start":{"line":73,"column":8},"end":{"line":73,"column":2667}},"11":{"start":{"line":77,"column":8},"end":{"line":77,"column":28}},"12":{"start":{"line":78,"column":8},"end":{"line":78,"column":66}},"13":{"start":{"line":83,"column":8},"end":{"line":83,"column":3002}},"14":{"start":{"line":87,"column":8},"end":{"line":87,"column":29}},"15":{"start":{"line":88,"column":8},"end":{"line":88,"column":59}},"16":{"start":{"line":95,"column":8},"end":{"line":95,"column":3523}},"17":{"start":{"line":99,"column":8},"end":{"line":99,"column":33}},"18":{"start":{"line":106,"column":8},"end":{"line":106,"column":3970}},"19":{"start":{"line":110,"column":8},"end":{"line":110,"column":31}},"20":{"start":{"line":114,"column":8},"end":{"line":114,"column":20}},"21":{"start":{"line":115,"column":8},"end":{"line":115,"column":47}},"22":{"start":{"line":119,"column":8},"end":{"line":119,"column":25}},"23":{"start":{"line":120,"column":8},"end":{"line":120,"column":51}},"24":{"start":{"li
[...]
"column":50}},"97":{"start":{"line":905,"column":8},"end":{"line":905,"column":58}},"98":{"start":{"line":906,"column":8},"end":{"line":906,"column":19}},"99":{"start":{"line":919,"column":8},"end":{"line":919,"column":30}},"100":{"start":{"line":920,"column":8},"end":{"line":920,"column":32}},"101":{"start":{"line":921,"column":8},"end":{"line":921,"column":34}},"102":{"start":{"line":922,"column":8},"end":{"line":922,"column":19}},"103":{"start":{"line":937,"column":8},"end":{"line":937,"column":46}},"104":{"start":{"line":938,"column":8},"end":{"line":938,"column":72}},"105":{"start":{"line":939,"column":8},"end":{"line":939,"column":76}},"106":{"start":{"line":941,"column":8},"end":{"line":941,"column":47}},"107":{"start":{"line":942,"column":8},"end":{"line":942,"column":50}},"108":{"start":{"line":943,"column":8},"end":{"line":943,"column":38}},"109":{"start":{"line":944,"column":8},"end":{"line":944,"column":54}},"110":{"start":{"line":948,"column":8},"end":{"line":948,"column":31277}},"111":{"start":{"line":952,"column":8},"end":{"line":952,"column":38}},"112":{"start":{"line":953,"column":8},"end":{"line":953,"column":46}},"113":{"start":{"line":986,"column":8},"end":{"line":986,"column":24}},"114":{"start":{"line":988,"column":12},"end":{"line":988,"column":32688}},"115":{"start":{"line":994,"column":8},"end":{"line":994,"column":59}},"116":{"start":{"line":1014,"column":8},"end":{"line":1014,"column":33938}},"117":{"start":{"line":1020,"column":8},"end":{"line":1020,"column":62}},"118":{"start":{"line":1021,"column":8},"end":{"line":1021,"column":34204}},"119":{"start":{"line":1049,"column":8},"end":{"line":1049,"column":75}},"120":{"start":{"line":1063,"column":8},"end":{"line":1063,"column":68}},"121":{"start":{"line":1082,"column":8},"end":{"line":1082,"column":36284}},"122":{"start":{"line":1103,"column":8},"end":{"line":1103,"column":36928}},"123":{"start":{"line":1107,"column":8},"end":{"line":1107,"column":72}},"124":{"start":{"line":1116,"column":8},"end":{"line":1116,"column":67}},"125":{"start":{"line":1119,"column":8},"end":{"line":1119,"column":37475}},"126":{"start":{"line":1122,"column":8},"end":{"line":1122,"column":37579}},"127":{"start":{"line":1123,"column":12},"end":{"line":1123,"column":29}},"128":{"start":{"line":1126,"column":12},"end":{"line":1126,"column":37728}},"129":{"start":{"line":1135,"column":16},"end":{"line":1135,"column":35}},"130":{"start":{"line":1163,"column":8},"end":{"line":1163,"column":38945}},"131":{"start":{"line":1175,"column":8},"end":{"line":1175,"column":39228}},"132":{"start":{"line":1197,"column":8},"end":{"line":1197,"column":40033}},"133":{"start":{"line":1201,"column":8},"end":{"line":1201,"column":40210}},"134":{"start":{"line":1212,"column":8},"end":{"line":1212,"column":40485}},"135":{"start":{"line":1215,"column":8},"end":{"line":1215,"column":40592}},"136":{"start":{"line":1230,"column":8},"end":{"line":1230,"column":40940}},"137":{"start":{"line":1234,"column":8},"end":{"line":1234,"column":41105}},"138":{"start":{"line":1255,"column":8},"end":{"line":1255,"column":42129}},"139":{"start":{"line":1259,"column":8},"end":{"line":1259,"column":42271}},"140":{"start":{"line":1262,"column":12},"end":{"line":1262,"column":42415}},"141":{"start":{"line":1308,"column":8},"end":{"line":1308,"column":23}},"142":{"start":{"line":1315,"column":8},"end":{"line":1315,"column":78}},"143":{"start":{"line":1330,"column":8},"end":{"line":1330,"column":45}},"144":{"start":{"line":1338,"column":8},"end":{"line":1338,"column":44961}},"145":{"start":{"line":1342,"column":8},"end":{"line":1342,"column":28}},"146":{"start":{"line":1343,"column":8},"end":{"line":1343,"column":39}},"147":{"start":{"line":1478,"column":8},"end":{"line":1478,"column":51008}},"148":{"start":{"line":1482,"column":12},"end":{"line":1482,"column":59}},"149":{"start":{"line":1485,"column":8},"end":{"line":1485,"column":51217}},"150":{"start":{"line":1486,"column":12},"end":{"line":1486,"column":59}},"151":{"start":{"line":1490,"column":8},"end":{"line":1490,"column":51}},"152":{"start":{"line":1491,"column":8},"end":{"line":1491,"column":68}},"153":{"start":{"line":1493,"column":8},"end":{"line":1493,"column":21}},"154":{"start":{"line":1539,"column":8},"end":{"line":1539,"column":23}},"155":{"start":{"line":1543,"column":8},"end":{"line":1543,"column":53299}},"156":{"start":{"line":1572,"column":8},"end":{"line":1572,"column":54359}},"157":{"start":{"line":1579,"column":8},"end":{"line":1579,"column":49}},"158":{"start":{"line":1694,"column":8},"end":{"line":1694,"column":54}},"159":{"start":{"line":1720,"column":8},"end":{"line":1720,"column":71}},"160":{"start":{"line":1722,"column":8},"end":{"line":1722,"column":60757}},"161":{"start":{"line":1731,"column":8},"end":{"line":1731,"column":60986}},"162":{"start":{"line":1736,"column":8},"end":{"line":1736,"column":44}},"163":{"start":{"line":1737,"column":8},"end":{"line":1737,"column":33}},"164":{"start":{"line":1764,"column":8},"end":{"line":1764,"column":72}},"165":{"start":{"line":1766,"column":8},"end":{"line":1766,"column":62254}},"166":{"start":{"line":1775,"column":8},"end":{"line":1775,"column":62503}},"167":{"start":{"line":1780,"column":8},"end":{"line":1780,"column":45}},"168":{"start":{"line":1781,"column":8},"end":{"line":1781,"column":52}},"169":{"start":{"line":1808,"column":8},"end":{"line":1808,"column":72}},"170":{"start":{"line":1810,"column":8},"end":{"line":1810,"column":63791}},"171":{"start":{"line":1819,"column":8},"end":{"line":1819,"column":64040}},"172":{"start":{"line":1824,"column":8},"end":{"line":1824,"column":45}},"173":{"start":{"line":1825,"column":8},"end":{"line":1825,"column":52}},"174":{"start":{"line":1851,"column":8},"end":{"line":1851,"column":72}},"175":{"start":{"line":1853,"column":8},"end":{"line":1853,"column":65248}},"176":{"start":{"line":1862,"column":8},"end":{"line":1862,"column":65482}},"177":{"start":{"line":1867,"column":8},"end":{"line":1867,"column":45}},"178":{"start":{"line":1868,"column":8},"end":{"line":1868,"column":38}},"179":{"start":{"line":1886,"column":8},"end":{"line":1886,"column":53}},"180":{"start":{"line":1888,"column":8},"end":{"line":1888,"column":66274}},"181":{"start":{"line":1893,"column":8},"end":{"line":1893,"column":66414}},"182":{"start":{"line":1898,"column":8},"end":{"line":1898,"column":76}},"183":{"start":{"line":1899,"column":8},"end":{"line":1899,"column":53}},"184":{"start":{"line":1911,"column":8},"end":{"line":1911,"column":67006}},"185":{"start":{"line":1931,"column":8},"end":{"line":1931,"column":67709}},"186":{"start":{"line":1935,"column":8},"end":{"line":1935,"column":74}},"187":{"start":{"line":1936,"column":8},"end":{"line":1936,"column":53}},"188":{"start":{"line":1947,"column":8},"end":{"line":1947,"column":72}},"189":{"start":{"line":1948,"column":8},"end":{"line":1948,"column":49}},"190":{"start":{"line":2002,"column":8},"end":{"line":2002,"column":35}},"191":{"start":{"line":2024,"column":8},"end":{"line":2024,"column":65}},"192":{"start":{"line":2026,"column":8},"end":{"line":2026,"column":71363}},"193":{"start":{"line":2034,"column":8},"end":{"line":2034,"column":71566}},"194":{"start":{"line":2039,"column":8},"end":{"line":2039,"column":38}},"195":{"start":{"line":2084,"column":8},"end":{"line":2084,"column":73514}},"196":{"start":{"line":2088,"column":8},"end":{"line":2088,"column":21}},"197":{"start":{"line":2089,"column":8},"end":{"line":2089,"column":66}},"198":{"start":{"line":2090,"column":8},"end":{"line":2090,"column":28}},"199":{"start":{"line":2106,"column":8},"end":{"line":2106,"column":57}},"200":{"start":{"line":2107,"column":8},"end":{"line":2107,"column":19}},"201":{"start":{"line":2123,"column":8},"end":{"line":2123,"column":57}},"202":{"start":{"line":2124,"column":8},"end":{"line":2124,"column":19}},"203":{"start":{"line":2150,"column":8},"end":{"line":2150,"column":75696}},"204":{"start":{"line":2186,"column":8},"end":{"line":2186,"column":76838}},"205":{"start":{"line":2222,"column":8},"end":{"line":2222,"column":78013}},"206":{"start":{"line":2258,"column":8},"end":{"line":2258,"column":79202}},"207":{"start":{"line":2287,"column":8},"end":{"line":2287,"column":55}},"208":{"start":{"line":2309,"column":8},"end":{"line":2309,"column":56}},"209":{"start":{"line":2323,"column":8},"end":{"line":2323,"column":71}},"210":{"start":{"line":2337,"column":8},"end":{"line":2337,"column":81664}}},"branchMap":{"1":{"line":37,"type":"if","locations":[{"start":{"line":37,"column":8},"end":{"line":37,"column":8}},{"start":{"line":37,"column":8},"end":{"line":37,"column":8}}]},"2":{"line":71,"type":"if","locations":[{"start":{"line":71,"column":8},"end":{"line":71,"column":8}},{"start":{"line":71,"column":8},"end":{"line":71,"column":8}}]},"3":{"line":91,"type":"if","locations":[{"start":{"line":91,"column":8},"end":{"line":91,"column":8}},{"start":{"line":91,"column":8},"end":{"line":91,"column":8}}]},"4":{"line":96,"type":"if","locations":[{"start":{"line":96,"column":8},"end":{"line":96,"column":8}},{"start":{"line":96,"column":8},"end":{"line":96,"column":8}}]},"5":{"line":134,"type":"if","locations":[{"start":{"line":134,"column":8},"end":{"line":134,"column":8}},{"start":{"line":134,"column":8},"end":{"line":134,"column":8}}]},"6":{"line":174,"type":"if","locations":[{"start":{"line":174,"column":8},"end":{"line":174,"column":8}},{"start":{"line":174,"column":8},"end":{"line":174,"column":8}}]},"7":{"line":383,"type":"if","locations":[{"start":{"line":383,"column":8},"end":{"line":383,"column":8}},{"start":{"line":383,"column":8},"end":{"line":383,"column":8}}]},"8":{"line":392,"type":"if","locations":[{"start":{"line":392,"column":8},"end":{"line":392,"column":8}},{"start":{"line":392,"column":8},"end":{"line":392,"column":8}}]},"9":{"line":453,"type":"if","locations":[{"start":{"line":453,"column":8},"end":{"line":453,"column":8}},{"start":{"line":453,"column":8},"end":{"line":453,"column":8}}]},"10":{"line":461,"type":"if","locations":[{"start":{"line":461,"column":8},"end":{"line":461,"column":8}},{"start":{"line":461,"column":8},"end":{"line":461,"column":8}}]},"11":{"line":485,"type":"if","locations":[{"start":{"line":485,"column":8},"end":{"line":485,"column":8}},{"start":{"line":485,"column":8},"end":{"line":485,"column":8}}]},"12":{"line":536,"type":"if","locations":[{"start":{"line":536,"column":8},"end":{"line":536,"column":8}},{"start":{"line":536,"column":8},"end":{"line":536,"column":8}}]},"13":{"line":548,"type":"if","locations":[{"start":{"line":548,"column":8},"end":{"line":548,"column":8}},{"start":{"line":548,"column":8},"end":{"line":548,"column":8}}]},"14":{"line":582,"type":"if","locations":[{"start":{"line":582,"column":8},"end":{"line":582,"column":8}},{"start":{"line":582,"column":8},"end":{"line":582,"column":8}}]},"15":{"line":653,"type":"if","locations":[{"start":{"line":653,"column":8},"end":{"line":653,"column":8}},{"start":{"line":653,"column":8},"end":{"line":653,"column":8}}]},"16":{"line":654,"type":"if","locations":[{"start":{"line":654,"column":8},"end":{"line":654,"column":8}},{"start":{"line":654,"column":8},"end":{"line":654,"column":8}}]},"17":{"line":658,"type":"if","locations":[{"start":{"line":658,"column":8},"end":{"line":658,"column":8}},{"start":{"line":658,"column":8},"end":{"line":658,"column":8}}]},"18":{"line":662,"type":"if","locations":[{"start":{"line":662,"column":8},"end":{"line":662,"column":8}},{"start":{"line":662,"column":8},"end":{"line":662,"column":8}}]},"19":{"line":666,"type":"if","locations":[{"start":{"line":666,"column":8},"end":{"line":666,"column":8}},{"start":{"line":666,"column":8},"end":{"line":666,"column":8}}]},"20":{"line":686,"type":"if","locations":[{"start":{"line":686,"column":8},"end":{"line":686,"column":8}},{"start":{"line":686,"column":8},"end":{"line":686,"column":8}}]},"21":{"line":705,"type":"if","locations":[{"start":{"line":705,"column":8},"end":{"line":705,"column":8}},{"start":{"line":705,"column":8},"end":{"line":705,"column":8}}]},"22":{"line":706,"type":"if","locations":[{"start":{"line":706,"column":8},"end":{"line":706,"column":8}},{"start":{"line":706,"column":8},"end":{"line":706,"column":8}}]},"23":{"line":709,"type":"if","locations":[{"start":{"line":709,"column":8},"end":{"line":709,"column":8}},{"start":{"line":709,"column":8},"end":{"line":709,"column":8}}]},"24":{"line":726,"type":"if","locations":[{"start":{"line":726,"column":8},"end":{"line":726,"column":8}},{"start":{"line":726,"column":8},"end":{"line":726,"column":8}}]},"25":{"line":815,"type":"if","locations":[{"start":{"line":815,"column":8},"end":{"line":815,"column":8}},{"start":{"line":815,"column":8},"end":{"line":815,"column":8}}]},"26":{"line":816,"type":"if","locations":[{"start":{"line":816,"column":8},"end":{"line":816,"column":8}},{"start":{"line":816,"column":8},"end":{"line":816,"column":8}}]},"27":{"line":841,"type":"if","locations":[{"start":{"line":841,"column":8},"end":{"line":841,"column":8}},{"start":{"line":841,"column":8},"end":{"line":841,"column":8}}]},"28":{"line":879,"type":"if","locations":[{"start":{"line":879,"column":8},"end":{"line":879,"column":8}},{"start":{"line":879,"column":8},"end":{"line":879,"column":8}}]},"29":{"line":880,"type":"if","locations":[{"start":{"line":880,"column":8},"end":{"line":880,"column":8}},{"start":{"line":880,"column":8},"end":{"line":880,"column":8}}]},"30":{"line":881,"type":"if","locations":[{"start":{"line":881,"column":8},"end":{"line":881,"column":8}},{"start":{"line":881,"column":8},"end":{"line":881,"column":8}}]},"31":{"line":938,"type":"if","locations":[{"start":{"line":938,"column":8},"end":{"line":938,"column":8}},{"start":{"line":938,"column":8},"end":{"line":938,"column":8}}]},"32":{"line":939,"type":"if","locations":[{"start":{"line":939,"column":8},"end":{"line":939,"column":8}},{"start":{"line":939,"column":8},"end":{"line":939,"column":8}}]},"33":{"line":948,"type":"if","locations":[{"start":{"line":948,"column":8},"end":{"line":948,"column":8}},{"start":{"line":948,"column":8},"end":{"line":948,"column":8}}]},"34":{"line":1014,"type":"if","locations":[{"start":{"line":1014,"column":8},"end":{"line":1014,"column":8}},{"start":{"line":1014,"column":8},"end":{"line":1014,"column":8}}]},"35":{"line":1021,"type":"if","locations":[{"start":{"line":1021,"column":8},"end":{"line":1021,"column":8}},{"start":{"line":1021,"column":8},"end":{"line":1021,"column":8}}]},"36":{"line":1103,"type":"if","locations":[{"start":{"line":1103,"column":8},"end":{"line":1103,"column":8}},{"start":{"line":1103,"column":8},"end":{"line":1103,"column":8}}]},"37":{"line":1116,"type":"if","locations":[{"start":{"line":1116,"column":8},"end":{"line":1116,"column":8}},{"start":{"line":1116,"column":8},"end":{"line":1116,"column":8}}]},"38":{"line":1122,"type":"if","locations":[{"start":{"line":1122,"column":8},"end":{"line":1122,"column":8}},{"start":{"line":1122,"column":8},"end":{"line":1122,"column":8}}]},"39":{"line":1126,"type":"if","locations":[{"start":{"line":1126,"column":12},"end":{"line":1126,"column":12}},{"start":{"line":1126,"column":12},"end":{"line":1126,"column":12}}]},"40":{"line":1197,"type":"if","locations":[{"start":{"line":1197,"column":8},"end":{"line":1197,"column":8}},{"start":{"line":1197,"column":8},"end":{"line":1197,"column":8}}]},"41":{"line":1259,"type":"if","locations":[{"start":{"line":1259,"column":8},"end":{"line":1259,"column":8}},{"start":{"line":1259,"column":8},"end":{"line":1259,"column":8}}]},"42":{"line":1262,"type":"if","locations":[{"start":{"line":1262,"column":12},"end":{"line":1262,"column":12}},{"start":{"line":1262,"column":12},"end":{"line":1262,"column":12}}]},"43":{"line":1315,"type":"if","locations":[{"start":{"line":1315,"column":8},"end":{"line":1315,"column":8}},{"start":{"line":1315,"column":8},"end":{"line":1315,"column":8}}]},"44":{"line":1338,"type":"if","locations":[{"start":{"line":1338,"column":8},"end":{"line":1338,"column":8}},{"start":{"line":1338,"column":8},"end":{"line":1338,"column":8}}]},"45":{"line":1478,"type":"if","locations":[{"start":{"line":1478,"column":8},"end":{"line":1478,"column":8}},{"start":{"line":1478,"column":8},"end":{"line":1478,"column":8}}]},"46":{"line":1485,"type":"if","locations":[{"start":{"line":1485,"column":8},"end":{"line":1485,"column":8}},{"start":{"line":1485,"column":8},"end":{"line":1485,"column":8}}]},"47":{"line":1491,"type":"if","locations":[{"start":{"line":1491,"column":8},"end":{"line":1491,"column":8}},{"start":{"line":1491,"column":8},"end":{"line":1491,"column":8}}]},"48":{"line":1731,"type":"if","locations":[{"start":{"line":1731,"column":8},"end":{"line":1731,"column":8}},{"start":{"line":1731,"column":8},"end":{"line":1731,"column":8}}]},"49":{"line":1775,"type":"if","locations":[{"start":{"line":1775,"column":8},"end":{"line":1775,"column":8}},{"start":{"line":1775,"column":8},"end":{"line":1775,"column":8}}]},"50":{"line":1819,"type":"if","locations":[{"start":{"line":1819,"column":8},"end":{"line":1819,"column":8}},{"start":{"line":1819,"column":8},"end":{"line":1819,"column":8}}]},"51":{"line":1862,"type":"if","locations":[{"start":{"line":1862,"column":8},"end":{"line":1862,"column":8}},{"start":{"line":1862,"column":8},"end":{"line":1862,"column":8}}]},"52":{"line":1893,"type":"if","locations":[{"start":{"line":1893,"column":8},"end":{"line":1893,"column":8}},{"start":{"line":1893,"column":8},"end":{"line":1893,"column":8}}]},"53":{"line":1911,"type":"if","locations":[{"start":{"line":1911,"column":8},"end":{"line":1911,"column":8}},{"start":{"line":1911,"column":8},"end":{"line":1911,"column":8}}]},"54":{"line":1931,"type":"if","locations":[{"start":{"line":1931,"column":8},"end":{"line":1931,"column":8}},{"start":{"line":1931,"column":8},"end":{"line":1931,"column":8}}]},"55":{"line":1935,"type":"if","locations":[{"start":{"line":1935,"column":8},"end":{"line":1935,"column":8}},{"start":{"line":1935,"column":8},"end":{"line":1935,"column":8}}]},"56":{"line":2024,"type":"if","locations":[{"start":{"line":2024,"column":8},"end":{"line":2024,"column":8}},{"start":{"line":2024,"column":8},"end":{"line":2024,"column":8}}]},"57":{"line":2034,"type":"if","locations":[{"start":{"line":2034,"column":8},"end":{"line":2034,"column":8}},{"start":{"line":2034,"column":8},"end":{"line":2034,"column":8}}]},"58":{"line":2084,"type":"if","locations":[{"start":{"line":2084,"column":8},"end":{"line":2084,"column":8}},{"start":{"line":2084,"column":8},"end":{"line":2084,"column":8}}]}}},"contracts\\7\\forwarder\\MinimalForwarder.sol":{"l":{"33":0,"37":0,"46":0,"50":0,"51":0,"54":0,"57":0,"59":0},"path":"C:\\Users\\mundh\\Documents\\Biconomy\\mexa\\contracts\\7\\forwarder\\MinimalForwarder.sol","s":{"1":0,"2":0,"3":0,"4":0,"5":0,"6":0,"7":0,"8":0},"b":{"1":[0,0]},"f":{"1":0,"2":0,"3":0,"4":0},"fnMap":{"1":{"name":"constructor","line":30,"loc":{"start":{"line":30,"column":4},"end":{"line":30,"column":55}}},"2":{"name":"getNonce","line":32,"loc":{"start":{"line":32,"column":4},"end":{"line":34,"column":4}}},"3":{"name":"verify","line":36,"loc":{"start":{"line":36,"column":4},"end":{"line":47,"column":4}}},"4":{"name":"execute","line":49,"loc":{"start":{"line":49,"column":4},"end":{"line":60,"column":4}}}},"statementMap":{"1":{"start":{"line":33,"column":8},"end":{"line":33,"column":28}},"2":{"start":{"line":37,"column":8},"end":{"line":37,"column":1230}},"3":{"start":{"line":46,"column":8},"end":{"line":46,"column":67}},"4":{"start":{"line":50,"column":8},"end":{"line":50,"column":92}},"5":{"start":{"line":51,"column":8},"end":{"line":51,"column":40}},"6":{"start":{"line":54,"column":8},"end":{"line":54,"column":131}},"7":{"start":{"line":57,"column":8},"end":{"line":57,"column":39}},"8":{"start":{"line":59,"column":8},"end":{"line":59,"column":36}}},"branchMap":{"1":{"line":50,"type":"if","locations":[{"start":{"line":50,"column":8},"end":{"line":50,"column":8}},{"start":{"line":50,"column":8},"end":{"line":50,"column":8}}]}}}}